[0.014s] Invoking command in '/home/devuser/AOX/ros_ws/cpp_pubsub/build/cpp_pubsub': CMAKE_PREFIX_PATH=${CMAKE_PREFIX_PATH}:/opt/ros/humble /usr/bin/cmake --build /home/devuser/AOX/ros_ws/cpp_pubsub/build/cpp_pubsub -- -j8 -l8
[0.048s] [35m[1mConsolidate compiler generated dependencies of target listener[0m
[0.048s] [35m[1mConsolidate compiler generated dependencies of target watchdog[0m
[0.058s] [ 33%] Built target talker
[0.061s] [ 50%] [32mBuilding CXX object CMakeFiles/watchdog.dir/src/watchdog.cpp.o[0m
[0.061s] [ 66%] [32mBuilding CXX object CMakeFiles/listener.dir/src/subscriber_member_function.cpp.o[0m
[1.893s] [01m[K/home/devuser/AOX/ros_ws/cpp_pubsub/src/subscriber_member_function.cpp:[m[K In function â€˜[01m[Kvoid notify(std::shared_ptr<tutorial_interfaces::srv::Empty_Request_<std::allocator<void> > >, std::shared_ptr<tutorial_interfaces::srv::Empty_Response_<std::allocator<void> > >)[m[Kâ€™:
[1.893s] [01m[K/home/devuser/AOX/ros_ws/cpp_pubsub/src/subscriber_member_function.cpp:12:77:[m[K [01;35m[Kwarning: [m[Kunused parameter â€˜[01m[Krequest[m[Kâ€™ [[01;35m[K]8;;https://gcc.gnu.org/onlinedocs/gcc/Warning-Options.html#index-Wunused-parameter-Wunused-parameter]8;;[m[K]
[1.893s]    12 | void notify([01;35m[Kconst std::shared_ptr<tutorial_interfaces::srv::Empty::Request> request[m[K,
[1.893s]       |             [01;35m[K~~~~~~~~~~~~~~~~~~~~~~~~~~~~~~~~~~~~~~~~~~~~~~~~~~~~~~~~~~~~~~~~^~~~~~~[m[K
[1.893s] [01m[K/home/devuser/AOX/ros_ws/cpp_pubsub/src/subscriber_member_function.cpp:13:75:[m[K [01;35m[Kwarning: [m[Kunused parameter â€˜[01m[Kresponse[m[Kâ€™ [[01;35m[K]8;;https://gcc.gnu.org/onlinedocs/gcc/Warning-Options.html#index-Wunused-parameter-Wunused-parameter]8;;[m[K]
[1.893s]    13 |           [01;35m[Kstd::shared_ptr<tutorial_interfaces::srv::Empty::Response>      response[m[K)
[1.894s]       |           [01;35m[K~~~~~~~~~~~~~~~~~~~~~~~~~~~~~~~~~~~~~~~~~~~~~~~~~~~~~~~~~~~~~~~~^~~~~~~~[m[K
[1.898s] [01m[K/home/devuser/AOX/ros_ws/cpp_pubsub/src/subscriber_member_function.cpp:[m[K At global scope:
[1.898s] [01m[K/home/devuser/AOX/ros_ws/cpp_pubsub/src/subscriber_member_function.cpp:17:32:[m[K [01;31m[Kerror: [m[Kâ€˜[01m[Kexample_interfaces[m[Kâ€™ was not declared in this scope; did you mean â€˜[01m[Krcl_interfaces[m[Kâ€™?
[1.898s]    17 | void add(const std::shared_ptr<[01;31m[Kexample_interfaces[m[K::srv::AddTwoInts::Request> request,
[1.898s]       |                                [01;31m[K^~~~~~~~~~~~~~~~~~[m[K
[1.899s]       |                                [32m[Krcl_interfaces[m[K
[1.899s] [01m[K/home/devuser/AOX/ros_ws/cpp_pubsub/src/subscriber_member_function.cpp:17:76:[m[K [01;31m[Kerror: [m[Ktemplate argument 1 is invalid
[1.899s]    17 | void add(const std::shared_ptr<example_interfaces::srv::AddTwoInts::Request[01;31m[K>[m[K request,
[1.899s]       |                                                                            [01;31m[K^[m[K
[1.903s] [01m[K/home/devuser/AOX/ros_ws/cpp_pubsub/src/subscriber_member_function.cpp:17:32:[m[K [01;31m[Kerror: [m[Kâ€˜[01m[Kexample_interfaces[m[Kâ€™ was not declared in this scope; did you mean â€˜[01m[Krcl_interfaces[m[Kâ€™?
[1.903s]    17 | void add(const std::shared_ptr<[01;31m[Kexample_interfaces[m[K::srv::AddTwoInts::Request> request,
[1.903s]       |                                [01;31m[K^~~~~~~~~~~~~~~~~~[m[K
[1.903s]       |                                [32m[Krcl_interfaces[m[K
[1.904s] [01m[K/home/devuser/AOX/ros_ws/cpp_pubsub/src/subscriber_member_function.cpp:17:76:[m[K [01;31m[Kerror: [m[Ktemplate argument 1 is invalid
[1.904s]    17 | void add(const std::shared_ptr<example_interfaces::srv::AddTwoInts::Request[01;31m[K>[m[K request,
[1.904s]       |                                                                            [01;31m[K^[m[K
[1.908s] [01m[K/home/devuser/AOX/ros_ws/cpp_pubsub/src/subscriber_member_function.cpp:17:32:[m[K [01;31m[Kerror: [m[Kâ€˜[01m[Kexample_interfaces[m[Kâ€™ was not declared in this scope; did you mean â€˜[01m[Krcl_interfaces[m[Kâ€™?
[1.908s]    17 | void add(const std::shared_ptr<[01;31m[Kexample_interfaces[m[K::srv::AddTwoInts::Request> request,
[1.908s]       |                                [01;31m[K^~~~~~~~~~~~~~~~~~[m[K
[1.908s]       |                                [32m[Krcl_interfaces[m[K
[1.908s] [01m[K/home/devuser/AOX/ros_ws/cpp_pubsub/src/subscriber_member_function.cpp:17:76:[m[K [01;31m[Kerror: [m[Ktemplate argument 1 is invalid
[1.909s]    17 | void add(const std::shared_ptr<example_interfaces::srv::AddTwoInts::Request[01;31m[K>[m[K request,
[1.909s]       |                                                                            [01;31m[K^[m[K
[1.909s] [01m[K/home/devuser/AOX/ros_ws/cpp_pubsub/src/subscriber_member_function.cpp:17:16:[m[K [01;31m[Kerror: [m[Kinvalid template-id
[1.909s]    17 | void add(const [01;31m[Kstd[m[K::shared_ptr<example_interfaces::srv::AddTwoInts::Request> request,
[1.909s]       |                [01;31m[K^~~[m[K
[1.913s] [01m[K/home/devuser/AOX/ros_ws/cpp_pubsub/src/subscriber_member_function.cpp:17:32:[m[K [01;31m[Kerror: [m[Kâ€˜[01m[Kexample_interfaces[m[Kâ€™ was not declared in this scope; did you mean â€˜[01m[Krcl_interfaces[m[Kâ€™?
[1.913s]    17 | void add(const std::shared_ptr<[01;31m[Kexample_interfaces[m[K::srv::AddTwoInts::Request> request,
[1.913s]       |                                [01;31m[K^~~~~~~~~~~~~~~~~~[m[K
[1.913s]       |                                [32m[Krcl_interfaces[m[K
[1.913s] [01m[K/home/devuser/AOX/ros_ws/cpp_pubsub/src/subscriber_member_function.cpp:17:6:[m[K [01;31m[Kerror: [m[Kvariable or field â€˜[01m[Kadd[m[Kâ€™ declared void
[1.914s]    17 | void [01;31m[Kadd[m[K(const std::shared_ptr<example_interfaces::srv::AddTwoInts::Request> request,
[1.914s]       |      [01;31m[K^~~[m[K
[1.914s] [01m[K/home/devuser/AOX/ros_ws/cpp_pubsub/src/subscriber_member_function.cpp:17:10:[m[K [01;31m[Kerror: [m[Kexpected primary-expression before â€˜[01m[Kconst[m[Kâ€™
[1.914s]    17 | void add([01;31m[Kconst[m[K std::shared_ptr<example_interfaces::srv::AddTwoInts::Request> request,
[1.914s]       |          [01;31m[K^~~~~[m[K
[1.918s] [01m[K/home/devuser/AOX/ros_ws/cpp_pubsub/src/subscriber_member_function.cpp:18:27:[m[K [01;31m[Kerror: [m[Kâ€˜[01m[Kexample_interfaces[m[Kâ€™ was not declared in this scope; did you mean â€˜[01m[Krcl_interfaces[m[Kâ€™?
[1.919s]    18 |           std::shared_ptr<[01;31m[Kexample_interfaces[m[K::srv::AddTwoInts::Response>      response)
[1.919s]       |                           [01;31m[K^~~~~~~~~~~~~~~~~~[m[K
[1.919s]       |                           [32m[Krcl_interfaces[m[K
[1.919s] [01m[K/home/devuser/AOX/ros_ws/cpp_pubsub/src/subscriber_member_function.cpp:18:72:[m[K [01;31m[Kerror: [m[Ktemplate argument 1 is invalid
[1.919s]    18 |           std::shared_ptr<example_interfaces::srv::AddTwoInts::Response[01;31m[K>[m[K      response)
[1.919s]       |                                                                        [01;31m[K^[m[K
[1.961s] In file included from [01m[K/opt/ros/humble/include/rclcpp/rclcpp/logging.hpp:24[m[K,
[1.961s]                  from [01m[K/opt/ros/humble/include/rclcpp/rclcpp/client.hpp:40[m[K,
[1.961s]                  from [01m[K/opt/ros/humble/include/rclcpp/rclcpp/callback_group.hpp:24[m[K,
[1.961s]                  from [01m[K/opt/ros/humble/include/rclcpp/rclcpp/any_executable.hpp:20[m[K,
[1.961s]                  from [01m[K/opt/ros/humble/include/rclcpp/rclcpp/memory_strategy.hpp:25[m[K,
[1.961s]                  from [01m[K/opt/ros/humble/include/rclcpp/rclcpp/memory_strategies.hpp:18[m[K,
[1.961s]                  from [01m[K/opt/ros/humble/include/rclcpp/rclcpp/executor_options.hpp:20[m[K,
[1.961s]                  from [01m[K/opt/ros/humble/include/rclcpp/rclcpp/executor.hpp:37[m[K,
[1.962s]                  from [01m[K/opt/ros/humble/include/rclcpp/rclcpp/executors/multi_threaded_executor.hpp:25[m[K,
[1.962s]                  from [01m[K/opt/ros/humble/include/rclcpp/rclcpp/executors.hpp:21[m[K,
[1.962s]                  from [01m[K/opt/ros/humble/include/rclcpp/rclcpp/rclcpp.hpp:155[m[K,
[1.962s]                  from [01m[K/home/devuser/AOX/ros_ws/cpp_pubsub/src/subscriber_member_function.cpp:3[m[K:
[1.962s] [01m[K/home/devuser/AOX/ros_ws/cpp_pubsub/src/subscriber_member_function.cpp:[m[K In member function â€˜[01m[Kvoid MinimalSubscriber::topic_callback(tutorial_interfaces::msg::Num_<std::allocator<void> >::SharedPtr) const[m[Kâ€™:
[1.962s] [01m[K/home/devuser/AOX/ros_ws/cpp_pubsub/src/subscriber_member_function.cpp:49:37:[m[K [01;35m[Kwarning: [m[Kformat â€˜[01m[K%d[m[Kâ€™ expects argument of type â€˜[01m[Kint[m[Kâ€™, but argument 5 has type â€˜[01m[Ktutorial_interfaces::msg::Num_<std::allocator<void> >::_num_type[m[Kâ€™ {aka â€˜[01m[Klong int[m[Kâ€™} [[01;35m[K]8;;https://gcc.gnu.org/onlinedocs/gcc/Warning-Options.html#index-Wformat=-Wformat=]8;;[m[K]
[1.962s]    49 |     RCLCPP_INFO(this->get_logger(), [01;35m[K"I heard: '%d'"[m[K, [32m[Kmsg->num[m[K);              // CHANGE
[1.962s]       |                                     [01;35m[K^~~~~~~~~~~~~~~[m[K  [32m[K~~~~~~~~[m[K
[1.962s]       |                                                           [32m[K|[m[K
[1.962s]       |                                                           [32m[Ktutorial_interfaces::msg::Num_<std::allocator<void> >::_num_type {aka long int}[m[K
[1.962s] [01m[K/home/devuser/AOX/ros_ws/cpp_pubsub/src/subscriber_member_function.cpp:49:49:[m[K [01;36m[Knote: [m[Kformat string is defined here
[1.962s]    49 |     RCLCPP_INFO(this->get_logger(), "I heard: '[01;36m[K%d[m[K'", msg->num);              // CHANGE
[1.962s]       |                                                [01;36m[K~^[m[K
[1.963s]       |                                                 [01;36m[K|[m[K
[1.963s]       |                                                 [01;36m[Kint[m[K
[1.963s]       |                                                [32m[K%ld[m[K
[1.964s] [01m[K/home/devuser/AOX/ros_ws/cpp_pubsub/src/subscriber_member_function.cpp:[m[K In function â€˜[01m[Kint main(int, char**)[m[Kâ€™:
[1.964s] [01m[K/home/devuser/AOX/ros_ws/cpp_pubsub/src/subscriber_member_function.cpp:63:37:[m[K [01;31m[Kerror: [m[Kredeclaration of â€˜[01m[Kstd::shared_ptr<rclcpp::Node> node[m[Kâ€™
[1.964s]    63 |       std::shared_ptr<rclcpp::Node> [01;31m[Knode[m[K = rclcpp::Node::make_shared("add_two_ints_server");
[1.965s]       |                                     [01;31m[K^~~~[m[K
[1.965s] [01m[K/home/devuser/AOX/ros_ws/cpp_pubsub/src/subscriber_member_function.cpp:58:33:[m[K [01;36m[Knote: [m[Kâ€˜[01m[Kstd::shared_ptr<rclcpp::Node> node[m[Kâ€™ previously declared here
[1.965s]    58 |   std::shared_ptr<rclcpp::Node> [01;36m[Knode[m[K=std::make_shared<MinimalSubscriber>();
[1.965s]       |                                 [01;36m[K^~~~[m[K
[1.965s] [01m[K/home/devuser/AOX/ros_ws/cpp_pubsub/src/subscriber_member_function.cpp:65:45:[m[K [01;31m[Kerror: [m[Kâ€˜[01m[KAddThreeInts[m[Kâ€™ is not a member of â€˜[01m[Ktutorial_interfaces::srv[m[Kâ€™
[1.965s]    65 |   rclcpp::Service<tutorial_interfaces::srv::[01;31m[KAddThreeInts[m[K>::SharedPtr service =
[1.965s]       |                                             [01;31m[K^~~~~~~~~~~~[m[K
[1.965s] [01m[K/home/devuser/AOX/ros_ws/cpp_pubsub/src/subscriber_member_function.cpp:65:57:[m[K [01;31m[Kerror: [m[Ktemplate argument 1 is invalid
[1.965s]    65 |   rclcpp::Service<tutorial_interfaces::srv::AddThreeInts[01;31m[K>[m[K::SharedPtr service =
[1.965s]       |                                                         [01;31m[K^[m[K
[1.965s] [01m[K/home/devuser/AOX/ros_ws/cpp_pubsub/src/subscriber_member_function.cpp:65:70:[m[K [01;31m[Kerror: [m[Kexpected initializer before â€˜[01m[Kservice[m[Kâ€™
[1.966s]    65 |   rclcpp::Service<tutorial_interfaces::srv::AddThreeInts>::SharedPtr [01;31m[Kservice[m[K =
[1.966s]       |                                                                      [01;31m[K^~~~~~~[m[K
[2.238s] [01m[K/home/devuser/AOX/ros_ws/cpp_pubsub/src/watchdog.cpp:[m[K In member function â€˜[01m[Kvoid WatchdogNode::checkPublisherStatus()[m[Kâ€™:
[2.238s] [01m[K/home/devuser/AOX/ros_ws/cpp_pubsub/src/watchdog.cpp:42:20:[m[K [01;31m[Kerror: [m[Kâ€˜[01m[Kargc[m[Kâ€™ was not declared in this scope
[2.238s]    42 |       rclcpp::init([01;31m[Kargc[m[K, argv);
[2.238s]       |                    [01;31m[K^~~~[m[K
[2.242s] [01m[K/home/devuser/AOX/ros_ws/cpp_pubsub/src/watchdog.cpp:42:26:[m[K [01;31m[Kerror: [m[Kâ€˜[01m[Kargv[m[Kâ€™ was not declared in this scope
[2.242s]    42 |       rclcpp::init(argc, [01;31m[Kargv[m[K);
[2.243s]       |                          [01;31m[K^~~~[m[K
[2.243s] [01m[K/home/devuser/AOX/ros_ws/cpp_pubsub/src/watchdog.cpp:46:14:[m[K [01;31m[Kerror: [m[Kreturn-statement with a value, in function returning â€˜[01m[Kvoid[m[Kâ€™ [[01;31m[K]8;;https://gcc.gnu.org/onlinedocs/gcc/Warning-Options.html#index-fpermissive-fpermissive]8;;[m[K]
[2.243s]    46 |       return [01;31m[K1[m[K;
[2.243s]       |              [01;31m[K^[m[K
[2.251s] [01m[K/home/devuser/AOX/ros_ws/cpp_pubsub/src/watchdog.cpp:50:18:[m[K [01;31m[Kerror: [m[Kâ€˜[01m[Kexample_interfaces[m[Kâ€™ was not declared in this scope; did you mean â€˜[01m[Krcl_interfaces[m[Kâ€™?
[2.251s]    50 |   rclcpp::Client<[01;31m[Kexample_interfaces[m[K::srv::AddThreeInts>::SharedPtr client =
[2.251s]       |                  [01;31m[K^~~~~~~~~~~~~~~~~~[m[K
[2.251s]       |                  [32m[Krcl_interfaces[m[K
[2.251s] [01m[K/home/devuser/AOX/ros_ws/cpp_pubsub/src/watchdog.cpp:50:55:[m[K [01;31m[Kerror: [m[Ktemplate argument 1 is invalid
[2.251s]    50 |   rclcpp::Client<example_interfaces::srv::AddThreeInts[01;31m[K>[m[K::SharedPtr client =
[2.251s]       |                                                       [01;31m[K^[m[K
[2.251s] [01m[K/home/devuser/AOX/ros_ws/cpp_pubsub/src/watchdog.cpp:50:68:[m[K [01;31m[Kerror: [m[Kqualified-id in declaration before â€˜[01m[Kclient[m[Kâ€™
[2.251s]    50 |   rclcpp::Client<example_interfaces::srv::AddThreeInts>::SharedPtr [01;31m[Kclient[m[K =
[2.251s]       |                                                                    [01;31m[K^~~~~~[m[K
[2.252s] [01m[K/home/devuser/AOX/ros_ws/cpp_pubsub/src/watchdog.cpp:53:61:[m[K [01;31m[Kerror: [m[Kâ€˜[01m[KAddThreeInts[m[Kâ€™ is not a member of â€˜[01m[Ktutorial_interfaces::srv[m[Kâ€™
[2.252s]    53 |   auto request = std::make_shared<tutorial_interfaces::srv::[01;31m[KAddThreeInts[m[K::Request>();
[2.252s]       |                                                             [01;31m[K^~~~~~~~~~~~[m[K
[2.252s] [01m[K/home/devuser/AOX/ros_ws/cpp_pubsub/src/watchdog.cpp:53:23:[m[K [01;31m[Kerror: [m[Kparse error in template argument list
[2.252s]    53 |   auto request = std::[01;31m[Kmake_shared<tutorial_interfaces::srv::AddThreeInts::Request>[m[K();
[2.252s]       |                       [01;31m[K^~~~~~~~~~~~~~~~~~~~~~~~~~~~~~~~~~~~~~~~~~~~~~~~~~~~~~~~~~~~[m[K
[2.252s] [01m[K/home/devuser/AOX/ros_ws/cpp_pubsub/src/watchdog.cpp:53:83:[m[K [01;31m[Kerror: [m[Kno matching function for call to â€˜[01m[Kmake_shared<<expression error> >()[m[Kâ€™
[2.252s]    53 |   auto request = [01;31m[Kstd::make_shared<tutorial_interfaces::srv::AddThreeInts::Request>()[m[K;
[2.252s]       |                  [01;31m[K~~~~~~~~~~~~~~~~~~~~~~~~~~~~~~~~~~~~~~~~~~~~~~~~~~~~~~~~~~~~~~~~~^~[m[K
[2.252s] In file included from [01m[K/usr/include/c++/11/memory:77[m[K,
[2.252s]                  from [01m[K/opt/ros/humble/include/rclcpp/rclcpp/rclcpp.hpp:153[m[K,
[2.252s]                  from [01m[K/home/devuser/AOX/ros_ws/cpp_pubsub/src/watchdog.cpp:1[m[K:
[2.252s] [01m[K/usr/include/c++/11/bits/shared_ptr.h:875:5:[m[K [01;36m[Knote: [m[Kcandidate: â€˜[01m[Ktemplate<class _Tp, class ... _Args> std::shared_ptr<_Tp> std::make_shared(_Args&& ...)[m[Kâ€™
[2.252s]   875 |     [01;36m[Kmake_shared[m[K(_Args&&... __args)
[2.253s]       |     [01;36m[K^~~~~~~~~~~[m[K
[2.253s] [01m[K/usr/include/c++/11/bits/shared_ptr.h:875:5:[m[K [01;36m[Knote: [m[K  template argument deduction/substitution failed:
[2.253s] [01m[K/home/devuser/AOX/ros_ws/cpp_pubsub/src/watchdog.cpp:53:83:[m[K [01;31m[Kerror: [m[Ktemplate argument 1 is invalid
[2.253s]    53 |   auto request = [01;31m[Kstd::make_shared<tutorial_interfaces::srv::AddThreeInts::Request>()[m[K;
[2.253s]       |                  [01;31m[K~~~~~~~~~~~~~~~~~~~~~~~~~~~~~~~~~~~~~~~~~~~~~~~~~~~~~~~~~~~~~~~~~^~[m[K
[2.256s] [01m[K/home/devuser/AOX/ros_ws/cpp_pubsub/src/watchdog.cpp:57:11:[m[K [01;31m[Kerror: [m[Kâ€˜[01m[Kclient[m[Kâ€™ was not declared in this scope
[2.256s]    57 |   while (![01;31m[Kclient[m[K->wait_for_service(1s)) {
[2.257s]       |           [01;31m[K^~~~~~[m[K
[2.257s] [01m[K/home/devuser/AOX/ros_ws/cpp_pubsub/src/watchdog.cpp:57:36:[m[K [01;31m[Kerror: [m[Kunable to find numeric literal operator â€˜[01m[Koperator""s[m[Kâ€™
[2.257s]    57 |   while (!client->wait_for_service([01;31m[K1s[m[K)) {
[2.257s]       |                                    [01;31m[K^~[m[K
[2.257s] [01m[K/home/devuser/AOX/ros_ws/cpp_pubsub/src/watchdog.cpp:60:14:[m[K [01;31m[Kerror: [m[Kreturn-statement with a value, in function returning â€˜[01m[Kvoid[m[Kâ€™ [[01;31m[K]8;;https://gcc.gnu.org/onlinedocs/gcc/Warning-Options.html#index-fpermissive-fpermissive]8;;[m[K]
[2.257s]    60 |       return [01;31m[K0[m[K;
[2.257s]       |              [01;31m[K^[m[K
[2.262s] [01m[K/home/devuser/AOX/ros_ws/cpp_pubsub/src/watchdog.cpp:65:17:[m[K [01;31m[Kerror: [m[Kâ€˜[01m[Kclient[m[Kâ€™ was not declared in this scope
[2.262s]    65 |   auto result = [01;31m[Kclient[m[K->async_send_request(request);
[2.262s]       |                 [01;31m[K^~~~~~[m[K
[2.266s] [01m[K/home/devuser/AOX/ros_ws/cpp_pubsub/src/watchdog.cpp:67:42:[m[K [01;31m[Kerror: [m[Kâ€˜[01m[Knode[m[Kâ€™ was not declared in this scope; did you mean â€˜[01m[KNode[m[Kâ€™?
[2.266s]    67 |   if (rclcpp::spin_until_future_complete([01;31m[Knode[m[K, result) ==
[2.266s]       |                                          [01;31m[K^~~~[m[K
[2.266s]       |                                          [32m[KNode[m[K
[3.858s] gmake[2]: *** [CMakeFiles/listener.dir/build.make:76: CMakeFiles/listener.dir/src/subscriber_member_function.cpp.o] Error 1
[3.858s] gmake[1]: *** [CMakeFiles/Makefile2:167: CMakeFiles/listener.dir/all] Error 2
[3.858s] gmake[1]: *** Waiting for unfinished jobs....
[4.186s] gmake[2]: *** [CMakeFiles/watchdog.dir/build.make:76: CMakeFiles/watchdog.dir/src/watchdog.cpp.o] Error 1
[4.186s] gmake[1]: *** [CMakeFiles/Makefile2:193: CMakeFiles/watchdog.dir/all] Error 2
[4.186s] gmake: *** [Makefile:146: all] Error 2
[4.188s] Invoked command in '/home/devuser/AOX/ros_ws/cpp_pubsub/build/cpp_pubsub' returned '2': CMAKE_PREFIX_PATH=${CMAKE_PREFIX_PATH}:/opt/ros/humble /usr/bin/cmake --build /home/devuser/AOX/ros_ws/cpp_pubsub/build/cpp_pubsub -- -j8 -l8
