[0.013s] Invoking command in '/home/devuser/AOX/ros_ws/syncasyn/build/syncasyn': CMAKE_PREFIX_PATH=${CMAKE_PREFIX_PATH}:/opt/ros/humble /usr/bin/cmake --build /home/devuser/AOX/ros_ws/syncasyn/build/syncasyn -- -j8 -l8
[0.044s] [35m[1mConsolidate compiler generated dependencies of target executor[0m
[0.057s] [ 50%] [32mBuilding CXX object CMakeFiles/executor.dir/src/executors.cpp.o[0m
[1.613s] [01m[K/home/devuser/AOX/ros_ws/syncasyn/src/executors.cpp:[m[K In constructor â€˜[01m[KExecutor::Executor()[m[Kâ€™:
[1.614s] [01m[K/home/devuser/AOX/ros_ws/syncasyn/src/executors.cpp:25:7:[m[K [01;31m[Kerror: [m[Kâ€˜[01m[Ktimer1_[m[Kâ€™ was not declared in this scope; did you mean â€˜[01m[Ktimer_[m[Kâ€™?
[1.614s]    25 |       [01;31m[Ktimer1_[m[K = this->create_wall_timer(
[1.614s]       |       [01;31m[K^~~~~~~[m[K
[1.614s]       |       [32m[Ktimer_[m[K
[2.192s] gmake[2]: *** [CMakeFiles/executor.dir/build.make:76: CMakeFiles/executor.dir/src/executors.cpp.o] Error 1
[2.192s] gmake[1]: *** [CMakeFiles/Makefile2:137: CMakeFiles/executor.dir/all] Error 2
[2.192s] gmake: *** [Makefile:146: all] Error 2
[2.193s] Invoked command in '/home/devuser/AOX/ros_ws/syncasyn/build/syncasyn' returned '2': CMAKE_PREFIX_PATH=${CMAKE_PREFIX_PATH}:/opt/ros/humble /usr/bin/cmake --build /home/devuser/AOX/ros_ws/syncasyn/build/syncasyn -- -j8 -l8
