[0.017s] Invoking command in '/home/devuser/AOX/ros_ws/cpp_pubsub/build/cpp_pubsub': CMAKE_PREFIX_PATH=${CMAKE_PREFIX_PATH}:/opt/ros/humble /usr/bin/cmake --build /home/devuser/AOX/ros_ws/cpp_pubsub/build/cpp_pubsub -- -j8 -l8
[0.049s] [35m[1mConsolidate compiler generated dependencies of target watchdog[0m
[0.059s] [ 66%] Built target talker
[0.059s] [ 66%] Built target listener
[0.063s] [ 83%] [32mBuilding CXX object CMakeFiles/watchdog.dir/src/watchdog.cpp.o[0m
[1.706s] [01m[K/home/devuser/AOX/ros_ws/cpp_pubsub/src/watchdog.cpp:77:3:[m[K [01;31m[Kerror: [m[KISO C++ forbids declaration of â€˜[01m[Kshutdown[m[Kâ€™ with no type [[01;31m[K]8;;https://gcc.gnu.org/onlinedocs/gcc/Warning-Options.html#index-fpermissive-fpermissive]8;;[m[K]
[1.706s]    77 |   [01;31m[Krclcpp[m[K::shutdown();
[1.706s]       |   [01;31m[K^~~~~~[m[K
[1.706s] [01m[K/home/devuser/AOX/ros_ws/cpp_pubsub/src/watchdog.cpp:77:3:[m[K [01;31m[Kerror: [m[Kinvalid use of â€˜[01m[K::[m[Kâ€™
[1.706s] [01m[K/home/devuser/AOX/ros_ws/cpp_pubsub/src/watchdog.cpp:78:3:[m[K [01;31m[Kerror: [m[Kexpected unqualified-id before â€˜[01m[Kreturn[m[Kâ€™
[1.706s]    78 |   [01;31m[Kreturn[m[K 0;
[1.706s]       |   [01;31m[K^~~~~~[m[K
[1.706s] [01m[K/home/devuser/AOX/ros_ws/cpp_pubsub/src/watchdog.cpp:79:2:[m[K [01;31m[Kerror: [m[Kexpected â€˜[01m[K;[m[Kâ€™ after class definition
[1.706s]    79 | }
[1.706s]       |  [01;31m[K^[m[K
[1.707s]       |  [32m[K;[m[K
[1.715s] [01m[K/home/devuser/AOX/ros_ws/cpp_pubsub/src/watchdog.cpp:[m[K In member function â€˜[01m[Kvoid WatchdogNode::checkPublisherStatus()[m[Kâ€™:
[1.715s] [01m[K/home/devuser/AOX/ros_ws/cpp_pubsub/src/watchdog.cpp:46:33:[m[K [01;31m[Kerror: [m[Ka function-definition is not allowed here before â€˜[01m[K{[m[Kâ€™ token
[1.715s]    46 | int main(int argc, char **argv) [01;31m[K{[m[K
[1.715s]       |                                 [01;31m[K^[m[K
[3.366s] gmake[2]: *** [CMakeFiles/watchdog.dir/build.make:76: CMakeFiles/watchdog.dir/src/watchdog.cpp.o] Error 1
[3.366s] gmake[1]: *** [CMakeFiles/Makefile2:193: CMakeFiles/watchdog.dir/all] Error 2
[3.366s] gmake: *** [Makefile:146: all] Error 2
[3.369s] Invoked command in '/home/devuser/AOX/ros_ws/cpp_pubsub/build/cpp_pubsub' returned '2': CMAKE_PREFIX_PATH=${CMAKE_PREFIX_PATH}:/opt/ros/humble /usr/bin/cmake --build /home/devuser/AOX/ros_ws/cpp_pubsub/build/cpp_pubsub -- -j8 -l8
