[0.015s] Invoking command in '/home/devuser/AOX/ros_ws/cpp_pubsub/build/cpp_pubsub': CMAKE_PREFIX_PATH=${CMAKE_PREFIX_PATH}:/opt/ros/humble /usr/bin/cmake --build /home/devuser/AOX/ros_ws/cpp_pubsub/build/cpp_pubsub -- -j8 -l8
[0.047s] [35m[1mConsolidate compiler generated dependencies of target listener[0m
[0.048s] [35m[1mConsolidate compiler generated dependencies of target watchdog[0m
[0.058s] [ 33%] Built target talker
[0.064s] [ 83%] Built target listener
[0.064s] [ 83%] [32mBuilding CXX object CMakeFiles/watchdog.dir/src/watchdog.cpp.o[0m
[1.738s] [01m[K/home/devuser/AOX/ros_ws/cpp_pubsub/src/watchdog.cpp:53:2:[m[K [01;31m[Kerror: [m[Kexpected â€˜[01m[K}[m[Kâ€™ at end of input
[1.738s]    53 | }
[1.738s]       |  [01;31m[K^[m[K
[1.738s] [01m[K/home/devuser/AOX/ros_ws/cpp_pubsub/src/watchdog.cpp:7:42:[m[K [01;36m[Knote: [m[Kto match this â€˜[01m[K{[m[Kâ€™
[1.739s]     7 | class WatchdogNode : public rclcpp::Node [01;36m[K{[m[K
[1.739s]       |                                          [01;36m[K^[m[K
[1.749s] [01m[K/home/devuser/AOX/ros_ws/cpp_pubsub/src/watchdog.cpp:53:2:[m[K [01;31m[Kerror: [m[Kexpected unqualified-id at end of input
[1.749s]    53 | }
[1.749s]       |  [01;31m[K^[m[K
[3.329s] gmake[2]: *** [CMakeFiles/watchdog.dir/build.make:76: CMakeFiles/watchdog.dir/src/watchdog.cpp.o] Error 1
[3.329s] gmake[1]: *** [CMakeFiles/Makefile2:193: CMakeFiles/watchdog.dir/all] Error 2
[3.330s] gmake: *** [Makefile:146: all] Error 2
[3.332s] Invoked command in '/home/devuser/AOX/ros_ws/cpp_pubsub/build/cpp_pubsub' returned '2': CMAKE_PREFIX_PATH=${CMAKE_PREFIX_PATH}:/opt/ros/humble /usr/bin/cmake --build /home/devuser/AOX/ros_ws/cpp_pubsub/build/cpp_pubsub -- -j8 -l8
