[0.161s] Invoking command in '/home/devuser/AOX/ros_ws/cpp_pubsub/build/cpp_pubsub': CMAKE_PREFIX_PATH=${CMAKE_PREFIX_PATH}:/opt/ros/humble /usr/bin/cmake --build /home/devuser/AOX/ros_ws/cpp_pubsub/build/cpp_pubsub -- -j8 -l8
[0.869s] [35m[1mConsolidate compiler generated dependencies of target talker[0m
[0.877s] [ 50%] Built target listener
[0.882s] [ 75%] [32mBuilding CXX object CMakeFiles/talker.dir/src/publisher_member_function.cpp.o[0m
[2.517s] [01m[K/home/devuser/AOX/ros_ws/cpp_pubsub/src/publisher_member_function.cpp:29:47:[m[K [01;31m[Kerror: [m[Kâ€˜[01m[KNum[m[Kâ€™ is not a member of â€˜[01m[Ktutorial_interfaces::msg[m[Kâ€™
[2.517s]    29 |   rclcpp::Publisher<tutorial_interfaces::msg::[01;31m[KNum[m[K>::SharedPtr publisher_; // CHANGE
[2.517s]       |                                               [01;31m[K^~~[m[K
[2.517s] [01m[K/home/devuser/AOX/ros_ws/cpp_pubsub/src/publisher_member_function.cpp:29:50:[m[K [01;31m[Kerror: [m[Ktemplate argument 1 is invalid
[2.517s]    29 |   rclcpp::Publisher<tutorial_interfaces::msg::Num[01;31m[K>[m[K::SharedPtr publisher_; // CHANGE
[2.518s]       |                                                  [01;31m[K^[m[K
[2.518s] [01m[K/home/devuser/AOX/ros_ws/cpp_pubsub/src/publisher_member_function.cpp:29:53:[m[K [01;31m[Kerror: [m[Kexpected â€˜[01m[K;[m[Kâ€™ at end of member declaration
[2.518s]    29 |   rclcpp::Publisher<tutorial_interfaces::msg::Num>::[01;31m[KSharedPtr[m[K publisher_; // CHANGE
[2.518s]       |                                                     [01;31m[K^~~~~~~~~[m[K
[2.518s]       |                                                              [32m[K;[m[K
[2.518s] [01m[K/home/devuser/AOX/ros_ws/cpp_pubsub/src/publisher_member_function.cpp:29:63:[m[K [01;31m[Kerror: [m[Kâ€˜[01m[Kpublisher_[m[Kâ€™ does not name a type; did you mean â€˜[01m[Krmw_publisher_t[m[Kâ€™?
[2.518s]    29 | rclcpp::Publisher<tutorial_interfaces::msg::Num>::SharedPtr [01;31m[Kpublisher_[m[K; // CHANGE
[2.518s]       |                                                             [01;31m[K^~~~~~~~~~[m[K
[2.518s]       |                                                             [32m[Krmw_publisher_t[m[K
[2.524s] [01m[K/home/devuser/AOX/ros_ws/cpp_pubsub/src/publisher_member_function.cpp:[m[K In constructor â€˜[01m[KMinimalPublisher::MinimalPublisher()[m[Kâ€™:
[2.524s] [01m[K/home/devuser/AOX/ros_ws/cpp_pubsub/src/publisher_member_function.cpp:15:5:[m[K [01;31m[Kerror: [m[Kâ€˜[01m[Kpublisher_[m[Kâ€™ was not declared in this scope; did you mean â€˜[01m[Krmw_publisher_t[m[Kâ€™?
[2.524s]    15 |     [01;31m[Kpublisher_[m[K = this->create_publisher<tutorial_interfaces::msg::Num>("topic", 10); // CHANGE
[2.524s]       |     [01;31m[K^~~~~~~~~~[m[K
[2.525s]       |     [32m[Krmw_publisher_t[m[K
[2.525s] [01m[K/home/devuser/AOX/ros_ws/cpp_pubsub/src/publisher_member_function.cpp:15:67:[m[K [01;31m[Kerror: [m[Kâ€˜[01m[KNum[m[Kâ€™ is not a member of â€˜[01m[Ktutorial_interfaces::msg[m[Kâ€™
[2.525s]    15 | blisher_ = this->create_publisher<tutorial_interfaces::msg::[01;31m[KNum[m[K>("topic", 10); // CHANGE
[2.525s]       |                                                             [01;31m[K^~~[m[K
[2.525s] 
[2.525s] [01m[K/home/devuser/AOX/ros_ws/cpp_pubsub/src/publisher_member_function.cpp:15:71:[m[K [01;31m[Kerror: [m[Kno matching function for call to â€˜[01m[KMinimalPublisher::create_publisher<<expression error> >(const char [6], int)[m[Kâ€™
[2.525s]    15 | her_ = [01;31m[Kthis->create_publisher<tutorial_interfaces::msg::Num>("topic", 10)[m[K; // CHANGE
[2.525s]       |        [01;31m[K~~~~~~~~~~~~~~~~~~~~~~~~~~~~~~~~~~~~~~~~~~~~~~~~~~~~~^~~~~~~~~~~~~[m[K
[2.525s] 
[2.525s] In file included from [01m[K/opt/ros/humble/include/rclcpp/rclcpp/executors/single_threaded_executor.hpp:28[m[K,
[2.525s]                  from [01m[K/opt/ros/humble/include/rclcpp/rclcpp/executors.hpp:22[m[K,
[2.525s]                  from [01m[K/opt/ros/humble/include/rclcpp/rclcpp/rclcpp.hpp:155[m[K,
[2.525s]                  from [01m[K/home/devuser/AOX/ros_ws/cpp_pubsub/src/publisher_member_function.cpp:4[m[K:
[2.526s] [01m[K/opt/ros/humble/include/rclcpp/rclcpp/node.hpp:195:3:[m[K [01;36m[Knote: [m[Kcandidate: â€˜[01m[Ktemplate<class MessageT, class AllocatorT, class PublisherT> std::shared_ptr<PublisherT> rclcpp::Node::create_publisher(const string&, const rclcpp::QoS&, const rclcpp::PublisherOptionsWithAllocator<AllocatorT>&)[m[Kâ€™
[2.526s]   195 |   [01;36m[Kcreate_publisher[m[K(
[2.526s]       |   [01;36m[K^~~~~~~~~~~~~~~~[m[K
[2.526s] [01m[K/opt/ros/humble/include/rclcpp/rclcpp/node.hpp:195:3:[m[K [01;36m[Knote: [m[K  template argument deduction/substitution failed:
[2.526s] [01m[K/home/devuser/AOX/ros_ws/cpp_pubsub/src/publisher_member_function.cpp:15:71:[m[K [01;31m[Kerror: [m[Ktemplate argument 1 is invalid
[2.526s]    15 | her_ = [01;31m[Kthis->create_publisher<tutorial_interfaces::msg::Num>("topic", 10)[m[K; // CHANGE
[2.526s]       |        [01;31m[K~~~~~~~~~~~~~~~~~~~~~~~~~~~~~~~~~~~~~~~~~~~~~~~~~~~~~^~~~~~~~~~~~~[m[K
[2.526s] 
[2.532s] [01m[K/home/devuser/AOX/ros_ws/cpp_pubsub/src/publisher_member_function.cpp:[m[K In member function â€˜[01m[Kvoid MinimalPublisher::timer_callback()[m[Kâ€™:
[2.532s] [01m[K/home/devuser/AOX/ros_ws/cpp_pubsub/src/publisher_member_function.cpp:23:46:[m[K [01;31m[Kerror: [m[Kâ€˜[01m[KNum[m[Kâ€™ is not a member of â€˜[01m[Ktutorial_interfaces::msg[m[Kâ€™
[2.532s]    23 |     auto message = tutorial_interfaces::msg::[01;31m[KNum[m[K();                   // CHANGE
[2.532s]       |                                              [01;31m[K^~~[m[K
[2.537s] [01m[K/home/devuser/AOX/ros_ws/cpp_pubsub/src/publisher_member_function.cpp:26:5:[m[K [01;31m[Kerror: [m[Kâ€˜[01m[Kpublisher_[m[Kâ€™ was not declared in this scope; did you mean â€˜[01m[Krmw_publisher_t[m[Kâ€™?
[2.537s]    26 |     [01;31m[Kpublisher_[m[K->publish(message);
[2.537s]       |     [01;31m[K^~~~~~~~~~[m[K
[2.537s]       |     [32m[Krmw_publisher_t[m[K
[2.914s] gmake[2]: *** [CMakeFiles/talker.dir/build.make:76: CMakeFiles/talker.dir/src/publisher_member_function.cpp.o] Error 1
[2.914s] gmake[1]: *** [CMakeFiles/Makefile2:139: CMakeFiles/talker.dir/all] Error 2
[2.914s] gmake: *** [Makefile:146: all] Error 2
[2.915s] Invoked command in '/home/devuser/AOX/ros_ws/cpp_pubsub/build/cpp_pubsub' returned '2': CMAKE_PREFIX_PATH=${CMAKE_PREFIX_PATH}:/opt/ros/humble /usr/bin/cmake --build /home/devuser/AOX/ros_ws/cpp_pubsub/build/cpp_pubsub -- -j8 -l8
