[0.014s] Invoking command in '/home/devuser/AOX/ros_ws/callback_trials/build/callback_trials': CMAKE_PREFIX_PATH=${CMAKE_PREFIX_PATH}:/opt/ros/humble /usr/bin/cmake --build /home/devuser/AOX/ros_ws/callback_trials/build/callback_trials -- -j8 -l8
[0.065s] -- Found rclcpp: 16.0.5 (/opt/ros/humble/share/rclcpp/cmake)
[0.730s] -- Found rosidl_generator_c: 3.1.5 (/opt/ros/humble/share/rosidl_generator_c/cmake)
[0.776s] -- Found rosidl_adapter: 3.1.5 (/opt/ros/humble/share/rosidl_adapter/cmake)
[0.849s] -- Found rosidl_generator_cpp: 3.1.5 (/opt/ros/humble/share/rosidl_generator_cpp/cmake)
[0.892s] -- Using all available rosidl_typesupport_c: rosidl_typesupport_fastrtps_c;rosidl_typesupport_introspection_c
[0.914s] -- Using all available rosidl_typesupport_cpp: rosidl_typesupport_fastrtps_cpp;rosidl_typesupport_introspection_cpp
[1.089s] -- Found rmw_implementation_cmake: 6.1.1 (/opt/ros/humble/share/rmw_implementation_cmake/cmake)
[1.108s] -- Found rmw_fastrtps_cpp: 6.2.3 (/opt/ros/humble/share/rmw_fastrtps_cpp/cmake)
[1.577s] -- Found OpenSSL: /usr/lib/x86_64-linux-gnu/libcrypto.so (found version "1.1.0g")  
[1.606s] -- Found FastRTPS: /opt/ros/humble/include  
[1.636s] -- Using RMW implementation 'rmw_fastrtps_cpp' as default
[1.725s] -- Looking for pthread.h
[1.846s] -- Looking for pthread.h - found
[1.846s] -- Performing Test CMAKE_HAVE_LIBC_PTHREAD
[1.919s] -- Performing Test CMAKE_HAVE_LIBC_PTHREAD - Success
[1.920s] -- Found Threads: TRUE  
[2.150s] -- Found ament_lint_auto: 0.12.7 (/opt/ros/humble/share/ament_lint_auto/cmake)
[2.200s] -- Added test 'cppcheck' to perform static code analysis on C / C++ code
[2.200s] -- Configured cppcheck include dirs: 
[2.200s] -- Configured cppcheck exclude dirs and/or files: 
[2.200s] -- Added test 'flake8' to check Python code syntax and style conventions
[2.202s] -- Added test 'lint_cmake' to check CMake code style
[2.202s] -- Added test 'pep257' to check Python code against some of the docstring style conventions in PEP 257
[2.206s] -- Added test 'uncrustify' to check C / C++ code style
[2.206s] -- Configured uncrustify additional arguments: 
[2.207s] -- Added test 'xmllint' to check XML markup files
[2.207s] -- Configuring done
[2.265s] -- Generating done
[2.268s] -- Build files have been written to: /home/devuser/AOX/ros_ws/callback_trials/build/callback_trials
[2.352s] [ 25%] [32mBuilding CXX object CMakeFiles/client.dir/src/client.cpp.o[0m
[2.352s] [ 50%] [32mBuilding CXX object CMakeFiles/server.dir/src/server.cpp.o[0m
[2.483s] [01m[K/home/devuser/AOX/ros_ws/callback_trials/src/server.cpp:3:10:[m[K [01;31m[Kfatal error: [m[Kstd_srvs/srv/empty.hpp: No such file or directory
[2.483s]     3 | #include [01;31m[K"std_srvs/srv/empty.hpp"[m[K
[2.483s]       |          [01;31m[K^~~~~~~~~~~~~~~~~~~~~~~~[m[K
[2.483s] compilation terminated.
[2.485s] gmake[2]: *** [CMakeFiles/server.dir/build.make:76: CMakeFiles/server.dir/src/server.cpp.o] Error 1
[2.485s] [01m[K/home/devuser/AOX/ros_ws/callback_trials/src/client.cpp:4:10:[m[K [01;31m[Kfatal error: [m[Kstd_srvs/srv/empty.hpp: No such file or directory
[2.485s]     4 | #include [01;31m[K"std_srvs/srv/empty.hpp"[m[K
[2.485s]       |          [01;31m[K^~~~~~~~~~~~~~~~~~~~~~~~[m[K
[2.485s] compilation terminated.
[2.485s] gmake[1]: *** [CMakeFiles/Makefile2:139: CMakeFiles/server.dir/all] Error 2
[2.485s] gmake[1]: *** Waiting for unfinished jobs....
[2.488s] gmake[2]: *** [CMakeFiles/client.dir/build.make:76: CMakeFiles/client.dir/src/client.cpp.o] Error 1
[2.488s] gmake[1]: *** [CMakeFiles/Makefile2:165: CMakeFiles/client.dir/all] Error 2
[2.488s] gmake: *** [Makefile:146: all] Error 2
[2.490s] Invoked command in '/home/devuser/AOX/ros_ws/callback_trials/build/callback_trials' returned '2': CMAKE_PREFIX_PATH=${CMAKE_PREFIX_PATH}:/opt/ros/humble /usr/bin/cmake --build /home/devuser/AOX/ros_ws/callback_trials/build/callback_trials -- -j8 -l8
