[01m[K/home/devuser/ros2_ws/src/cpp_pubsub/src/publisher_member_function.cpp:40:3:[m[K [01;31m[Kerror: [m[Kâ€˜[01m[KMinimalPublisher::MinimalPublisher()[m[Kâ€™ cannot be overloaded with â€˜[01m[KMinimalPublisher::MinimalPublisher()[m[Kâ€™
   40 |   [01;31m[KMinimalPublisher[m[K()
      |   [01;31m[K^~~~~~~~~~~~~~~~[m[K
[01m[K/home/devuser/ros2_ws/src/cpp_pubsub/src/publisher_member_function.cpp:31:3:[m[K [01;36m[Knote: [m[Kprevious declaration â€˜[01m[KMinimalPublisher::MinimalPublisher()[m[Kâ€™
   31 |   [01;36m[KMinimalPublisher[m[K()
      |   [01;36m[K^~~~~~~~~~~~~~~~[m[K
gmake[2]: *** [CMakeFiles/talker.dir/build.make:76: CMakeFiles/talker.dir/src/publisher_member_function.cpp.o] Error 1
gmake[1]: *** [CMakeFiles/Makefile2:139: CMakeFiles/talker.dir/all] Error 2
gmake: *** [Makefile:146: all] Error 2
