[0.014s] Invoking command in '/home/devuser/AOX/ros_ws/cpp_pubsub/build/cpp_pubsub': CMAKE_PREFIX_PATH=${CMAKE_PREFIX_PATH}:/home/devuser/AOX/ros_ws/install/rosidl_cli:/opt/ros/humble /usr/bin/cmake --build /home/devuser/AOX/ros_ws/cpp_pubsub/build/cpp_pubsub -- -j8 -l8
[0.048s] [35m[1mConsolidate compiler generated dependencies of target watchdog[0m
[0.057s] [ 66%] Built target talker
[0.057s] [ 66%] Built target listener
[0.060s] [ 83%] [32mBuilding CXX object CMakeFiles/watchdog.dir/src/watchdog.cpp.o[0m
[1.696s] In file included from [01m[K/opt/ros/humble/include/rclcpp/rclcpp/client.hpp:40[m[K,
[1.696s]                  from [01m[K/opt/ros/humble/include/rclcpp/rclcpp/callback_group.hpp:24[m[K,
[1.696s]                  from [01m[K/opt/ros/humble/include/rclcpp/rclcpp/any_executable.hpp:20[m[K,
[1.696s]                  from [01m[K/opt/ros/humble/include/rclcpp/rclcpp/memory_strategy.hpp:25[m[K,
[1.696s]                  from [01m[K/opt/ros/humble/include/rclcpp/rclcpp/memory_strategies.hpp:18[m[K,
[1.696s]                  from [01m[K/opt/ros/humble/include/rclcpp/rclcpp/executor_options.hpp:20[m[K,
[1.696s]                  from [01m[K/opt/ros/humble/include/rclcpp/rclcpp/executor.hpp:37[m[K,
[1.696s]                  from [01m[K/opt/ros/humble/include/rclcpp/rclcpp/executors/multi_threaded_executor.hpp:25[m[K,
[1.696s]                  from [01m[K/opt/ros/humble/include/rclcpp/rclcpp/executors.hpp:21[m[K,
[1.696s]                  from [01m[K/opt/ros/humble/include/rclcpp/rclcpp/rclcpp.hpp:155[m[K,
[1.696s]                  from [01m[K/home/devuser/AOX/ros_ws/cpp_pubsub/src/watchdog.cpp:1[m[K:
[1.696s] [01m[K/home/devuser/AOX/ros_ws/cpp_pubsub/src/watchdog.cpp:[m[K In function â€˜[01m[Kvoid killListenerNode()[m[Kâ€™:
[1.696s] [01m[K/home/devuser/AOX/ros_ws/cpp_pubsub/src/watchdog.cpp:5:32:[m[K [01;31m[Kerror: [m[Kexpected primary-expression before â€˜[01m[Krclcpp[m[Kâ€™
[1.696s]     5 |     RCLCPP_INFO(rclcpp::Logger [01;31m[Krclcpp[m[K::Node::get_logger(), "Killing the listener node...");
[1.696s]       |                                [01;31m[K^~~~~~[m[K
[1.696s] [01m[K/home/devuser/AOX/ros_ws/cpp_pubsub/src/watchdog.cpp:5:5:[m[K [01;31m[Kerror: [m[Ktemplate argument 1 is invalid
[1.696s]     5 |     [01;31m[KRCLCPP_INFO[m[K(rclcpp::Logger rclcpp::Node::get_logger(), "Killing the listener node...");
[1.696s]       |     [01;31m[K^~~~~~~~~~~[m[K
[1.696s] [01m[K/home/devuser/AOX/ros_ws/cpp_pubsub/src/watchdog.cpp:5:5:[m[K [01;31m[Kerror: [m[Kâ€˜[01m[K<declaration error>[m[Kâ€™ is not a template [[01;31m[K]8;;https://gcc.gnu.org/onlinedocs/gcc/Warning-Options.html#index-fpermissive-fpermissive]8;;[m[K]
[1.696s]     5 |     [01;31m[KRCLCPP_INFO[m[K(rclcpp::Logger rclcpp::Node::get_logger(), "Killing the listener node...");
[1.696s]       |     [01;31m[K^~~~~~~~~~~[m[K
[1.697s] [01m[K/home/devuser/AOX/ros_ws/cpp_pubsub/src/watchdog.cpp:5:5:[m[K [01;31m[Kerror: [m[Ktemplate argument 1 is invalid
[1.697s]     5 |     [01;31m[KRCLCPP_INFO[m[K(rclcpp::Logger rclcpp::Node::get_logger(), "Killing the listener node...");
[1.697s]       |     [01;31m[K^~~~~~~~~~~[m[K
[1.697s] [01m[K/home/devuser/AOX/ros_ws/cpp_pubsub/src/watchdog.cpp:5:5:[m[K [01;31m[Kerror: [m[Kâ€˜[01m[K<declaration error>[m[Kâ€™ is not a template [[01;31m[K]8;;https://gcc.gnu.org/onlinedocs/gcc/Warning-Options.html#index-fpermissive-fpermissive]8;;[m[K]
[1.697s]     5 |     [01;31m[KRCLCPP_INFO[m[K(rclcpp::Logger rclcpp::Node::get_logger(), "Killing the listener node...");
[1.697s]       |     [01;31m[K^~~~~~~~~~~[m[K
[1.697s] [01m[K/home/devuser/AOX/ros_ws/cpp_pubsub/src/watchdog.cpp:5:5:[m[K [01;31m[Kerror: [m[Ktemplate argument 1 is invalid
[1.697s]     5 |     [01;31m[KRCLCPP_INFO[m[K(rclcpp::Logger rclcpp::Node::get_logger(), "Killing the listener node...");
[1.697s]       |     [01;31m[K^~~~~~~~~~~[m[K
[1.697s] In file included from [01m[K/opt/ros/humble/include/rclcpp/rclcpp/logging.hpp:24[m[K,
[1.697s]                  from [01m[K/opt/ros/humble/include/rclcpp/rclcpp/client.hpp:40[m[K,
[1.697s]                  from [01m[K/opt/ros/humble/include/rclcpp/rclcpp/callback_group.hpp:24[m[K,
[1.697s]                  from [01m[K/opt/ros/humble/include/rclcpp/rclcpp/any_executable.hpp:20[m[K,
[1.697s]                  from [01m[K/opt/ros/humble/include/rclcpp/rclcpp/memory_strategy.hpp:25[m[K,
[1.697s]                  from [01m[K/opt/ros/humble/include/rclcpp/rclcpp/memory_strategies.hpp:18[m[K,
[1.697s]                  from [01m[K/opt/ros/humble/include/rclcpp/rclcpp/executor_options.hpp:20[m[K,
[1.697s]                  from [01m[K/opt/ros/humble/include/rclcpp/rclcpp/executor.hpp:37[m[K,
[1.697s]                  from [01m[K/opt/ros/humble/include/rclcpp/rclcpp/executors/multi_threaded_executor.hpp:25[m[K,
[1.697s]                  from [01m[K/opt/ros/humble/include/rclcpp/rclcpp/executors.hpp:21[m[K,
[1.697s]                  from [01m[K/opt/ros/humble/include/rclcpp/rclcpp/rclcpp.hpp:155[m[K,
[1.697s]                  from [01m[K/home/devuser/AOX/ros_ws/cpp_pubsub/src/watchdog.cpp:1[m[K:
[1.697s] [01m[K/home/devuser/AOX/ros_ws/cpp_pubsub/src/watchdog.cpp:5:32:[m[K [01;31m[Kerror: [m[Kexpected primary-expression before â€˜[01m[Krclcpp[m[Kâ€™
[1.697s]     5 |     RCLCPP_INFO(rclcpp::Logger [01;31m[Krclcpp[m[K::Node::get_logger(), "Killing the listener node...");
[1.697s]       |                                [01;31m[K^~~~~~[m[K
[1.697s] [01m[K/home/devuser/AOX/ros_ws/cpp_pubsub/src/watchdog.cpp:5:32:[m[K [01;31m[Kerror: [m[Kexpected â€˜[01m[K)[m[Kâ€™ before â€˜[01m[Krclcpp[m[Kâ€™
[1.697s] [01m[K/home/devuser/AOX/ros_ws/cpp_pubsub/src/watchdog.cpp:5:5:[m[K [01;36m[Knote: [m[Kto match this â€˜[01m[K([m[Kâ€™
[1.697s]     5 |     [01;36m[KRCLCPP_INFO[m[K(rclcpp::Logger rclcpp::Node::get_logger(), "Killing the listener node...");
[1.698s]       |     [01;36m[K^~~~~~~~~~~[m[K
[1.698s] [01m[K/home/devuser/AOX/ros_ws/cpp_pubsub/src/watchdog.cpp:5:5:[m[K [01;31m[Kerror: [m[Kexpected â€˜[01m[K)[m[Kâ€™ before â€˜[01m[K}[m[Kâ€™ token
[1.698s]     5 |     [01;31m[KRCLCPP_INFO[m[K(rclcpp::Logger rclcpp::Node::get_logger(), "Killing the listener node...");
[1.698s]       |     [01;31m[K^~~~~~~~~~~[m[K
[1.698s] [01m[K/home/devuser/AOX/ros_ws/cpp_pubsub/src/watchdog.cpp:5:5:[m[K [01;31m[Kerror: [m[Kexpected primary-expression before â€˜[01m[K}[m[Kâ€™ token
[1.729s] [01m[K/home/devuser/AOX/ros_ws/cpp_pubsub/src/watchdog.cpp:[m[K In constructor â€˜[01m[KWatchdogNode::WatchdogNode()[m[Kâ€™:
[1.729s] [01m[K/home/devuser/AOX/ros_ws/cpp_pubsub/src/watchdog.cpp:11:30:[m[K [01;31m[Kerror: [m[Kno matching function for call to â€˜[01m[KWatchdogNode::declare_parameter(const char [29])[m[Kâ€™
[1.729s]    11 |       [01;31m[Kthis->declare_parameter("check_publisher_node.actions")[m[K;
[1.729s]       |       [01;31m[K~~~~~~~~~~~~~~~~~~~~~~~^~~~~~~~~~~~~~~~~~~~~~~~~~~~~~~~[m[K
[1.729s] In file included from [01m[K/opt/ros/humble/include/rclcpp/rclcpp/executors/single_threaded_executor.hpp:28[m[K,
[1.729s]                  from [01m[K/opt/ros/humble/include/rclcpp/rclcpp/executors.hpp:22[m[K,
[1.729s]                  from [01m[K/opt/ros/humble/include/rclcpp/rclcpp/rclcpp.hpp:155[m[K,
[1.729s]                  from [01m[K/home/devuser/AOX/ros_ws/cpp_pubsub/src/watchdog.cpp:1[m[K:
[1.729s] [01m[K/opt/ros/humble/include/rclcpp/rclcpp/node.hpp:421:3:[m[K [01;36m[Knote: [m[Kcandidate: â€˜[01m[Ktemplate<class ParameterT> auto rclcpp::Node::declare_parameter(const string&, const ParameterT&, const ParameterDescriptor&, bool)[m[Kâ€™
[1.729s]   421 |   [01;36m[Kdeclare_parameter[m[K(
[1.729s]       |   [01;36m[K^~~~~~~~~~~~~~~~~[m[K
[1.729s] [01m[K/opt/ros/humble/include/rclcpp/rclcpp/node.hpp:421:3:[m[K [01;36m[Knote: [m[K  template argument deduction/substitution failed:
[1.729s] [01m[K/home/devuser/AOX/ros_ws/cpp_pubsub/src/watchdog.cpp:11:30:[m[K [01;36m[Knote: [m[K  candidate expects 4 arguments, 1 provided
[1.729s]    11 |       [01;36m[Kthis->declare_parameter("check_publisher_node.actions")[m[K;
[1.729s]       |       [01;36m[K~~~~~~~~~~~~~~~~~~~~~~~^~~~~~~~~~~~~~~~~~~~~~~~~~~~~~~~[m[K
[1.729s] In file included from [01m[K/opt/ros/humble/include/rclcpp/rclcpp/executors/single_threaded_executor.hpp:28[m[K,
[1.729s]                  from [01m[K/opt/ros/humble/include/rclcpp/rclcpp/executors.hpp:22[m[K,
[1.730s]                  from [01m[K/opt/ros/humble/include/rclcpp/rclcpp/rclcpp.hpp:155[m[K,
[1.730s]                  from [01m[K/home/devuser/AOX/ros_ws/cpp_pubsub/src/watchdog.cpp:1[m[K:
[1.730s] [01m[K/opt/ros/humble/include/rclcpp/rclcpp/node.hpp:434:3:[m[K [01;36m[Knote: [m[Kcandidate: â€˜[01m[Ktemplate<class ParameterT> auto rclcpp::Node::declare_parameter(const string&, const ParameterDescriptor&, bool)[m[Kâ€™
[1.730s]   434 |   [01;36m[Kdeclare_parameter[m[K(
[1.730s]       |   [01;36m[K^~~~~~~~~~~~~~~~~[m[K
[1.730s] [01m[K/opt/ros/humble/include/rclcpp/rclcpp/node.hpp:434:3:[m[K [01;36m[Knote: [m[K  template argument deduction/substitution failed:
[1.730s] [01m[K/home/devuser/AOX/ros_ws/cpp_pubsub/src/watchdog.cpp:11:30:[m[K [01;36m[Knote: [m[K  couldnâ€™t deduce template parameter â€˜[01m[KParameterT[m[Kâ€™
[1.730s]    11 |       [01;36m[Kthis->declare_parameter("check_publisher_node.actions")[m[K;
[1.730s]       |       [01;36m[K~~~~~~~~~~~~~~~~~~~~~~~^~~~~~~~~~~~~~~~~~~~~~~~~~~~~~~~[m[K
[1.730s] In file included from [01m[K/opt/ros/humble/include/rclcpp/rclcpp/executors/single_threaded_executor.hpp:28[m[K,
[1.730s]                  from [01m[K/opt/ros/humble/include/rclcpp/rclcpp/executors.hpp:22[m[K,
[1.730s]                  from [01m[K/opt/ros/humble/include/rclcpp/rclcpp/rclcpp.hpp:155[m[K,
[1.730s]                  from [01m[K/home/devuser/AOX/ros_ws/cpp_pubsub/src/watchdog.cpp:1[m[K:
[1.730s] [01m[K/opt/ros/humble/include/rclcpp/rclcpp/node.hpp:366:3:[m[K [01;36m[Knote: [m[Kcandidate: â€˜[01m[Kconst rclcpp::ParameterValue& rclcpp::Node::declare_parameter(const string&, const rclcpp::ParameterValue&, const ParameterDescriptor&, bool)[m[Kâ€™
[1.730s]   366 |   [01;36m[Kdeclare_parameter[m[K(
[1.730s]       |   [01;36m[K^~~~~~~~~~~~~~~~~[m[K
[1.730s] [01m[K/opt/ros/humble/include/rclcpp/rclcpp/node.hpp:366:3:[m[K [01;36m[Knote: [m[K  candidate expects 4 arguments, 1 provided
[1.730s] [01m[K/opt/ros/humble/include/rclcpp/rclcpp/node.hpp:391:3:[m[K [01;36m[Knote: [m[Kcandidate: â€˜[01m[Kconst rclcpp::ParameterValue& rclcpp::Node::declare_parameter(const string&, rclcpp::ParameterType, const ParameterDescriptor&, bool)[m[Kâ€™
[1.730s]   391 |   [01;36m[Kdeclare_parameter[m[K(
[1.730s]       |   [01;36m[K^~~~~~~~~~~~~~~~~[m[K
[1.730s] [01m[K/opt/ros/humble/include/rclcpp/rclcpp/node.hpp:391:3:[m[K [01;36m[Knote: [m[K  candidate expects 4 arguments, 1 provided
[1.807s] In file included from [01m[K/opt/ros/humble/include/rclcpp/rclcpp/node_interfaces/node_parameters_interface.hpp:28[m[K,
[1.808s]                  from [01m[K/opt/ros/humble/include/rclcpp/rclcpp/node.hpp:54[m[K,
[1.808s]                  from [01m[K/opt/ros/humble/include/rclcpp/rclcpp/executors/single_threaded_executor.hpp:28[m[K,
[1.808s]                  from [01m[K/opt/ros/humble/include/rclcpp/rclcpp/executors.hpp:22[m[K,
[1.808s]                  from [01m[K/opt/ros/humble/include/rclcpp/rclcpp/rclcpp.hpp:155[m[K,
[1.808s]                  from [01m[K/home/devuser/AOX/ros_ws/cpp_pubsub/src/watchdog.cpp:1[m[K:
[1.808s] /opt/ros/humble/include/rclcpp/rclcpp/parameter.hpp: In instantiation of â€˜[01m[Kauto rclcpp::detail::get_value_helper(const rclcpp::Parameter*) [with T = std::map<std::__cxx11::basic_string<char>, bool>][m[Kâ€™:
[1.808s] [01m[K/opt/ros/humble/include/rclcpp/rclcpp/parameter.hpp:274:39:[m[K   required from â€˜[01m[Kdecltype(auto) rclcpp::Parameter::get_value() const [with T = std::map<std::__cxx11::basic_string<char>, bool>][m[Kâ€™
[1.808s] [01m[K/opt/ros/humble/include/rclcpp/rclcpp/node_impl.hpp:294:80:[m[K   required from â€˜[01m[Kbool rclcpp::Node::get_parameter(const string&, ParameterT&) const [with ParameterT = std::map<std::__cxx11::basic_string<char>, bool>; std::string = std::__cxx11::basic_string<char>][m[Kâ€™
[1.808s] [01m[K/home/devuser/AOX/ros_ws/cpp_pubsub/src/watchdog.cpp:12:26:[m[K   required from here
[1.808s] [01m[K/opt/ros/humble/include/rclcpp/rclcpp/parameter.hpp:239:49:[m[K [01;31m[Kerror: [m[Kno matching function for call to â€˜[01m[Krclcpp::ParameterValue::get<std::map<std::__cxx11::basic_string<char, std::char_traits<char>, std::allocator<char> >, bool, std::less<std::__cxx11::basic_string<char, std::char_traits<char>, std::allocator<char> > >, std::allocator<std::pair<const std::__cxx11::basic_string<char, std::char_traits<char>, std::allocator<char> >, bool> > > >() const[m[Kâ€™
[1.808s]   239 |   return [01;31m[Kparameter->get_parameter_value().get<T>()[m[K;
[1.808s]       |          [01;31m[K~~~~~~~~~~~~~~~~~~~~~~~~~~~~~~~~~~~~~~~^~[m[K
[1.808s] In file included from [01m[K/opt/ros/humble/include/rclcpp/rclcpp/parameter.hpp:26[m[K,
[1.808s]                  from [01m[K/opt/ros/humble/include/rclcpp/rclcpp/node_interfaces/node_parameters_interface.hpp:28[m[K,
[1.809s]                  from [01m[K/opt/ros/humble/include/rclcpp/rclcpp/node.hpp:54[m[K,
[1.809s]                  from [01m[K/opt/ros/humble/include/rclcpp/rclcpp/executors/single_threaded_executor.hpp:28[m[K,
[1.809s]                  from [01m[K/opt/ros/humble/include/rclcpp/rclcpp/executors.hpp:22[m[K,
[1.809s]                  from [01m[K/opt/ros/humble/include/rclcpp/rclcpp/rclcpp.hpp:155[m[K,
[1.809s]                  from [01m[K/home/devuser/AOX/ros_ws/cpp_pubsub/src/watchdog.cpp:1[m[K:
[1.809s] [01m[K/opt/ros/humble/include/rclcpp/rclcpp/parameter_value.hpp:148:3:[m[K [01;36m[Knote: [m[Kcandidate: â€˜[01m[Ktemplate<rclcpp::ParameterType type> constexpr typename std::enable_if<(type == rclcpp::PARAMETER_BOOL), const bool&>::type rclcpp::ParameterValue::get() const[m[Kâ€™
[1.809s]   148 |   [01;36m[Kget[m[K() const
[1.809s]       |   [01;36m[K^~~[m[K
[1.809s] [01m[K/opt/ros/humble/include/rclcpp/rclcpp/parameter_value.hpp:148:3:[m[K [01;36m[Knote: [m[K  template argument deduction/substitution failed:
[1.809s] In file included from [01m[K/opt/ros/humble/include/rclcpp/rclcpp/node_interfaces/node_parameters_interface.hpp:28[m[K,
[1.809s]                  from [01m[K/opt/ros/humble/include/rclcpp/rclcpp/node.hpp:54[m[K,
[1.809s]                  from [01m[K/opt/ros/humble/include/rclcpp/rclcpp/executors/single_threaded_executor.hpp:28[m[K,
[1.809s]                  from [01m[K/opt/ros/humble/include/rclcpp/rclcpp/executors.hpp:22[m[K,
[1.809s]                  from [01m[K/opt/ros/humble/include/rclcpp/rclcpp/rclcpp.hpp:155[m[K,
[1.809s]                  from [01m[K/home/devuser/AOX/ros_ws/cpp_pubsub/src/watchdog.cpp:1[m[K:
[1.809s] [01m[K/opt/ros/humble/include/rclcpp/rclcpp/parameter.hpp:239:49:[m[K [01;31m[Kerror: [m[Ktype/value mismatch at argument 1 in template parameter list for â€˜[01m[Ktemplate<rclcpp::ParameterType type> constexpr typename std::enable_if<(type == rclcpp::PARAMETER_BOOL), const bool&>::type rclcpp::ParameterValue::get() const[m[Kâ€™
[1.809s]   239 |   return [01;31m[Kparameter->get_parameter_value().get<T>()[m[K;
[1.809s]       |          [01;31m[K~~~~~~~~~~~~~~~~~~~~~~~~~~~~~~~~~~~~~~~^~[m[K
[1.809s] [01m[K/opt/ros/humble/include/rclcpp/rclcpp/parameter.hpp:239:49:[m[K [01;36m[Knote: [m[K  expected a constant of type â€˜[01m[Krclcpp::ParameterType[m[Kâ€™, got â€˜[01m[Kstd::map<std::__cxx11::basic_string<char>, bool>[m[Kâ€™
[1.809s] In file included from [01m[K/opt/ros/humble/include/rclcpp/rclcpp/parameter.hpp:26[m[K,
[1.809s]                  from [01m[K/opt/ros/humble/include/rclcpp/rclcpp/node_interfaces/node_parameters_interface.hpp:28[m[K,
[1.809s]                  from [01m[K/opt/ros/humble/include/rclcpp/rclcpp/node.hpp:54[m[K,
[1.809s]                  from [01m[K/opt/ros/humble/include/rclcpp/rclcpp/executors/single_threaded_executor.hpp:28[m[K,
[1.809s]                  from [01m[K/opt/ros/humble/include/rclcpp/rclcpp/executors.hpp:22[m[K,
[1.809s]                  from [01m[K/opt/ros/humble/include/rclcpp/rclcpp/rclcpp.hpp:155[m[K,
[1.809s]                  from [01m[K/home/devuser/AOX/ros_ws/cpp_pubsub/src/watchdog.cpp:1[m[K:
[1.809s] [01m[K/opt/ros/humble/include/rclcpp/rclcpp/parameter_value.hpp:159:3:[m[K [01;36m[Knote: [m[Kcandidate: â€˜[01m[Ktemplate<rclcpp::ParameterType type> constexpr typename std::enable_if<(type == rclcpp::PARAMETER_INTEGER), const long int&>::type rclcpp::ParameterValue::get() const[m[Kâ€™
[1.810s]   159 |   [01;36m[Kget[m[K() const
[1.810s]       |   [01;36m[K^~~[m[K
[1.810s] [01m[K/opt/ros/humble/include/rclcpp/rclcpp/parameter_value.hpp:159:3:[m[K [01;36m[Knote: [m[K  template argument deduction/substitution failed:
[1.810s] In file included from [01m[K/opt/ros/humble/include/rclcpp/rclcpp/node_interfaces/node_parameters_interface.hpp:28[m[K,
[1.810s]                  from [01m[K/opt/ros/humble/include/rclcpp/rclcpp/node.hpp:54[m[K,
[1.810s]                  from [01m[K/opt/ros/humble/include/rclcpp/rclcpp/executors/single_threaded_executor.hpp:28[m[K,
[1.810s]                  from [01m[K/opt/ros/humble/include/rclcpp/rclcpp/executors.hpp:22[m[K,
[1.810s]                  from [01m[K/opt/ros/humble/include/rclcpp/rclcpp/rclcpp.hpp:155[m[K,
[1.810s]                  from [01m[K/home/devuser/AOX/ros_ws/cpp_pubsub/src/watchdog.cpp:1[m[K:
[1.810s] [01m[K/opt/ros/humble/include/rclcpp/rclcpp/parameter.hpp:239:49:[m[K [01;31m[Kerror: [m[Ktype/value mismatch at argument 1 in template parameter list for â€˜[01m[Ktemplate<rclcpp::ParameterType type> constexpr typename std::enable_if<(type == rclcpp::PARAMETER_INTEGER), const long int&>::type rclcpp::ParameterValue::get() const[m[Kâ€™
[1.810s]   239 |   return [01;31m[Kparameter->get_parameter_value().get<T>()[m[K;
[1.810s]       |          [01;31m[K~~~~~~~~~~~~~~~~~~~~~~~~~~~~~~~~~~~~~~~^~[m[K
[1.810s] [01m[K/opt/ros/humble/include/rclcpp/rclcpp/parameter.hpp:239:49:[m[K [01;36m[Knote: [m[K  expected a constant of type â€˜[01m[Krclcpp::ParameterType[m[Kâ€™, got â€˜[01m[Kstd::map<std::__cxx11::basic_string<char>, bool>[m[Kâ€™
[1.810s] In file included from [01m[K/opt/ros/humble/include/rclcpp/rclcpp/parameter.hpp:26[m[K,
[1.810s]                  from [01m[K/opt/ros/humble/include/rclcpp/rclcpp/node_interfaces/node_parameters_interface.hpp:28[m[K,
[1.810s]                  from [01m[K/opt/ros/humble/include/rclcpp/rclcpp/node.hpp:54[m[K,
[1.810s]                  from [01m[K/opt/ros/humble/include/rclcpp/rclcpp/executors/single_threaded_executor.hpp:28[m[K,
[1.810s]                  from [01m[K/opt/ros/humble/include/rclcpp/rclcpp/executors.hpp:22[m[K,
[1.810s]                  from [01m[K/opt/ros/humble/include/rclcpp/rclcpp/rclcpp.hpp:155[m[K,
[1.810s]                  from [01m[K/home/devuser/AOX/ros_ws/cpp_pubsub/src/watchdog.cpp:1[m[K:
[1.810s] [01m[K/opt/ros/humble/include/rclcpp/rclcpp/parameter_value.hpp:170:3:[m[K [01;36m[Knote: [m[Kcandidate: â€˜[01m[Ktemplate<rclcpp::ParameterType type> constexpr typename std::enable_if<(type == rclcpp::PARAMETER_DOUBLE), const double&>::type rclcpp::ParameterValue::get() const[m[Kâ€™
[1.810s]   170 |   [01;36m[Kget[m[K() const
[1.810s]       |   [01;36m[K^~~[m[K
[1.810s] [01m[K/opt/ros/humble/include/rclcpp/rclcpp/parameter_value.hpp:170:3:[m[K [01;36m[Knote: [m[K  template argument deduction/substitution failed:
[1.810s] In file included from [01m[K/opt/ros/humble/include/rclcpp/rclcpp/node_interfaces/node_parameters_interface.hpp:28[m[K,
[1.810s]                  from [01m[K/opt/ros/humble/include/rclcpp/rclcpp/node.hpp:54[m[K,
[1.810s]                  from [01m[K/opt/ros/humble/include/rclcpp/rclcpp/executors/single_threaded_executor.hpp:28[m[K,
[1.811s]                  from [01m[K/opt/ros/humble/include/rclcpp/rclcpp/executors.hpp:22[m[K,
[1.811s]                  from [01m[K/opt/ros/humble/include/rclcpp/rclcpp/rclcpp.hpp:155[m[K,
[1.811s]                  from [01m[K/home/devuser/AOX/ros_ws/cpp_pubsub/src/watchdog.cpp:1[m[K:
[1.811s] [01m[K/opt/ros/humble/include/rclcpp/rclcpp/parameter.hpp:239:49:[m[K [01;31m[Kerror: [m[Ktype/value mismatch at argument 1 in template parameter list for â€˜[01m[Ktemplate<rclcpp::ParameterType type> constexpr typename std::enable_if<(type == rclcpp::PARAMETER_DOUBLE), const double&>::type rclcpp::ParameterValue::get() const[m[Kâ€™
[1.811s]   239 |   return [01;31m[Kparameter->get_parameter_value().get<T>()[m[K;
[1.811s]       |          [01;31m[K~~~~~~~~~~~~~~~~~~~~~~~~~~~~~~~~~~~~~~~^~[m[K
[1.811s] [01m[K/opt/ros/humble/include/rclcpp/rclcpp/parameter.hpp:239:49:[m[K [01;36m[Knote: [m[K  expected a constant of type â€˜[01m[Krclcpp::ParameterType[m[Kâ€™, got â€˜[01m[Kstd::map<std::__cxx11::basic_string<char>, bool>[m[Kâ€™
[1.811s] In file included from [01m[K/opt/ros/humble/include/rclcpp/rclcpp/parameter.hpp:26[m[K,
[1.811s]                  from [01m[K/opt/ros/humble/include/rclcpp/rclcpp/node_interfaces/node_parameters_interface.hpp:28[m[K,
[1.811s]                  from [01m[K/opt/ros/humble/include/rclcpp/rclcpp/node.hpp:54[m[K,
[1.811s]                  from [01m[K/opt/ros/humble/include/rclcpp/rclcpp/executors/single_threaded_executor.hpp:28[m[K,
[1.811s]                  from [01m[K/opt/ros/humble/include/rclcpp/rclcpp/executors.hpp:22[m[K,
[1.811s]                  from [01m[K/opt/ros/humble/include/rclcpp/rclcpp/rclcpp.hpp:155[m[K,
[1.811s]                  from [01m[K/home/devuser/AOX/ros_ws/cpp_pubsub/src/watchdog.cpp:1[m[K:
[1.811s] [01m[K/opt/ros/humble/include/rclcpp/rclcpp/parameter_value.hpp:181:3:[m[K [01;36m[Knote: [m[Kcandidate: â€˜[01m[Ktemplate<rclcpp::ParameterType type> constexpr typename std::enable_if<(type == rclcpp::PARAMETER_STRING), const std::__cxx11::basic_string<char>&>::type rclcpp::ParameterValue::get() const[m[Kâ€™
[1.811s]   181 |   [01;36m[Kget[m[K() const
[1.811s]       |   [01;36m[K^~~[m[K
[1.811s] [01m[K/opt/ros/humble/include/rclcpp/rclcpp/parameter_value.hpp:181:3:[m[K [01;36m[Knote: [m[K  template argument deduction/substitution failed:
[1.811s] In file included from [01m[K/opt/ros/humble/include/rclcpp/rclcpp/node_interfaces/node_parameters_interface.hpp:28[m[K,
[1.811s]                  from [01m[K/opt/ros/humble/include/rclcpp/rclcpp/node.hpp:54[m[K,
[1.811s]                  from [01m[K/opt/ros/humble/include/rclcpp/rclcpp/executors/single_threaded_executor.hpp:28[m[K,
[1.811s]                  from [01m[K/opt/ros/humble/include/rclcpp/rclcpp/executors.hpp:22[m[K,
[1.811s]                  from [01m[K/opt/ros/humble/include/rclcpp/rclcpp/rclcpp.hpp:155[m[K,
[1.811s]                  from [01m[K/home/devuser/AOX/ros_ws/cpp_pubsub/src/watchdog.cpp:1[m[K:
[1.811s] [01m[K/opt/ros/humble/include/rclcpp/rclcpp/parameter.hpp:239:49:[m[K [01;31m[Kerror: [m[Ktype/value mismatch at argument 1 in template parameter list for â€˜[01m[Ktemplate<rclcpp::ParameterType type> constexpr typename std::enable_if<(type == rclcpp::PARAMETER_STRING), const std::__cxx11::basic_string<char>&>::type rclcpp::ParameterValue::get() const[m[Kâ€™
[1.811s]   239 |   return [01;31m[Kparameter->get_parameter_value().get<T>()[m[K;
[1.811s]       |          [01;31m[K~~~~~~~~~~~~~~~~~~~~~~~~~~~~~~~~~~~~~~~^~[m[K
[1.812s] [01m[K/opt/ros/humble/include/rclcpp/rclcpp/parameter.hpp:239:49:[m[K [01;36m[Knote: [m[K  expected a constant of type â€˜[01m[Krclcpp::ParameterType[m[Kâ€™, got â€˜[01m[Kstd::map<std::__cxx11::basic_string<char>, bool>[m[Kâ€™
[1.812s] In file included from [01m[K/opt/ros/humble/include/rclcpp/rclcpp/parameter.hpp:26[m[K,
[1.812s]                  from [01m[K/opt/ros/humble/include/rclcpp/rclcpp/node_interfaces/node_parameters_interface.hpp:28[m[K,
[1.812s]                  from [01m[K/opt/ros/humble/include/rclcpp/rclcpp/node.hpp:54[m[K,
[1.812s]                  from [01m[K/opt/ros/humble/include/rclcpp/rclcpp/executors/single_threaded_executor.hpp:28[m[K,
[1.812s]                  from [01m[K/opt/ros/humble/include/rclcpp/rclcpp/executors.hpp:22[m[K,
[1.812s]                  from [01m[K/opt/ros/humble/include/rclcpp/rclcpp/rclcpp.hpp:155[m[K,
[1.812s]                  from [01m[K/home/devuser/AOX/ros_ws/cpp_pubsub/src/watchdog.cpp:1[m[K:
[1.812s] [01m[K/opt/ros/humble/include/rclcpp/rclcpp/parameter_value.hpp:193:3:[m[K [01;36m[Knote: [m[Kcandidate: â€˜[01m[Ktemplate<rclcpp::ParameterType type> constexpr typename std::enable_if<(type == rclcpp::PARAMETER_BYTE_ARRAY), const std::vector<unsigned char, std::allocator<unsigned char> >&>::type rclcpp::ParameterValue::get() const[m[Kâ€™
[1.812s]   193 |   [01;36m[Kget[m[K() const
[1.812s]       |   [01;36m[K^~~[m[K
[1.812s] [01m[K/opt/ros/humble/include/rclcpp/rclcpp/parameter_value.hpp:193:3:[m[K [01;36m[Knote: [m[K  template argument deduction/substitution failed:
[1.812s] In file included from [01m[K/opt/ros/humble/include/rclcpp/rclcpp/node_interfaces/node_parameters_interface.hpp:28[m[K,
[1.812s]                  from [01m[K/opt/ros/humble/include/rclcpp/rclcpp/node.hpp:54[m[K,
[1.812s]                  from [01m[K/opt/ros/humble/include/rclcpp/rclcpp/executors/single_threaded_executor.hpp:28[m[K,
[1.812s]                  from [01m[K/opt/ros/humble/include/rclcpp/rclcpp/executors.hpp:22[m[K,
[1.812s]                  from [01m[K/opt/ros/humble/include/rclcpp/rclcpp/rclcpp.hpp:155[m[K,
[1.812s]                  from [01m[K/home/devuser/AOX/ros_ws/cpp_pubsub/src/watchdog.cpp:1[m[K:
[1.812s] [01m[K/opt/ros/humble/include/rclcpp/rclcpp/parameter.hpp:239:49:[m[K [01;31m[Kerror: [m[Ktype/value mismatch at argument 1 in template parameter list for â€˜[01m[Ktemplate<rclcpp::ParameterType type> constexpr typename std::enable_if<(type == rclcpp::PARAMETER_BYTE_ARRAY), const std::vector<unsigned char, std::allocator<unsigned char> >&>::type rclcpp::ParameterValue::get() const[m[Kâ€™
[1.812s]   239 |   return [01;31m[Kparameter->get_parameter_value().get<T>()[m[K;
[1.812s]       |          [01;31m[K~~~~~~~~~~~~~~~~~~~~~~~~~~~~~~~~~~~~~~~^~[m[K
[1.812s] [01m[K/opt/ros/humble/include/rclcpp/rclcpp/parameter.hpp:239:49:[m[K [01;36m[Knote: [m[K  expected a constant of type â€˜[01m[Krclcpp::ParameterType[m[Kâ€™, got â€˜[01m[Kstd::map<std::__cxx11::basic_string<char>, bool>[m[Kâ€™
[1.812s] In file included from [01m[K/opt/ros/humble/include/rclcpp/rclcpp/parameter.hpp:26[m[K,
[1.812s]                  from [01m[K/opt/ros/humble/include/rclcpp/rclcpp/node_interfaces/node_parameters_interface.hpp:28[m[K,
[1.813s]                  from [01m[K/opt/ros/humble/include/rclcpp/rclcpp/node.hpp:54[m[K,
[1.813s]                  from [01m[K/opt/ros/humble/include/rclcpp/rclcpp/executors/single_threaded_executor.hpp:28[m[K,
[1.813s]                  from [01m[K/opt/ros/humble/include/rclcpp/rclcpp/executors.hpp:22[m[K,
[1.813s]                  from [01m[K/opt/ros/humble/include/rclcpp/rclcpp/rclcpp.hpp:155[m[K,
[1.813s]                  from [01m[K/home/devuser/AOX/ros_ws/cpp_pubsub/src/watchdog.cpp:1[m[K:
[1.813s] [01m[K/opt/ros/humble/include/rclcpp/rclcpp/parameter_value.hpp:205:3:[m[K [01;36m[Knote: [m[Kcandidate: â€˜[01m[Ktemplate<rclcpp::ParameterType type> constexpr typename std::enable_if<(type == rclcpp::PARAMETER_BOOL_ARRAY), const std::vector<bool, std::allocator<bool> >&>::type rclcpp::ParameterValue::get() const[m[Kâ€™
[1.813s]   205 |   [01;36m[Kget[m[K() const
[1.813s]       |   [01;36m[K^~~[m[K
[1.813s] [01m[K/opt/ros/humble/include/rclcpp/rclcpp/parameter_value.hpp:205:3:[m[K [01;36m[Knote: [m[K  template argument deduction/substitution failed:
[1.813s] In file included from [01m[K/opt/ros/humble/include/rclcpp/rclcpp/node_interfaces/node_parameters_interface.hpp:28[m[K,
[1.813s]                  from [01m[K/opt/ros/humble/include/rclcpp/rclcpp/node.hpp:54[m[K,
[1.813s]                  from [01m[K/opt/ros/humble/include/rclcpp/rclcpp/executors/single_threaded_executor.hpp:28[m[K,
[1.813s]                  from [01m[K/opt/ros/humble/include/rclcpp/rclcpp/executors.hpp:22[m[K,
[1.813s]                  from [01m[K/opt/ros/humble/include/rclcpp/rclcpp/rclcpp.hpp:155[m[K,
[1.813s]                  from [01m[K/home/devuser/AOX/ros_ws/cpp_pubsub/src/watchdog.cpp:1[m[K:
[1.813s] [01m[K/opt/ros/humble/include/rclcpp/rclcpp/parameter.hpp:239:49:[m[K [01;31m[Kerror: [m[Ktype/value mismatch at argument 1 in template parameter list for â€˜[01m[Ktemplate<rclcpp::ParameterType type> constexpr typename std::enable_if<(type == rclcpp::PARAMETER_BOOL_ARRAY), const std::vector<bool, std::allocator<bool> >&>::type rclcpp::ParameterValue::get() const[m[Kâ€™
[1.813s]   239 |   return [01;31m[Kparameter->get_parameter_value().get<T>()[m[K;
[1.813s]       |          [01;31m[K~~~~~~~~~~~~~~~~~~~~~~~~~~~~~~~~~~~~~~~^~[m[K
[1.813s] [01m[K/opt/ros/humble/include/rclcpp/rclcpp/parameter.hpp:239:49:[m[K [01;36m[Knote: [m[K  expected a constant of type â€˜[01m[Krclcpp::ParameterType[m[Kâ€™, got â€˜[01m[Kstd::map<std::__cxx11::basic_string<char>, bool>[m[Kâ€™
[1.813s] In file included from [01m[K/opt/ros/humble/include/rclcpp/rclcpp/parameter.hpp:26[m[K,
[1.813s]                  from [01m[K/opt/ros/humble/include/rclcpp/rclcpp/node_interfaces/node_parameters_interface.hpp:28[m[K,
[1.813s]                  from [01m[K/opt/ros/humble/include/rclcpp/rclcpp/node.hpp:54[m[K,
[1.813s]                  from [01m[K/opt/ros/humble/include/rclcpp/rclcpp/executors/single_threaded_executor.hpp:28[m[K,
[1.813s]                  from [01m[K/opt/ros/humble/include/rclcpp/rclcpp/executors.hpp:22[m[K,
[1.813s]                  from [01m[K/opt/ros/humble/include/rclcpp/rclcpp/rclcpp.hpp:155[m[K,
[1.814s]                  from [01m[K/home/devuser/AOX/ros_ws/cpp_pubsub/src/watchdog.cpp:1[m[K:
[1.814s] [01m[K/opt/ros/humble/include/rclcpp/rclcpp/parameter_value.hpp:217:3:[m[K [01;36m[Knote: [m[Kcandidate: â€˜[01m[Ktemplate<rclcpp::ParameterType type> constexpr typename std::enable_if<(type == rclcpp::PARAMETER_INTEGER_ARRAY), const std::vector<long int, std::allocator<long int> >&>::type rclcpp::ParameterValue::get() const[m[Kâ€™
[1.814s]   217 |   [01;36m[Kget[m[K() const
[1.814s]       |   [01;36m[K^~~[m[K
[1.814s] [01m[K/opt/ros/humble/include/rclcpp/rclcpp/parameter_value.hpp:217:3:[m[K [01;36m[Knote: [m[K  template argument deduction/substitution failed:
[1.814s] In file included from [01m[K/opt/ros/humble/include/rclcpp/rclcpp/node_interfaces/node_parameters_interface.hpp:28[m[K,
[1.814s]                  from [01m[K/opt/ros/humble/include/rclcpp/rclcpp/node.hpp:54[m[K,
[1.814s]                  from [01m[K/opt/ros/humble/include/rclcpp/rclcpp/executors/single_threaded_executor.hpp:28[m[K,
[1.814s]                  from [01m[K/opt/ros/humble/include/rclcpp/rclcpp/executors.hpp:22[m[K,
[1.814s]                  from [01m[K/opt/ros/humble/include/rclcpp/rclcpp/rclcpp.hpp:155[m[K,
[1.814s]                  from [01m[K/home/devuser/AOX/ros_ws/cpp_pubsub/src/watchdog.cpp:1[m[K:
[1.814s] [01m[K/opt/ros/humble/include/rclcpp/rclcpp/parameter.hpp:239:49:[m[K [01;31m[Kerror: [m[Ktype/value mismatch at argument 1 in template parameter list for â€˜[01m[Ktemplate<rclcpp::ParameterType type> constexpr typename std::enable_if<(type == rclcpp::PARAMETER_INTEGER_ARRAY), const std::vector<long int, std::allocator<long int> >&>::type rclcpp::ParameterValue::get() const[m[Kâ€™
[1.814s]   239 |   return [01;31m[Kparameter->get_parameter_value().get<T>()[m[K;
[1.814s]       |          [01;31m[K~~~~~~~~~~~~~~~~~~~~~~~~~~~~~~~~~~~~~~~^~[m[K
[1.814s] [01m[K/opt/ros/humble/include/rclcpp/rclcpp/parameter.hpp:239:49:[m[K [01;36m[Knote: [m[K  expected a constant of type â€˜[01m[Krclcpp::ParameterType[m[Kâ€™, got â€˜[01m[Kstd::map<std::__cxx11::basic_string<char>, bool>[m[Kâ€™
[1.814s] In file included from [01m[K/opt/ros/humble/include/rclcpp/rclcpp/parameter.hpp:26[m[K,
[1.814s]                  from [01m[K/opt/ros/humble/include/rclcpp/rclcpp/node_interfaces/node_parameters_interface.hpp:28[m[K,
[1.814s]                  from [01m[K/opt/ros/humble/include/rclcpp/rclcpp/node.hpp:54[m[K,
[1.814s]                  from [01m[K/opt/ros/humble/include/rclcpp/rclcpp/executors/single_threaded_executor.hpp:28[m[K,
[1.814s]                  from [01m[K/opt/ros/humble/include/rclcpp/rclcpp/executors.hpp:22[m[K,
[1.814s]                  from [01m[K/opt/ros/humble/include/rclcpp/rclcpp/rclcpp.hpp:155[m[K,
[1.814s]                  from [01m[K/home/devuser/AOX/ros_ws/cpp_pubsub/src/watchdog.cpp:1[m[K:
[1.814s] [01m[K/opt/ros/humble/include/rclcpp/rclcpp/parameter_value.hpp:229:3:[m[K [01;36m[Knote: [m[Kcandidate: â€˜[01m[Ktemplate<rclcpp::ParameterType type> constexpr typename std::enable_if<(type == rclcpp::PARAMETER_DOUBLE_ARRAY), const std::vector<double, std::allocator<double> >&>::type rclcpp::ParameterValue::get() const[m[Kâ€™
[1.814s]   229 |   [01;36m[Kget[m[K() const
[1.814s]       |   [01;36m[K^~~[m[K
[1.814s] [01m[K/opt/ros/humble/include/rclcpp/rclcpp/parameter_value.hpp:229:3:[m[K [01;36m[Knote: [m[K  template argument deduction/substitution failed:
[1.815s] In file included from [01m[K/opt/ros/humble/include/rclcpp/rclcpp/node_interfaces/node_parameters_interface.hpp:28[m[K,
[1.815s]                  from [01m[K/opt/ros/humble/include/rclcpp/rclcpp/node.hpp:54[m[K,
[1.815s]                  from [01m[K/opt/ros/humble/include/rclcpp/rclcpp/executors/single_threaded_executor.hpp:28[m[K,
[1.815s]                  from [01m[K/opt/ros/humble/include/rclcpp/rclcpp/executors.hpp:22[m[K,
[1.815s]                  from [01m[K/opt/ros/humble/include/rclcpp/rclcpp/rclcpp.hpp:155[m[K,
[1.815s]                  from [01m[K/home/devuser/AOX/ros_ws/cpp_pubsub/src/watchdog.cpp:1[m[K:
[1.815s] [01m[K/opt/ros/humble/include/rclcpp/rclcpp/parameter.hpp:239:49:[m[K [01;31m[Kerror: [m[Ktype/value mismatch at argument 1 in template parameter list for â€˜[01m[Ktemplate<rclcpp::ParameterType type> constexpr typename std::enable_if<(type == rclcpp::PARAMETER_DOUBLE_ARRAY), const std::vector<double, std::allocator<double> >&>::type rclcpp::ParameterValue::get() const[m[Kâ€™
[1.815s]   239 |   return [01;31m[Kparameter->get_parameter_value().get<T>()[m[K;
[1.815s]       |          [01;31m[K~~~~~~~~~~~~~~~~~~~~~~~~~~~~~~~~~~~~~~~^~[m[K
[1.815s] [01m[K/opt/ros/humble/include/rclcpp/rclcpp/parameter.hpp:239:49:[m[K [01;36m[Knote: [m[K  expected a constant of type â€˜[01m[Krclcpp::ParameterType[m[Kâ€™, got â€˜[01m[Kstd::map<std::__cxx11::basic_string<char>, bool>[m[Kâ€™
[1.815s] In file included from [01m[K/opt/ros/humble/include/rclcpp/rclcpp/parameter.hpp:26[m[K,
[1.815s]                  from [01m[K/opt/ros/humble/include/rclcpp/rclcpp/node_interfaces/node_parameters_interface.hpp:28[m[K,
[1.815s]                  from [01m[K/opt/ros/humble/include/rclcpp/rclcpp/node.hpp:54[m[K,
[1.815s]                  from [01m[K/opt/ros/humble/include/rclcpp/rclcpp/executors/single_threaded_executor.hpp:28[m[K,
[1.815s]                  from [01m[K/opt/ros/humble/include/rclcpp/rclcpp/executors.hpp:22[m[K,
[1.815s]                  from [01m[K/opt/ros/humble/include/rclcpp/rclcpp/rclcpp.hpp:155[m[K,
[1.815s]                  from [01m[K/home/devuser/AOX/ros_ws/cpp_pubsub/src/watchdog.cpp:1[m[K:
[1.815s] [01m[K/opt/ros/humble/include/rclcpp/rclcpp/parameter_value.hpp:241:3:[m[K [01;36m[Knote: [m[Kcandidate: â€˜[01m[Ktemplate<rclcpp::ParameterType type> constexpr typename std::enable_if<(type == rclcpp::PARAMETER_STRING_ARRAY), const std::vector<std::__cxx11::basic_string<char> >&>::type rclcpp::ParameterValue::get() const[m[Kâ€™
[1.815s]   241 |   [01;36m[Kget[m[K() const
[1.815s]       |   [01;36m[K^~~[m[K
[1.815s] [01m[K/opt/ros/humble/include/rclcpp/rclcpp/parameter_value.hpp:241:3:[m[K [01;36m[Knote: [m[K  template argument deduction/substitution failed:
[1.815s] In file included from [01m[K/opt/ros/humble/include/rclcpp/rclcpp/node_interfaces/node_parameters_interface.hpp:28[m[K,
[1.815s]                  from [01m[K/opt/ros/humble/include/rclcpp/rclcpp/node.hpp:54[m[K,
[1.815s]                  from [01m[K/opt/ros/humble/include/rclcpp/rclcpp/executors/single_threaded_executor.hpp:28[m[K,
[1.815s]                  from [01m[K/opt/ros/humble/include/rclcpp/rclcpp/executors.hpp:22[m[K,
[1.816s]                  from [01m[K/opt/ros/humble/include/rclcpp/rclcpp/rclcpp.hpp:155[m[K,
[1.816s]                  from [01m[K/home/devuser/AOX/ros_ws/cpp_pubsub/src/watchdog.cpp:1[m[K:
[1.816s] [01m[K/opt/ros/humble/include/rclcpp/rclcpp/parameter.hpp:239:49:[m[K [01;31m[Kerror: [m[Ktype/value mismatch at argument 1 in template parameter list for â€˜[01m[Ktemplate<rclcpp::ParameterType type> constexpr typename std::enable_if<(type == rclcpp::PARAMETER_STRING_ARRAY), const std::vector<std::__cxx11::basic_string<char> >&>::type rclcpp::ParameterValue::get() const[m[Kâ€™
[1.816s]   239 |   return [01;31m[Kparameter->get_parameter_value().get<T>()[m[K;
[1.816s]       |          [01;31m[K~~~~~~~~~~~~~~~~~~~~~~~~~~~~~~~~~~~~~~~^~[m[K
[1.816s] [01m[K/opt/ros/humble/include/rclcpp/rclcpp/parameter.hpp:239:49:[m[K [01;36m[Knote: [m[K  expected a constant of type â€˜[01m[Krclcpp::ParameterType[m[Kâ€™, got â€˜[01m[Kstd::map<std::__cxx11::basic_string<char>, bool>[m[Kâ€™
[1.816s] In file included from [01m[K/opt/ros/humble/include/rclcpp/rclcpp/parameter.hpp:26[m[K,
[1.816s]                  from [01m[K/opt/ros/humble/include/rclcpp/rclcpp/node_interfaces/node_parameters_interface.hpp:28[m[K,
[1.816s]                  from [01m[K/opt/ros/humble/include/rclcpp/rclcpp/node.hpp:54[m[K,
[1.816s]                  from [01m[K/opt/ros/humble/include/rclcpp/rclcpp/executors/single_threaded_executor.hpp:28[m[K,
[1.816s]                  from [01m[K/opt/ros/humble/include/rclcpp/rclcpp/executors.hpp:22[m[K,
[1.816s]                  from [01m[K/opt/ros/humble/include/rclcpp/rclcpp/rclcpp.hpp:155[m[K,
[1.816s]                  from [01m[K/home/devuser/AOX/ros_ws/cpp_pubsub/src/watchdog.cpp:1[m[K:
[1.816s] [01m[K/opt/ros/humble/include/rclcpp/rclcpp/parameter_value.hpp:254:3:[m[K [01;36m[Knote: [m[Kcandidate: â€˜[01m[Ktemplate<class type> constexpr typename std::enable_if<std::is_same<T, bool>::value, const bool&>::type rclcpp::ParameterValue::get() const[m[Kâ€™
[1.816s]   254 |   [01;36m[Kget[m[K() const
[1.816s]       |   [01;36m[K^~~[m[K
[1.816s] [01m[K/opt/ros/humble/include/rclcpp/rclcpp/parameter_value.hpp:254:3:[m[K [01;36m[Knote: [m[K  template argument deduction/substitution failed:
[1.816s] /opt/ros/humble/include/rclcpp/rclcpp/parameter_value.hpp: In substitution of â€˜[01m[Ktemplate<class type> constexpr typename std::enable_if<std::is_same<T, bool>::value, const bool&>::type rclcpp::ParameterValue::get() const [with type = std::map<std::__cxx11::basic_string<char>, bool>][m[Kâ€™:
[1.816s] [01m[K/opt/ros/humble/include/rclcpp/rclcpp/parameter.hpp:239:49:[m[K   required from â€˜[01m[Kauto rclcpp::detail::get_value_helper(const rclcpp::Parameter*) [with T = std::map<std::__cxx11::basic_string<char>, bool>][m[Kâ€™
[1.816s] [01m[K/opt/ros/humble/include/rclcpp/rclcpp/parameter.hpp:274:39:[m[K   required from â€˜[01m[Kdecltype(auto) rclcpp::Parameter::get_value() const [with T = std::map<std::__cxx11::basic_string<char>, bool>][m[Kâ€™
[1.816s] [01m[K/opt/ros/humble/include/rclcpp/rclcpp/node_impl.hpp:294:80:[m[K   required from â€˜[01m[Kbool rclcpp::Node::get_parameter(const string&, ParameterT&) const [with ParameterT = std::map<std::__cxx11::basic_string<char>, bool>; std::string = std::__cxx11::basic_string<char>][m[Kâ€™
[1.816s] [01m[K/home/devuser/AOX/ros_ws/cpp_pubsub/src/watchdog.cpp:12:26:[m[K   required from here
[1.816s] [01m[K/opt/ros/humble/include/rclcpp/rclcpp/parameter_value.hpp:254:3:[m[K [01;31m[Kerror: [m[Kno type named â€˜[01m[Ktype[m[Kâ€™ in â€˜[01m[Kstruct std::enable_if<false, const bool&>[m[Kâ€™
[1.816s] /opt/ros/humble/include/rclcpp/rclcpp/parameter.hpp: In instantiation of â€˜[01m[Kauto rclcpp::detail::get_value_helper(const rclcpp::Parameter*) [with T = std::map<std::__cxx11::basic_string<char>, bool>][m[Kâ€™:
[1.816s] [01m[K/opt/ros/humble/include/rclcpp/rclcpp/parameter.hpp:274:39:[m[K   required from â€˜[01m[Kdecltype(auto) rclcpp::Parameter::get_value() const [with T = std::map<std::__cxx11::basic_string<char>, bool>][m[Kâ€™
[1.816s] [01m[K/opt/ros/humble/include/rclcpp/rclcpp/node_impl.hpp:294:80:[m[K   required from â€˜[01m[Kbool rclcpp::Node::get_parameter(const string&, ParameterT&) const [with ParameterT = std::map<std::__cxx11::basic_string<char>, bool>; std::string = std::__cxx11::basic_string<char>][m[Kâ€™
[1.817s] [01m[K/home/devuser/AOX/ros_ws/cpp_pubsub/src/watchdog.cpp:12:26:[m[K   required from here
[1.817s] [01m[K/opt/ros/humble/include/rclcpp/rclcpp/parameter_value.hpp:263:3:[m[K [01;36m[Knote: [m[Kcandidate: â€˜[01m[Ktemplate<class type> constexpr typename std::enable_if<(std::is_integral<_Tp>::value && (! std::is_same<T, bool>::value)), const long int&>::type rclcpp::ParameterValue::get() const[m[Kâ€™
[1.817s]   263 |   [01;36m[Kget[m[K() const
[1.817s]       |   [01;36m[K^~~[m[K
[1.817s] [01m[K/opt/ros/humble/include/rclcpp/rclcpp/parameter_value.hpp:263:3:[m[K [01;36m[Knote: [m[K  template argument deduction/substitution failed:
[1.817s] /opt/ros/humble/include/rclcpp/rclcpp/parameter_value.hpp: In substitution of â€˜[01m[Ktemplate<class type> constexpr typename std::enable_if<(std::is_integral<_Tp>::value && (! std::is_same<T, bool>::value)), const long int&>::type rclcpp::ParameterValue::get() const [with type = std::map<std::__cxx11::basic_string<char>, bool>][m[Kâ€™:
[1.817s] [01m[K/opt/ros/humble/include/rclcpp/rclcpp/parameter.hpp:239:49:[m[K   required from â€˜[01m[Kauto rclcpp::detail::get_value_helper(const rclcpp::Parameter*) [with T = std::map<std::__cxx11::basic_string<char>, bool>][m[Kâ€™
[1.817s] [01m[K/opt/ros/humble/include/rclcpp/rclcpp/parameter.hpp:274:39:[m[K   required from â€˜[01m[Kdecltype(auto) rclcpp::Parameter::get_value() const [with T = std::map<std::__cxx11::basic_string<char>, bool>][m[Kâ€™
[1.817s] [01m[K/opt/ros/humble/include/rclcpp/rclcpp/node_impl.hpp:294:80:[m[K   required from â€˜[01m[Kbool rclcpp::Node::get_parameter(const string&, ParameterT&) const [with ParameterT = std::map<std::__cxx11::basic_string<char>, bool>; std::string = std::__cxx11::basic_string<char>][m[Kâ€™
[1.817s] [01m[K/home/devuser/AOX/ros_ws/cpp_pubsub/src/watchdog.cpp:12:26:[m[K   required from here
[1.817s] [01m[K/opt/ros/humble/include/rclcpp/rclcpp/parameter_value.hpp:263:3:[m[K [01;31m[Kerror: [m[Kno type named â€˜[01m[Ktype[m[Kâ€™ in â€˜[01m[Kstruct std::enable_if<false, const long int&>[m[Kâ€™
[1.817s] /opt/ros/humble/include/rclcpp/rclcpp/parameter.hpp: In instantiation of â€˜[01m[Kauto rclcpp::detail::get_value_helper(const rclcpp::Parameter*) [with T = std::map<std::__cxx11::basic_string<char>, bool>][m[Kâ€™:
[1.817s] [01m[K/opt/ros/humble/include/rclcpp/rclcpp/parameter.hpp:274:39:[m[K   required from â€˜[01m[Kdecltype(auto) rclcpp::Parameter::get_value() const [with T = std::map<std::__cxx11::basic_string<char>, bool>][m[Kâ€™
[1.817s] [01m[K/opt/ros/humble/include/rclcpp/rclcpp/node_impl.hpp:294:80:[m[K   required from â€˜[01m[Kbool rclcpp::Node::get_parameter(const string&, ParameterT&) const [with ParameterT = std::map<std::__cxx11::basic_string<char>, bool>; std::string = std::__cxx11::basic_string<char>][m[Kâ€™
[1.817s] [01m[K/home/devuser/AOX/ros_ws/cpp_pubsub/src/watchdog.cpp:12:26:[m[K   required from here
[1.817s] [01m[K/opt/ros/humble/include/rclcpp/rclcpp/parameter_value.hpp:271:3:[m[K [01;36m[Knote: [m[Kcandidate: â€˜[01m[Ktemplate<class type> constexpr typename std::enable_if<std::is_floating_point<_Tp>::value, const double&>::type rclcpp::ParameterValue::get() const[m[Kâ€™
[1.817s]   271 |   [01;36m[Kget[m[K() const
[1.817s]       |   [01;36m[K^~~[m[K
[1.817s] [01m[K/opt/ros/humble/include/rclcpp/rclcpp/parameter_value.hpp:271:3:[m[K [01;36m[Knote: [m[K  template argument deduction/substitution failed:
[1.817s] /opt/ros/humble/include/rclcpp/rclcpp/parameter_value.hpp: In substitution of â€˜[01m[Ktemplate<class type> constexpr typename std::enable_if<std::is_floating_point<_Tp>::value, const double&>::type rclcpp::ParameterValue::get() const [with type = std::map<std::__cxx11::basic_string<char>, bool>][m[Kâ€™:
[1.817s] [01m[K/opt/ros/humble/include/rclcpp/rclcpp/parameter.hpp:239:49:[m[K   required from â€˜[01m[Kauto rclcpp::detail::get_value_helper(const rclcpp::Parameter*) [with T = std::map<std::__cxx11::basic_string<char>, bool>][m[Kâ€™
[1.817s] [01m[K/opt/ros/humble/include/rclcpp/rclcpp/parameter.hpp:274:39:[m[K   required from â€˜[01m[Kdecltype(auto) rclcpp::Parameter::get_value() const [with T = std::map<std::__cxx11::basic_string<char>, bool>][m[Kâ€™
[1.817s] [01m[K/opt/ros/humble/include/rclcpp/rclcpp/node_impl.hpp:294:80:[m[K   required from â€˜[01m[Kbool rclcpp::Node::get_parameter(const string&, ParameterT&) const [with ParameterT = std::map<std::__cxx11::basic_string<char>, bool>; std::string = std::__cxx11::basic_string<char>][m[Kâ€™
[1.817s] [01m[K/home/devuser/AOX/ros_ws/cpp_pubsub/src/watchdog.cpp:12:26:[m[K   required from here
[1.817s] [01m[K/opt/ros/humble/include/rclcpp/rclcpp/parameter_value.hpp:271:3:[m[K [01;31m[Kerror: [m[Kno type named â€˜[01m[Ktype[m[Kâ€™ in â€˜[01m[Kstruct std::enable_if<false, const double&>[m[Kâ€™
[1.818s] /opt/ros/humble/include/rclcpp/rclcpp/parameter.hpp: In instantiation of â€˜[01m[Kauto rclcpp::detail::get_value_helper(const rclcpp::Parameter*) [with T = std::map<std::__cxx11::basic_string<char>, bool>][m[Kâ€™:
[1.818s] [01m[K/opt/ros/humble/include/rclcpp/rclcpp/parameter.hpp:274:39:[m[K   required from â€˜[01m[Kdecltype(auto) rclcpp::Parameter::get_value() const [with T = std::map<std::__cxx11::basic_string<char>, bool>][m[Kâ€™
[1.818s] [01m[K/opt/ros/humble/include/rclcpp/rclcpp/node_impl.hpp:294:80:[m[K   required from â€˜[01m[Kbool rclcpp::Node::get_parameter(const string&, ParameterT&) const [with ParameterT = std::map<std::__cxx11::basic_string<char>, bool>; std::string = std::__cxx11::basic_string<char>][m[Kâ€™
[1.818s] [01m[K/home/devuser/AOX/ros_ws/cpp_pubsub/src/watchdog.cpp:12:26:[m[K   required from here
[1.818s] [01m[K/opt/ros/humble/include/rclcpp/rclcpp/parameter_value.hpp:279:3:[m[K [01;36m[Knote: [m[Kcandidate: â€˜[01m[Ktemplate<class type> constexpr typename std::enable_if<std::is_convertible<type, std::__cxx11::basic_string<char> >::value, const std::__cxx11::basic_string<char>&>::type rclcpp::ParameterValue::get() const[m[Kâ€™
[1.818s]   279 |   [01;36m[Kget[m[K() const
[1.818s]       |   [01;36m[K^~~[m[K
[1.818s] [01m[K/opt/ros/humble/include/rclcpp/rclcpp/parameter_value.hpp:279:3:[m[K [01;36m[Knote: [m[K  template argument deduction/substitution failed:
[1.818s] /opt/ros/humble/include/rclcpp/rclcpp/parameter_value.hpp: In substitution of â€˜[01m[Ktemplate<class type> constexpr typename std::enable_if<std::is_convertible<type, std::__cxx11::basic_string<char> >::value, const std::__cxx11::basic_string<char>&>::type rclcpp::ParameterValue::get() const [with type = std::map<std::__cxx11::basic_string<char>, bool>][m[Kâ€™:
[1.818s] [01m[K/opt/ros/humble/include/rclcpp/rclcpp/parameter.hpp:239:49:[m[K   required from â€˜[01m[Kauto rclcpp::detail::get_value_helper(const rclcpp::Parameter*) [with T = std::map<std::__cxx11::basic_string<char>, bool>][m[Kâ€™
[1.818s] [01m[K/opt/ros/humble/include/rclcpp/rclcpp/parameter.hpp:274:39:[m[K   required from â€˜[01m[Kdecltype(auto) rclcpp::Parameter::get_value() const [with T = std::map<std::__cxx11::basic_string<char>, bool>][m[Kâ€™
[1.818s] [01m[K/opt/ros/humble/include/rclcpp/rclcpp/node_impl.hpp:294:80:[m[K   required from â€˜[01m[Kbool rclcpp::Node::get_parameter(const string&, ParameterT&) const [with ParameterT = std::map<std::__cxx11::basic_string<char>, bool>; std::string = std::__cxx11::basic_string<char>][m[Kâ€™
[1.818s] [01m[K/home/devuser/AOX/ros_ws/cpp_pubsub/src/watchdog.cpp:12:26:[m[K   required from here
[1.818s] [01m[K/opt/ros/humble/include/rclcpp/rclcpp/parameter_value.hpp:279:3:[m[K [01;31m[Kerror: [m[Kno type named â€˜[01m[Ktype[m[Kâ€™ in â€˜[01m[Kstruct std::enable_if<false, const std::__cxx11::basic_string<char>&>[m[Kâ€™
[1.818s] /opt/ros/humble/include/rclcpp/rclcpp/parameter.hpp: In instantiation of â€˜[01m[Kauto rclcpp::detail::get_value_helper(const rclcpp::Parameter*) [with T = std::map<std::__cxx11::basic_string<char>, bool>][m[Kâ€™:
[1.818s] [01m[K/opt/ros/humble/include/rclcpp/rclcpp/parameter.hpp:274:39:[m[K   required from â€˜[01m[Kdecltype(auto) rclcpp::Parameter::get_value() const [with T = std::map<std::__cxx11::basic_string<char>, bool>][m[Kâ€™
[1.818s] [01m[K/opt/ros/humble/include/rclcpp/rclcpp/node_impl.hpp:294:80:[m[K   required from â€˜[01m[Kbool rclcpp::Node::get_parameter(const string&, ParameterT&) const [with ParameterT = std::map<std::__cxx11::basic_string<char>, bool>; std::string = std::__cxx11::basic_string<char>][m[Kâ€™
[1.818s] [01m[K/home/devuser/AOX/ros_ws/cpp_pubsub/src/watchdog.cpp:12:26:[m[K   required from here
[1.818s] [01m[K/opt/ros/humble/include/rclcpp/rclcpp/parameter_value.hpp:289:3:[m[K [01;36m[Knote: [m[Kcandidate: â€˜[01m[Ktemplate<class type> constexpr typename std::enable_if<std::is_convertible<type, const std::vector<unsigned char, std::allocator<unsigned char> >&>::value, const std::vector<unsigned char, std::allocator<unsigned char> >&>::type rclcpp::ParameterValue::get() const[m[Kâ€™
[1.818s]   289 |   [01;36m[Kget[m[K() const
[1.818s]       |   [01;36m[K^~~[m[K
[1.818s] [01m[K/opt/ros/humble/include/rclcpp/rclcpp/parameter_value.hpp:289:3:[m[K [01;36m[Knote: [m[K  template argument deduction/substitution failed:
[1.818s] /opt/ros/humble/include/rclcpp/rclcpp/parameter_value.hpp: In substitution of â€˜[01m[Ktemplate<class type> constexpr typename std::enable_if<std::is_convertible<type, const std::vector<unsigned char, std::allocator<unsigned char> >&>::value, const std::vector<unsigned char, std::allocator<unsigned char> >&>::type rclcpp::ParameterValue::get() const [with type = std::map<std::__cxx11::basic_string<char>, bool>][m[Kâ€™:
[1.818s] [01m[K/opt/ros/humble/include/rclcpp/rclcpp/parameter.hpp:239:49:[m[K   required from â€˜[01m[Kauto rclcpp::detail::get_value_helper(const rclcpp::Parameter*) [with T = std::map<std::__cxx11::basic_string<char>, bool>][m[Kâ€™
[1.818s] [01m[K/opt/ros/humble/include/rclcpp/rclcpp/parameter.hpp:274:39:[m[K   required from â€˜[01m[Kdecltype(auto) rclcpp::Parameter::get_value() const [with T = std::map<std::__cxx11::basic_string<char>, bool>][m[Kâ€™
[1.819s] [01m[K/opt/ros/humble/include/rclcpp/rclcpp/node_impl.hpp:294:80:[m[K   required from â€˜[01m[Kbool rclcpp::Node::get_parameter(const string&, ParameterT&) const [with ParameterT = std::map<std::__cxx11::basic_string<char>, bool>; std::string = std::__cxx11::basic_string<char>][m[Kâ€™
[1.819s] [01m[K/home/devuser/AOX/ros_ws/cpp_pubsub/src/watchdog.cpp:12:26:[m[K   required from here
[1.819s] [01m[K/opt/ros/humble/include/rclcpp/rclcpp/parameter_value.hpp:289:3:[m[K [01;31m[Kerror: [m[Kno type named â€˜[01m[Ktype[m[Kâ€™ in â€˜[01m[Kstruct std::enable_if<false, const std::vector<unsigned char, std::allocator<unsigned char> >&>[m[Kâ€™
[1.819s] /opt/ros/humble/include/rclcpp/rclcpp/parameter.hpp: In instantiation of â€˜[01m[Kauto rclcpp::detail::get_value_helper(const rclcpp::Parameter*) [with T = std::map<std::__cxx11::basic_string<char>, bool>][m[Kâ€™:
[1.819s] [01m[K/opt/ros/humble/include/rclcpp/rclcpp/parameter.hpp:274:39:[m[K   required from â€˜[01m[Kdecltype(auto) rclcpp::Parameter::get_value() const [with T = std::map<std::__cxx11::basic_string<char>, bool>][m[Kâ€™
[1.819s] [01m[K/opt/ros/humble/include/rclcpp/rclcpp/node_impl.hpp:294:80:[m[K   required from â€˜[01m[Kbool rclcpp::Node::get_parameter(const string&, ParameterT&) const [with ParameterT = std::map<std::__cxx11::basic_string<char>, bool>; std::string = std::__cxx11::basic_string<char>][m[Kâ€™
[1.819s] [01m[K/home/devuser/AOX/ros_ws/cpp_pubsub/src/watchdog.cpp:12:26:[m[K   required from here
[1.819s] [01m[K/opt/ros/humble/include/rclcpp/rclcpp/parameter_value.hpp:299:3:[m[K [01;36m[Knote: [m[Kcandidate: â€˜[01m[Ktemplate<class type> constexpr typename std::enable_if<std::is_convertible<type, const std::vector<bool, std::allocator<bool> >&>::value, const std::vector<bool, std::allocator<bool> >&>::type rclcpp::ParameterValue::get() const[m[Kâ€™
[1.819s]   299 |   [01;36m[Kget[m[K() const
[1.819s]       |   [01;36m[K^~~[m[K
[1.819s] [01m[K/opt/ros/humble/include/rclcpp/rclcpp/parameter_value.hpp:299:3:[m[K [01;36m[Knote: [m[K  template argument deduction/substitution failed:
[1.819s] /opt/ros/humble/include/rclcpp/rclcpp/parameter_value.hpp: In substitution of â€˜[01m[Ktemplate<class type> constexpr typename std::enable_if<std::is_convertible<type, const std::vector<bool, std::allocator<bool> >&>::value, const std::vector<bool, std::allocator<bool> >&>::type rclcpp::ParameterValue::get() const [with type = std::map<std::__cxx11::basic_string<char>, bool>][m[Kâ€™:
[1.819s] [01m[K/opt/ros/humble/include/rclcpp/rclcpp/parameter.hpp:239:49:[m[K   required from â€˜[01m[Kauto rclcpp::detail::get_value_helper(const rclcpp::Parameter*) [with T = std::map<std::__cxx11::basic_string<char>, bool>][m[Kâ€™
[1.819s] [01m[K/opt/ros/humble/include/rclcpp/rclcpp/parameter.hpp:274:39:[m[K   required from â€˜[01m[Kdecltype(auto) rclcpp::Parameter::get_value() const [with T = std::map<std::__cxx11::basic_string<char>, bool>][m[Kâ€™
[1.819s] [01m[K/opt/ros/humble/include/rclcpp/rclcpp/node_impl.hpp:294:80:[m[K   required from â€˜[01m[Kbool rclcpp::Node::get_parameter(const string&, ParameterT&) const [with ParameterT = std::map<std::__cxx11::basic_string<char>, bool>; std::string = std::__cxx11::basic_string<char>][m[Kâ€™
[1.819s] [01m[K/home/devuser/AOX/ros_ws/cpp_pubsub/src/watchdog.cpp:12:26:[m[K   required from here
[1.819s] [01m[K/opt/ros/humble/include/rclcpp/rclcpp/parameter_value.hpp:299:3:[m[K [01;31m[Kerror: [m[Kno type named â€˜[01m[Ktype[m[Kâ€™ in â€˜[01m[Kstruct std::enable_if<false, const std::vector<bool, std::allocator<bool> >&>[m[Kâ€™
[1.819s] /opt/ros/humble/include/rclcpp/rclcpp/parameter.hpp: In instantiation of â€˜[01m[Kauto rclcpp::detail::get_value_helper(const rclcpp::Parameter*) [with T = std::map<std::__cxx11::basic_string<char>, bool>][m[Kâ€™:
[1.819s] [01m[K/opt/ros/humble/include/rclcpp/rclcpp/parameter.hpp:274:39:[m[K   required from â€˜[01m[Kdecltype(auto) rclcpp::Parameter::get_value() const [with T = std::map<std::__cxx11::basic_string<char>, bool>][m[Kâ€™
[1.819s] [01m[K/opt/ros/humble/include/rclcpp/rclcpp/node_impl.hpp:294:80:[m[K   required from â€˜[01m[Kbool rclcpp::Node::get_parameter(const string&, ParameterT&) const [with ParameterT = std::map<std::__cxx11::basic_string<char>, bool>; std::string = std::__cxx11::basic_string<char>][m[Kâ€™
[1.819s] [01m[K/home/devuser/AOX/ros_ws/cpp_pubsub/src/watchdog.cpp:12:26:[m[K   required from here
[1.819s] [01m[K/opt/ros/humble/include/rclcpp/rclcpp/parameter_value.hpp:309:3:[m[K [01;36m[Knote: [m[Kcandidate: â€˜[01m[Ktemplate<class type> constexpr typename std::enable_if<std::is_convertible<type, const std::vector<int>&>::value, const std::vector<long int, std::allocator<long int> >&>::type rclcpp::ParameterValue::get() const[m[Kâ€™
[1.819s]   309 |   [01;36m[Kget[m[K() const
[1.819s]       |   [01;36m[K^~~[m[K
[1.820s] [01m[K/opt/ros/humble/include/rclcpp/rclcpp/parameter_value.hpp:309:3:[m[K [01;36m[Knote: [m[K  template argument deduction/substitution failed:
[1.820s] /opt/ros/humble/include/rclcpp/rclcpp/parameter_value.hpp: In substitution of â€˜[01m[Ktemplate<class type> constexpr typename std::enable_if<std::is_convertible<type, const std::vector<int>&>::value, const std::vector<long int, std::allocator<long int> >&>::type rclcpp::ParameterValue::get() const [with type = std::map<std::__cxx11::basic_string<char>, bool>][m[Kâ€™:
[1.820s] [01m[K/opt/ros/humble/include/rclcpp/rclcpp/parameter.hpp:239:49:[m[K   required from â€˜[01m[Kauto rclcpp::detail::get_value_helper(const rclcpp::Parameter*) [with T = std::map<std::__cxx11::basic_string<char>, bool>][m[Kâ€™
[1.820s] [01m[K/opt/ros/humble/include/rclcpp/rclcpp/parameter.hpp:274:39:[m[K   required from â€˜[01m[Kdecltype(auto) rclcpp::Parameter::get_value() const [with T = std::map<std::__cxx11::basic_string<char>, bool>][m[Kâ€™
[1.820s] [01m[K/opt/ros/humble/include/rclcpp/rclcpp/node_impl.hpp:294:80:[m[K   required from â€˜[01m[Kbool rclcpp::Node::get_parameter(const string&, ParameterT&) const [with ParameterT = std::map<std::__cxx11::basic_string<char>, bool>; std::string = std::__cxx11::basic_string<char>][m[Kâ€™
[1.820s] [01m[K/home/devuser/AOX/ros_ws/cpp_pubsub/src/watchdog.cpp:12:26:[m[K   required from here
[1.820s] [01m[K/opt/ros/humble/include/rclcpp/rclcpp/parameter_value.hpp:309:3:[m[K [01;31m[Kerror: [m[Kno type named â€˜[01m[Ktype[m[Kâ€™ in â€˜[01m[Kstruct std::enable_if<false, const std::vector<long int, std::allocator<long int> >&>[m[Kâ€™
[1.820s] /opt/ros/humble/include/rclcpp/rclcpp/parameter.hpp: In instantiation of â€˜[01m[Kauto rclcpp::detail::get_value_helper(const rclcpp::Parameter*) [with T = std::map<std::__cxx11::basic_string<char>, bool>][m[Kâ€™:
[1.820s] [01m[K/opt/ros/humble/include/rclcpp/rclcpp/parameter.hpp:274:39:[m[K   required from â€˜[01m[Kdecltype(auto) rclcpp::Parameter::get_value() const [with T = std::map<std::__cxx11::basic_string<char>, bool>][m[Kâ€™
[1.820s] [01m[K/opt/ros/humble/include/rclcpp/rclcpp/node_impl.hpp:294:80:[m[K   required from â€˜[01m[Kbool rclcpp::Node::get_parameter(const string&, ParameterT&) const [with ParameterT = std::map<std::__cxx11::basic_string<char>, bool>; std::string = std::__cxx11::basic_string<char>][m[Kâ€™
[1.820s] [01m[K/home/devuser/AOX/ros_ws/cpp_pubsub/src/watchdog.cpp:12:26:[m[K   required from here
[1.820s] [01m[K/opt/ros/humble/include/rclcpp/rclcpp/parameter_value.hpp:319:3:[m[K [01;36m[Knote: [m[Kcandidate: â€˜[01m[Ktemplate<class type> constexpr typename std::enable_if<std::is_convertible<type, const std::vector<long int, std::allocator<long int> >&>::value, const std::vector<long int, std::allocator<long int> >&>::type rclcpp::ParameterValue::get() const[m[Kâ€™
[1.820s]   319 |   [01;36m[Kget[m[K() const
[1.820s]       |   [01;36m[K^~~[m[K
[1.820s] [01m[K/opt/ros/humble/include/rclcpp/rclcpp/parameter_value.hpp:319:3:[m[K [01;36m[Knote: [m[K  template argument deduction/substitution failed:
[1.820s] /opt/ros/humble/include/rclcpp/rclcpp/parameter_value.hpp: In substitution of â€˜[01m[Ktemplate<class type> constexpr typename std::enable_if<std::is_convertible<type, const std::vector<long int, std::allocator<long int> >&>::value, const std::vector<long int, std::allocator<long int> >&>::type rclcpp::ParameterValue::get() const [with type = std::map<std::__cxx11::basic_string<char>, bool>][m[Kâ€™:
[1.820s] [01m[K/opt/ros/humble/include/rclcpp/rclcpp/parameter.hpp:239:49:[m[K   required from â€˜[01m[Kauto rclcpp::detail::get_value_helper(const rclcpp::Parameter*) [with T = std::map<std::__cxx11::basic_string<char>, bool>][m[Kâ€™
[1.820s] [01m[K/opt/ros/humble/include/rclcpp/rclcpp/parameter.hpp:274:39:[m[K   required from â€˜[01m[Kdecltype(auto) rclcpp::Parameter::get_value() const [with T = std::map<std::__cxx11::basic_string<char>, bool>][m[Kâ€™
[1.820s] [01m[K/opt/ros/humble/include/rclcpp/rclcpp/node_impl.hpp:294:80:[m[K   required from â€˜[01m[Kbool rclcpp::Node::get_parameter(const string&, ParameterT&) const [with ParameterT = std::map<std::__cxx11::basic_string<char>, bool>; std::string = std::__cxx11::basic_string<char>][m[Kâ€™
[1.820s] [01m[K/home/devuser/AOX/ros_ws/cpp_pubsub/src/watchdog.cpp:12:26:[m[K   required from here
[1.820s] [01m[K/opt/ros/humble/include/rclcpp/rclcpp/parameter_value.hpp:319:3:[m[K [01;31m[Kerror: [m[Kno type named â€˜[01m[Ktype[m[Kâ€™ in â€˜[01m[Kstruct std::enable_if<false, const std::vector<long int, std::allocator<long int> >&>[m[Kâ€™
[1.820s] /opt/ros/humble/include/rclcpp/rclcpp/parameter.hpp: In instantiation of â€˜[01m[Kauto rclcpp::detail::get_value_helper(const rclcpp::Parameter*) [with T = std::map<std::__cxx11::basic_string<char>, bool>][m[Kâ€™:
[1.820s] [01m[K/opt/ros/humble/include/rclcpp/rclcpp/parameter.hpp:274:39:[m[K   required from â€˜[01m[Kdecltype(auto) rclcpp::Parameter::get_value() const [with T = std::map<std::__cxx11::basic_string<char>, bool>][m[Kâ€™
[1.820s] [01m[K/opt/ros/humble/include/rclcpp/rclcpp/node_impl.hpp:294:80:[m[K   required from â€˜[01m[Kbool rclcpp::Node::get_parameter(const string&, ParameterT&) const [with ParameterT = std::map<std::__cxx11::basic_string<char>, bool>; std::string = std::__cxx11::basic_string<char>][m[Kâ€™
[1.821s] [01m[K/home/devuser/AOX/ros_ws/cpp_pubsub/src/watchdog.cpp:12:26:[m[K   required from here
[1.821s] [01m[K/opt/ros/humble/include/rclcpp/rclcpp/parameter_value.hpp:329:3:[m[K [01;36m[Knote: [m[Kcandidate: â€˜[01m[Ktemplate<class type> constexpr typename std::enable_if<std::is_convertible<type, const std::vector<float>&>::value, const std::vector<double, std::allocator<double> >&>::type rclcpp::ParameterValue::get() const[m[Kâ€™
[1.821s]   329 |   [01;36m[Kget[m[K() const
[1.821s]       |   [01;36m[K^~~[m[K
[1.821s] [01m[K/opt/ros/humble/include/rclcpp/rclcpp/parameter_value.hpp:329:3:[m[K [01;36m[Knote: [m[K  template argument deduction/substitution failed:
[1.821s] /opt/ros/humble/include/rclcpp/rclcpp/parameter_value.hpp: In substitution of â€˜[01m[Ktemplate<class type> constexpr typename std::enable_if<std::is_convertible<type, const std::vector<float>&>::value, const std::vector<double, std::allocator<double> >&>::type rclcpp::ParameterValue::get() const [with type = std::map<std::__cxx11::basic_string<char>, bool>][m[Kâ€™:
[1.821s] [01m[K/opt/ros/humble/include/rclcpp/rclcpp/parameter.hpp:239:49:[m[K   required from â€˜[01m[Kauto rclcpp::detail::get_value_helper(const rclcpp::Parameter*) [with T = std::map<std::__cxx11::basic_string<char>, bool>][m[Kâ€™
[1.821s] [01m[K/opt/ros/humble/include/rclcpp/rclcpp/parameter.hpp:274:39:[m[K   required from â€˜[01m[Kdecltype(auto) rclcpp::Parameter::get_value() const [with T = std::map<std::__cxx11::basic_string<char>, bool>][m[Kâ€™
[1.821s] [01m[K/opt/ros/humble/include/rclcpp/rclcpp/node_impl.hpp:294:80:[m[K   required from â€˜[01m[Kbool rclcpp::Node::get_parameter(const string&, ParameterT&) const [with ParameterT = std::map<std::__cxx11::basic_string<char>, bool>; std::string = std::__cxx11::basic_string<char>][m[Kâ€™
[1.821s] [01m[K/home/devuser/AOX/ros_ws/cpp_pubsub/src/watchdog.cpp:12:26:[m[K   required from here
[1.821s] [01m[K/opt/ros/humble/include/rclcpp/rclcpp/parameter_value.hpp:329:3:[m[K [01;31m[Kerror: [m[Kno type named â€˜[01m[Ktype[m[Kâ€™ in â€˜[01m[Kstruct std::enable_if<false, const std::vector<double, std::allocator<double> >&>[m[Kâ€™
[1.821s] /opt/ros/humble/include/rclcpp/rclcpp/parameter.hpp: In instantiation of â€˜[01m[Kauto rclcpp::detail::get_value_helper(const rclcpp::Parameter*) [with T = std::map<std::__cxx11::basic_string<char>, bool>][m[Kâ€™:
[1.821s] [01m[K/opt/ros/humble/include/rclcpp/rclcpp/parameter.hpp:274:39:[m[K   required from â€˜[01m[Kdecltype(auto) rclcpp::Parameter::get_value() const [with T = std::map<std::__cxx11::basic_string<char>, bool>][m[Kâ€™
[1.821s] [01m[K/opt/ros/humble/include/rclcpp/rclcpp/node_impl.hpp:294:80:[m[K   required from â€˜[01m[Kbool rclcpp::Node::get_parameter(const string&, ParameterT&) const [with ParameterT = std::map<std::__cxx11::basic_string<char>, bool>; std::string = std::__cxx11::basic_string<char>][m[Kâ€™
[1.821s] [01m[K/home/devuser/AOX/ros_ws/cpp_pubsub/src/watchdog.cpp:12:26:[m[K   required from here
[1.821s] [01m[K/opt/ros/humble/include/rclcpp/rclcpp/parameter_value.hpp:339:3:[m[K [01;36m[Knote: [m[Kcandidate: â€˜[01m[Ktemplate<class type> constexpr typename std::enable_if<std::is_convertible<type, const std::vector<double, std::allocator<double> >&>::value, const std::vector<double, std::allocator<double> >&>::type rclcpp::ParameterValue::get() const[m[Kâ€™
[1.821s]   339 |   [01;36m[Kget[m[K() const
[1.821s]       |   [01;36m[K^~~[m[K
[1.821s] [01m[K/opt/ros/humble/include/rclcpp/rclcpp/parameter_value.hpp:339:3:[m[K [01;36m[Knote: [m[K  template argument deduction/substitution failed:
[1.821s] /opt/ros/humble/include/rclcpp/rclcpp/parameter_value.hpp: In substitution of â€˜[01m[Ktemplate<class type> constexpr typename std::enable_if<std::is_convertible<type, const std::vector<double, std::allocator<double> >&>::value, const std::vector<double, std::allocator<double> >&>::type rclcpp::ParameterValue::get() const [with type = std::map<std::__cxx11::basic_string<char>, bool>][m[Kâ€™:
[1.821s] [01m[K/opt/ros/humble/include/rclcpp/rclcpp/parameter.hpp:239:49:[m[K   required from â€˜[01m[Kauto rclcpp::detail::get_value_helper(const rclcpp::Parameter*) [with T = std::map<std::__cxx11::basic_string<char>, bool>][m[Kâ€™
[1.822s] [01m[K/opt/ros/humble/include/rclcpp/rclcpp/parameter.hpp:274:39:[m[K   required from â€˜[01m[Kdecltype(auto) rclcpp::Parameter::get_value() const [with T = std::map<std::__cxx11::basic_string<char>, bool>][m[Kâ€™
[1.822s] [01m[K/opt/ros/humble/include/rclcpp/rclcpp/node_impl.hpp:294:80:[m[K   required from â€˜[01m[Kbool rclcpp::Node::get_parameter(const string&, ParameterT&) const [with ParameterT = std::map<std::__cxx11::basic_string<char>, bool>; std::string = std::__cxx11::basic_string<char>][m[Kâ€™
[1.822s] [01m[K/home/devuser/AOX/ros_ws/cpp_pubsub/src/watchdog.cpp:12:26:[m[K   required from here
[1.822s] [01m[K/opt/ros/humble/include/rclcpp/rclcpp/parameter_value.hpp:339:3:[m[K [01;31m[Kerror: [m[Kno type named â€˜[01m[Ktype[m[Kâ€™ in â€˜[01m[Kstruct std::enable_if<false, const std::vector<double, std::allocator<double> >&>[m[Kâ€™
[1.822s] /opt/ros/humble/include/rclcpp/rclcpp/parameter.hpp: In instantiation of â€˜[01m[Kauto rclcpp::detail::get_value_helper(const rclcpp::Parameter*) [with T = std::map<std::__cxx11::basic_string<char>, bool>][m[Kâ€™:
[1.822s] [01m[K/opt/ros/humble/include/rclcpp/rclcpp/parameter.hpp:274:39:[m[K   required from â€˜[01m[Kdecltype(auto) rclcpp::Parameter::get_value() const [with T = std::map<std::__cxx11::basic_string<char>, bool>][m[Kâ€™
[1.822s] [01m[K/opt/ros/humble/include/rclcpp/rclcpp/node_impl.hpp:294:80:[m[K   required from â€˜[01m[Kbool rclcpp::Node::get_parameter(const string&, ParameterT&) const [with ParameterT = std::map<std::__cxx11::basic_string<char>, bool>; std::string = std::__cxx11::basic_string<char>][m[Kâ€™
[1.822s] [01m[K/home/devuser/AOX/ros_ws/cpp_pubsub/src/watchdog.cpp:12:26:[m[K   required from here
[1.822s] [01m[K/opt/ros/humble/include/rclcpp/rclcpp/parameter_value.hpp:349:3:[m[K [01;36m[Knote: [m[Kcandidate: â€˜[01m[Ktemplate<class type> constexpr typename std::enable_if<std::is_convertible<type, const std::vector<std::__cxx11::basic_string<char> >&>::value, const std::vector<std::__cxx11::basic_string<char> >&>::type rclcpp::ParameterValue::get() const[m[Kâ€™
[1.822s]   349 |   [01;36m[Kget[m[K() const
[1.822s]       |   [01;36m[K^~~[m[K
[1.822s] [01m[K/opt/ros/humble/include/rclcpp/rclcpp/parameter_value.hpp:349:3:[m[K [01;36m[Knote: [m[K  template argument deduction/substitution failed:
[1.822s] /opt/ros/humble/include/rclcpp/rclcpp/parameter_value.hpp: In substitution of â€˜[01m[Ktemplate<class type> constexpr typename std::enable_if<std::is_convertible<type, const std::vector<std::__cxx11::basic_string<char> >&>::value, const std::vector<std::__cxx11::basic_string<char> >&>::type rclcpp::ParameterValue::get() const [with type = std::map<std::__cxx11::basic_string<char>, bool>][m[Kâ€™:
[1.822s] [01m[K/opt/ros/humble/include/rclcpp/rclcpp/parameter.hpp:239:49:[m[K   required from â€˜[01m[Kauto rclcpp::detail::get_value_helper(const rclcpp::Parameter*) [with T = std::map<std::__cxx11::basic_string<char>, bool>][m[Kâ€™
[1.822s] [01m[K/opt/ros/humble/include/rclcpp/rclcpp/parameter.hpp:274:39:[m[K   required from â€˜[01m[Kdecltype(auto) rclcpp::Parameter::get_value() const [with T = std::map<std::__cxx11::basic_string<char>, bool>][m[Kâ€™
[1.822s] [01m[K/opt/ros/humble/include/rclcpp/rclcpp/node_impl.hpp:294:80:[m[K   required from â€˜[01m[Kbool rclcpp::Node::get_parameter(const string&, ParameterT&) const [with ParameterT = std::map<std::__cxx11::basic_string<char>, bool>; std::string = std::__cxx11::basic_string<char>][m[Kâ€™
[1.822s] [01m[K/home/devuser/AOX/ros_ws/cpp_pubsub/src/watchdog.cpp:12:26:[m[K   required from here
[1.823s] [01m[K/opt/ros/humble/include/rclcpp/rclcpp/parameter_value.hpp:349:3:[m[K [01;31m[Kerror: [m[Kno type named â€˜[01m[Ktype[m[Kâ€™ in â€˜[01m[Kstruct std::enable_if<false, const std::vector<std::__cxx11::basic_string<char> >&>[m[Kâ€™
[3.509s] gmake[2]: *** [CMakeFiles/watchdog.dir/build.make:76: CMakeFiles/watchdog.dir/src/watchdog.cpp.o] Error 1
[3.509s] gmake[1]: *** [CMakeFiles/Makefile2:193: CMakeFiles/watchdog.dir/all] Error 2
[3.509s] gmake: *** [Makefile:146: all] Error 2
[3.511s] Invoked command in '/home/devuser/AOX/ros_ws/cpp_pubsub/build/cpp_pubsub' returned '2': CMAKE_PREFIX_PATH=${CMAKE_PREFIX_PATH}:/home/devuser/AOX/ros_ws/install/rosidl_cli:/opt/ros/humble /usr/bin/cmake --build /home/devuser/AOX/ros_ws/cpp_pubsub/build/cpp_pubsub -- -j8 -l8
