[01m[K/home/devuser/AOX/ros_ws/syncasyn/src/executors.cpp:[m[K In constructor â€˜[01m[KExecutor::Executor()[m[Kâ€™:
[01m[K/home/devuser/AOX/ros_ws/syncasyn/src/executors.cpp:21:7:[m[K [01;31m[Kerror: [m[Kâ€˜[01m[Ktimer_cb_group_[m[Kâ€™ was not declared in this scope
   21 |       [01;31m[Ktimer_cb_group_[m[K = this->create_callback_group(rclcpp::CallbackGroupType::MutuallyExclusive);
      |       [01;31m[K^~~~~~~~~~~~~~~[m[K
[01m[K/home/devuser/AOX/ros_ws/syncasyn/src/executors.cpp:22:7:[m[K [01;31m[Kerror: [m[Kâ€˜[01m[Ktimer1_cb_group_[m[Kâ€™ was not declared in this scope
   22 |       [01;31m[Ktimer1_cb_group_[m[K = this->create_callback_group(rclcpp::CallbackGroupType::MutuallyExclusive);
      |       [01;31m[K^~~~~~~~~~~~~~~~[m[K
gmake[2]: *** [CMakeFiles/executor.dir/build.make:76: CMakeFiles/executor.dir/src/executors.cpp.o] Error 1
gmake[1]: *** [CMakeFiles/Makefile2:137: CMakeFiles/executor.dir/all] Error 2
gmake: *** [Makefile:146: all] Error 2
