[0.013s] Invoking command in '/home/devuser/AOX/ros_ws/callback_trials/build/callback_trials': CMAKE_PREFIX_PATH=${CMAKE_PREFIX_PATH}:/opt/ros/humble /usr/bin/cmake --build /home/devuser/AOX/ros_ws/callback_trials/build/callback_trials -- -j8 -l8
[0.029s] -- Found rclcpp: 16.0.5 (/opt/ros/humble/share/rclcpp/cmake)
[0.138s] -- Found rosidl_generator_c: 3.1.5 (/opt/ros/humble/share/rosidl_generator_c/cmake)
[0.140s] -- Found rosidl_adapter: 3.1.5 (/opt/ros/humble/share/rosidl_adapter/cmake)
[0.143s] -- Found rosidl_generator_cpp: 3.1.5 (/opt/ros/humble/share/rosidl_generator_cpp/cmake)
[0.150s] -- Using all available rosidl_typesupport_c: rosidl_typesupport_fastrtps_c;rosidl_typesupport_introspection_c
[0.164s] -- Using all available rosidl_typesupport_cpp: rosidl_typesupport_fastrtps_cpp;rosidl_typesupport_introspection_cpp
[0.209s] -- Found rmw_implementation_cmake: 6.1.1 (/opt/ros/humble/share/rmw_implementation_cmake/cmake)
[0.210s] -- Found rmw_fastrtps_cpp: 6.2.3 (/opt/ros/humble/share/rmw_fastrtps_cpp/cmake)
[0.289s] -- Using RMW implementation 'rmw_fastrtps_cpp' as default
[0.440s] -- Found std_srvs: 4.2.3 (/opt/ros/humble/share/std_srvs/cmake)
[0.467s] -- Found ament_lint_auto: 0.12.7 (/opt/ros/humble/share/ament_lint_auto/cmake)
[0.520s] -- Added test 'cppcheck' to perform static code analysis on C / C++ code
[0.520s] -- Configured cppcheck include dirs: 
[0.521s] -- Configured cppcheck exclude dirs and/or files: 
[0.521s] -- Added test 'flake8' to check Python code syntax and style conventions
[0.522s] -- Added test 'lint_cmake' to check CMake code style
[0.523s] -- Added test 'pep257' to check Python code against some of the docstring style conventions in PEP 257
[0.528s] -- Added test 'uncrustify' to check C / C++ code style
[0.528s] -- Configured uncrustify additional arguments: 
[0.528s] -- Added test 'xmllint' to check XML markup files
[0.529s] -- Configuring done
[0.536s] -- Generating done
[0.537s] -- Build files have been written to: /home/devuser/AOX/ros_ws/callback_trials/build/callback_trials
[0.561s] [ 50%] [32mBuilding CXX object CMakeFiles/client.dir/src/client.cpp.o[0m
[0.561s] [ 50%] [32mBuilding CXX object CMakeFiles/server.dir/src/server.cpp.o[0m
[0.684s] [01m[K/home/devuser/AOX/ros_ws/callback_trials/src/client.cpp:4:10:[m[K [01;31m[Kfatal error: [m[Kstd_srvs/srv/empty.hpp: No such file or directory
[0.684s]     4 | #include [01;31m[K"std_srvs/srv/empty.hpp"[m[K
[0.684s]       |          [01;31m[K^~~~~~~~~~~~~~~~~~~~~~~~[m[K
[0.684s] compilation terminated.
[0.686s] [01m[K/home/devuser/AOX/ros_ws/callback_trials/src/server.cpp:3:10:[m[K [01;31m[Kfatal error: [m[Kstd_srvs/srv/empty.hpp: No such file or directory
[0.686s]     3 | #include [01;31m[K"std_srvs/srv/empty.hpp"[m[K
[0.686s]       |          [01;31m[K^~~~~~~~~~~~~~~~~~~~~~~~[m[K
[0.686s] compilation terminated.
[0.687s] gmake[2]: *** [CMakeFiles/client.dir/build.make:76: CMakeFiles/client.dir/src/client.cpp.o] Error 1
[0.687s] gmake[1]: *** [CMakeFiles/Makefile2:165: CMakeFiles/client.dir/all] Error 2
[0.687s] gmake[1]: *** Waiting for unfinished jobs....
[0.688s] gmake[2]: *** [CMakeFiles/server.dir/build.make:76: CMakeFiles/server.dir/src/server.cpp.o] Error 1
[0.688s] gmake[1]: *** [CMakeFiles/Makefile2:139: CMakeFiles/server.dir/all] Error 2
[0.689s] gmake: *** [Makefile:146: all] Error 2
[0.690s] Invoked command in '/home/devuser/AOX/ros_ws/callback_trials/build/callback_trials' returned '2': CMAKE_PREFIX_PATH=${CMAKE_PREFIX_PATH}:/opt/ros/humble /usr/bin/cmake --build /home/devuser/AOX/ros_ws/callback_trials/build/callback_trials -- -j8 -l8
