[35m[1mConsolidate compiler generated dependencies of target talker[0m
[ 50%] Built target listener
[ 75%] [32mBuilding CXX object CMakeFiles/talker.dir/src/publisher_member_function.cpp.o[0m
In file included from [01m[K/opt/ros/humble/include/rclcpp/rclcpp/client.hpp:40[m[K,
                 from [01m[K/opt/ros/humble/include/rclcpp/rclcpp/callback_group.hpp:24[m[K,
                 from [01m[K/opt/ros/humble/include/rclcpp/rclcpp/any_executable.hpp:20[m[K,
                 from [01m[K/opt/ros/humble/include/rclcpp/rclcpp/memory_strategy.hpp:25[m[K,
                 from [01m[K/opt/ros/humble/include/rclcpp/rclcpp/memory_strategies.hpp:18[m[K,
                 from [01m[K/opt/ros/humble/include/rclcpp/rclcpp/executor_options.hpp:20[m[K,
                 from [01m[K/opt/ros/humble/include/rclcpp/rclcpp/executor.hpp:37[m[K,
                 from [01m[K/opt/ros/humble/include/rclcpp/rclcpp/executors/multi_threaded_executor.hpp:25[m[K,
                 from [01m[K/opt/ros/humble/include/rclcpp/rclcpp/executors.hpp:21[m[K,
                 from [01m[K/opt/ros/humble/include/rclcpp/rclcpp/rclcpp.hpp:155[m[K,
                 from [01m[K/home/devuser/ros2_ws/src/cpp_pubsub/src/publisher_member_function.cpp:18[m[K:
[01m[K/home/devuser/ros2_ws/src/cpp_pubsub/src/publisher_member_function.cpp:[m[K In member function â€˜[01m[Kvoid MinimalPublisher::timer_callback()[m[Kâ€™:
[01m[K/home/devuser/ros2_ws/src/cpp_pubsub/src/publisher_member_function.cpp:55:17:[m[K [01;31m[Kerror: [m[Kâ€˜[01m[Kminimal_publisher[m[Kâ€™ was not declared in this scope; did you mean â€˜[01m[KMinimalPublisher[m[Kâ€™?
   55 |     RCLCPP_INFO([01;31m[Kminimal_publisher[m[K->get_logger(), "Publishing: '%ld' : %d", message.num,callback_no);
      |                 [01;31m[K^~~~~~~~~~~~~~~~~[m[K
[01m[K/home/devuser/ros2_ws/src/cpp_pubsub/src/publisher_member_function.cpp:55:5:[m[K [01;31m[Kerror: [m[Ktemplate argument 1 is invalid
   55 |     [01;31m[KRCLCPP_INFO[m[K(minimal_publisher->get_logger(), "Publishing: '%ld' : %d", message.num,callback_no);
      |     [01;31m[K^~~~~~~~~~~[m[K
[01m[K/home/devuser/ros2_ws/src/cpp_pubsub/src/publisher_member_function.cpp:55:5:[m[K [01;31m[Kerror: [m[Kâ€˜[01m[K<declaration error>[m[Kâ€™ is not a template [[01;31m[K]8;;https://gcc.gnu.org/onlinedocs/gcc/Warning-Options.html#index-fpermissive-fpermissive]8;;[m[K]
   55 |     [01;31m[KRCLCPP_INFO[m[K(minimal_publisher->get_logger(), "Publishing: '%ld' : %d", message.num,callback_no);
      |     [01;31m[K^~~~~~~~~~~[m[K
[01m[K/home/devuser/ros2_ws/src/cpp_pubsub/src/publisher_member_function.cpp:55:5:[m[K [01;31m[Kerror: [m[Ktemplate argument 1 is invalid
   55 |     [01;31m[KRCLCPP_INFO[m[K(minimal_publisher->get_logger(), "Publishing: '%ld' : %d", message.num,callback_no);
      |     [01;31m[K^~~~~~~~~~~[m[K
[01m[K/home/devuser/ros2_ws/src/cpp_pubsub/src/publisher_member_function.cpp:55:5:[m[K [01;31m[Kerror: [m[Kâ€˜[01m[K<declaration error>[m[Kâ€™ is not a template [[01;31m[K]8;;https://gcc.gnu.org/onlinedocs/gcc/Warning-Options.html#index-fpermissive-fpermissive]8;;[m[K]
   55 |     [01;31m[KRCLCPP_INFO[m[K(minimal_publisher->get_logger(), "Publishing: '%ld' : %d", message.num,callback_no);
      |     [01;31m[K^~~~~~~~~~~[m[K
[01m[K/home/devuser/ros2_ws/src/cpp_pubsub/src/publisher_member_function.cpp:55:5:[m[K [01;31m[Kerror: [m[Ktemplate argument 1 is invalid
   55 |     [01;31m[KRCLCPP_INFO[m[K(minimal_publisher->get_logger(), "Publishing: '%ld' : %d", message.num,callback_no);
      |     [01;31m[K^~~~~~~~~~~[m[K
gmake[2]: *** [CMakeFiles/talker.dir/build.make:76: CMakeFiles/talker.dir/src/publisher_member_function.cpp.o] Error 1
gmake[1]: *** [CMakeFiles/Makefile2:139: CMakeFiles/talker.dir/all] Error 2
gmake: *** [Makefile:146: all] Error 2
