[0.013s] Invoking command in '/home/devuser/AOX/ros_ws/syncasyn/build/syncasyn': CMAKE_PREFIX_PATH=${CMAKE_PREFIX_PATH}:/opt/ros/humble /usr/bin/cmake /home/devuser/AOX/ros_ws/syncasyn -DCMAKE_INSTALL_PREFIX=/home/devuser/AOX/ros_ws/syncasyn/install/syncasyn
[0.022s] -- Found ament_cmake: 1.3.5 (/opt/ros/humble/share/ament_cmake/cmake)
[0.116s] -- Found rclcpp: 16.0.5 (/opt/ros/humble/share/rclcpp/cmake)
[0.135s] -- Found rosidl_generator_c: 3.1.5 (/opt/ros/humble/share/rosidl_generator_c/cmake)
[0.137s] -- Found rosidl_adapter: 3.1.5 (/opt/ros/humble/share/rosidl_adapter/cmake)
[0.141s] -- Found rosidl_generator_cpp: 3.1.5 (/opt/ros/humble/share/rosidl_generator_cpp/cmake)
[0.148s] -- Using all available rosidl_typesupport_c: rosidl_typesupport_fastrtps_c;rosidl_typesupport_introspection_c
[0.160s] -- Using all available rosidl_typesupport_cpp: rosidl_typesupport_fastrtps_cpp;rosidl_typesupport_introspection_cpp
[0.199s] -- Found rmw_implementation_cmake: 6.1.1 (/opt/ros/humble/share/rmw_implementation_cmake/cmake)
[0.199s] -- Found rmw_fastrtps_cpp: 6.2.3 (/opt/ros/humble/share/rmw_fastrtps_cpp/cmake)
[0.280s] -- Using RMW implementation 'rmw_fastrtps_cpp' as default
[0.388s] -- Found ament_lint_auto: 0.12.7 (/opt/ros/humble/share/ament_lint_auto/cmake)
[0.440s] -- Added test 'cppcheck' to perform static code analysis on C / C++ code
[0.440s] -- Configured cppcheck include dirs: 
[0.440s] -- Configured cppcheck exclude dirs and/or files: 
[0.440s] -- Added test 'flake8' to check Python code syntax and style conventions
[0.442s] -- Added test 'lint_cmake' to check CMake code style
[0.442s] -- Added test 'pep257' to check Python code against some of the docstring style conventions in PEP 257
[0.447s] -- Added test 'uncrustify' to check C / C++ code style
[0.447s] -- Configured uncrustify additional arguments: 
[0.447s] -- Added test 'xmllint' to check XML markup files
[0.448s] -- Configuring done
[0.453s] -- Generating done
[0.455s] -- Build files have been written to: /home/devuser/AOX/ros_ws/syncasyn/build/syncasyn
[0.460s] Invoked command in '/home/devuser/AOX/ros_ws/syncasyn/build/syncasyn' returned '0': CMAKE_PREFIX_PATH=${CMAKE_PREFIX_PATH}:/opt/ros/humble /usr/bin/cmake /home/devuser/AOX/ros_ws/syncasyn -DCMAKE_INSTALL_PREFIX=/home/devuser/AOX/ros_ws/syncasyn/install/syncasyn
[0.462s] Invoking command in '/home/devuser/AOX/ros_ws/syncasyn/build/syncasyn': CMAKE_PREFIX_PATH=${CMAKE_PREFIX_PATH}:/opt/ros/humble /usr/bin/cmake --build /home/devuser/AOX/ros_ws/syncasyn/build/syncasyn -- -j8 -l8
[0.496s] [ 50%] [32mBuilding CXX object CMakeFiles/executor.dir/src/executors.cpp.o[0m
[1.977s] [01m[K/home/devuser/AOX/ros_ws/syncasyn/src/executors.cpp:[m[K In function â€˜[01m[Kint main(int, char**)[m[Kâ€™:
[1.977s] [01m[K/home/devuser/AOX/ros_ws/syncasyn/src/executors.cpp:41:33:[m[K [01;31m[Kerror: [m[Kâ€˜[01m[KMinimalPublisher[m[Kâ€™ was not declared in this scope
[1.977s]    41 |   rclcpp::spin(std::make_shared<[01;31m[KMinimalPublisher[m[K>());
[1.977s]       |                                 [01;31m[K^~~~~~~~~~~~~~~~[m[K
[1.977s] [01m[K/home/devuser/AOX/ros_ws/syncasyn/src/executors.cpp:41:50:[m[K [01;31m[Kerror: [m[Kno matching function for call to â€˜[01m[Kmake_shared<<expression error> >()[m[Kâ€™
[1.977s]    41 |   rclcpp::spin([01;31m[Kstd::make_shared<MinimalPublisher>()[m[K);
[1.977s]       |                [01;31m[K~~~~~~~~~~~~~~~~~~~~~~~~~~~~~~~~~~^~[m[K
[1.978s] In file included from [01m[K/usr/include/c++/11/memory:77[m[K,
[1.978s]                  from [01m[K/home/devuser/AOX/ros_ws/syncasyn/src/executors.cpp:3[m[K:
[1.978s] [01m[K/usr/include/c++/11/bits/shared_ptr.h:875:5:[m[K [01;36m[Knote: [m[Kcandidate: â€˜[01m[Ktemplate<class _Tp, class ... _Args> std::shared_ptr<_Tp> std::make_shared(_Args&& ...)[m[Kâ€™
[1.978s]   875 |     [01;36m[Kmake_shared[m[K(_Args&&... __args)
[1.978s]       |     [01;36m[K^~~~~~~~~~~[m[K
[1.978s] [01m[K/usr/include/c++/11/bits/shared_ptr.h:875:5:[m[K [01;36m[Knote: [m[K  template argument deduction/substitution failed:
[1.978s] [01m[K/home/devuser/AOX/ros_ws/syncasyn/src/executors.cpp:41:50:[m[K [01;31m[Kerror: [m[Ktemplate argument 1 is invalid
[1.978s]    41 |   rclcpp::spin([01;31m[Kstd::make_shared<MinimalPublisher>()[m[K);
[1.978s]       |                [01;31m[K~~~~~~~~~~~~~~~~~~~~~~~~~~~~~~~~~~^~[m[K
[2.468s] gmake[2]: *** [CMakeFiles/executor.dir/build.make:76: CMakeFiles/executor.dir/src/executors.cpp.o] Error 1
[2.468s] gmake[1]: *** [CMakeFiles/Makefile2:137: CMakeFiles/executor.dir/all] Error 2
[2.468s] gmake: *** [Makefile:146: all] Error 2
[2.470s] Invoked command in '/home/devuser/AOX/ros_ws/syncasyn/build/syncasyn' returned '2': CMAKE_PREFIX_PATH=${CMAKE_PREFIX_PATH}:/opt/ros/humble /usr/bin/cmake --build /home/devuser/AOX/ros_ws/syncasyn/build/syncasyn -- -j8 -l8
