[0.013s] Invoking command in '/home/devuser/AOX/ros_ws/syncasyn/build/syncasyn': CMAKE_PREFIX_PATH=${CMAKE_PREFIX_PATH}:/opt/ros/humble /usr/bin/cmake --build /home/devuser/AOX/ros_ws/syncasyn/build/syncasyn -- -j8 -l8
[0.046s] [35m[1mConsolidate compiler generated dependencies of target executor[0m
[0.063s] [ 50%] [32mBuilding CXX object CMakeFiles/executor.dir/src/executors.cpp.o[0m
[1.578s] [01m[K/home/devuser/AOX/ros_ws/syncasyn/src/executors.cpp:[m[K In member function â€˜[01m[Kvoid Executor::timer_callback1()[m[Kâ€™:
[1.578s] [01m[K/home/devuser/AOX/ros_ws/syncasyn/src/executors.cpp:40:5:[m[K [01;31m[Kerror: [m[Kexpected â€˜[01m[K;[m[Kâ€™ before â€˜[01m[K}[m[Kâ€™ token
[1.578s]    40 |     [01;31m[K}[m[K
[1.578s]       |     [01;31m[K^[m[K
[2.142s] gmake[2]: *** [CMakeFiles/executor.dir/build.make:76: CMakeFiles/executor.dir/src/executors.cpp.o] Error 1
[2.142s] gmake[1]: *** [CMakeFiles/Makefile2:137: CMakeFiles/executor.dir/all] Error 2
[2.142s] gmake: *** [Makefile:146: all] Error 2
[2.143s] Invoked command in '/home/devuser/AOX/ros_ws/syncasyn/build/syncasyn' returned '2': CMAKE_PREFIX_PATH=${CMAKE_PREFIX_PATH}:/opt/ros/humble /usr/bin/cmake --build /home/devuser/AOX/ros_ws/syncasyn/build/syncasyn -- -j8 -l8
