[0.016s] Invoking command in '/home/devuser/AOX/ros_ws/cpp_pubsub/build/cpp_pubsub': CMAKE_PREFIX_PATH=${CMAKE_PREFIX_PATH}:/opt/ros/humble /usr/bin/cmake --build /home/devuser/AOX/ros_ws/cpp_pubsub/build/cpp_pubsub -- -j8 -l8
[0.049s] [35m[1mConsolidate compiler generated dependencies of target watchdog[0m
[0.060s] [ 66%] Built target talker
[0.060s] [ 66%] Built target listener
[0.071s] [ 83%] [32mBuilding CXX object CMakeFiles/watchdog.dir/src/watchdog.cpp.o[0m
[1.778s] [01m[K/home/devuser/AOX/ros_ws/cpp_pubsub/src/watchdog.cpp:[m[K In member function â€˜[01m[Kvoid WatchdogNode::checkPublisherStatus()[m[Kâ€™:
[1.778s] [01m[K/home/devuser/AOX/ros_ws/cpp_pubsub/src/watchdog.cpp:38:29:[m[K [01;31m[Kerror: [m[Kâ€˜[01m[Kclass WatchdogNode[m[Kâ€™ has no member named â€˜[01m[Kclient_[m[Kâ€™
[1.778s]    38 |         auto future = this->[01;31m[Kclient_[m[K->async_send_request(request);
[1.778s]       |                             [01;31m[K^~~~~~~[m[K
[1.778s] [01m[K/home/devuser/AOX/ros_ws/cpp_pubsub/src/watchdog.cpp:40:87:[m[K [01;31m[Kerror: [m[Kâ€˜[01m[Krclcpp::executor[m[Kâ€™ has not been declared
[1.778s]    40 |         if (rclcpp::spin_until_future_complete(shared_from_this(), future) == rclcpp::[01;31m[Kexecutor[m[K::FutureReturnCode::SUCCESS) {
[1.778s]       |                                                                                       [01;31m[K^~~~~~~~[m[K
[3.527s] gmake[2]: *** [CMakeFiles/watchdog.dir/build.make:76: CMakeFiles/watchdog.dir/src/watchdog.cpp.o] Error 1
[3.527s] gmake[1]: *** [CMakeFiles/Makefile2:193: CMakeFiles/watchdog.dir/all] Error 2
[3.527s] gmake: *** [Makefile:146: all] Error 2
[3.530s] Invoked command in '/home/devuser/AOX/ros_ws/cpp_pubsub/build/cpp_pubsub' returned '2': CMAKE_PREFIX_PATH=${CMAKE_PREFIX_PATH}:/opt/ros/humble /usr/bin/cmake --build /home/devuser/AOX/ros_ws/cpp_pubsub/build/cpp_pubsub -- -j8 -l8
