[35m[1mConsolidate compiler generated dependencies of target executor[0m
[ 50%] [32mBuilding CXX object CMakeFiles/executor.dir/src/executors.cpp.o[0m
[01m[K/home/devuser/AOX/ros_ws/syncasyn/src/executors.cpp:[m[K In function â€˜[01m[Kint main(int, char**)[m[Kâ€™:
[01m[K/home/devuser/AOX/ros_ws/syncasyn/src/executors.cpp:44:16:[m[K [01;31m[Kerror: [m[Kâ€˜[01m[Knode[m[Kâ€™ was not declared in this scope; did you mean â€˜[01m[Knode3[m[Kâ€™?
   44 |   rclcpp::spin([01;31m[Knode[m[K);
      |                [01;31m[K^~~~[m[K
      |                [32m[Knode3[m[K
gmake[2]: *** [CMakeFiles/executor.dir/build.make:76: CMakeFiles/executor.dir/src/executors.cpp.o] Error 1
gmake[1]: *** [CMakeFiles/Makefile2:137: CMakeFiles/executor.dir/all] Error 2
gmake: *** [Makefile:146: all] Error 2
