[0.015s] Invoking command in '/home/devuser/AOX/ros_ws/cpp_pubsub/build/cpp_pubsub': CMAKE_PREFIX_PATH=${CMAKE_PREFIX_PATH}:/opt/ros/humble /usr/bin/cmake --build /home/devuser/AOX/ros_ws/cpp_pubsub/build/cpp_pubsub -- -j8 -l8
[0.050s] [35m[1mConsolidate compiler generated dependencies of target watchdog[0m
[0.051s] [35m[1mConsolidate compiler generated dependencies of target listener[0m
[0.061s] [ 33%] Built target talker
[0.066s] [ 50%] [32mBuilding CXX object CMakeFiles/watchdog.dir/src/watchdog.cpp.o[0m
[0.070s] [ 66%] [32mBuilding CXX object CMakeFiles/listener.dir/src/subscriber_member_function.cpp.o[0m
[1.890s] [01m[K/home/devuser/AOX/ros_ws/cpp_pubsub/src/subscriber_member_function.cpp:[m[K In function â€˜[01m[Kvoid notify(std::shared_ptr<tutorial_interfaces::srv::Empty_Request_<std::allocator<void> > >, std::shared_ptr<tutorial_interfaces::srv::Empty_Response_<std::allocator<void> > >)[m[Kâ€™:
[1.890s] [01m[K/home/devuser/AOX/ros_ws/cpp_pubsub/src/subscriber_member_function.cpp:13:77:[m[K [01;35m[Kwarning: [m[Kunused parameter â€˜[01m[Krequest[m[Kâ€™ [[01;35m[K]8;;https://gcc.gnu.org/onlinedocs/gcc/Warning-Options.html#index-Wunused-parameter-Wunused-parameter]8;;[m[K]
[1.890s]    13 | void notify([01;35m[Kconst std::shared_ptr<tutorial_interfaces::srv::Empty::Request> request[m[K,
[1.890s]       |             [01;35m[K~~~~~~~~~~~~~~~~~~~~~~~~~~~~~~~~~~~~~~~~~~~~~~~~~~~~~~~~~~~~~~~~^~~~~~~[m[K
[1.890s] [01m[K/home/devuser/AOX/ros_ws/cpp_pubsub/src/subscriber_member_function.cpp:14:75:[m[K [01;35m[Kwarning: [m[Kunused parameter â€˜[01m[Kresponse[m[Kâ€™ [[01;35m[K]8;;https://gcc.gnu.org/onlinedocs/gcc/Warning-Options.html#index-Wunused-parameter-Wunused-parameter]8;;[m[K]
[1.890s]    14 |           [01;35m[Kstd::shared_ptr<tutorial_interfaces::srv::Empty::Response>      response[m[K)
[1.890s]       |           [01;35m[K~~~~~~~~~~~~~~~~~~~~~~~~~~~~~~~~~~~~~~~~~~~~~~~~~~~~~~~~~~~~~~~~^~~~~~~~[m[K
[1.933s] In file included from [01m[K/opt/ros/humble/include/rclcpp/rclcpp/logging.hpp:24[m[K,
[1.933s]                  from [01m[K/opt/ros/humble/include/rclcpp/rclcpp/client.hpp:40[m[K,
[1.933s]                  from [01m[K/opt/ros/humble/include/rclcpp/rclcpp/callback_group.hpp:24[m[K,
[1.933s]                  from [01m[K/opt/ros/humble/include/rclcpp/rclcpp/any_executable.hpp:20[m[K,
[1.933s]                  from [01m[K/opt/ros/humble/include/rclcpp/rclcpp/memory_strategy.hpp:25[m[K,
[1.933s]                  from [01m[K/opt/ros/humble/include/rclcpp/rclcpp/memory_strategies.hpp:18[m[K,
[1.933s]                  from [01m[K/opt/ros/humble/include/rclcpp/rclcpp/executor_options.hpp:20[m[K,
[1.933s]                  from [01m[K/opt/ros/humble/include/rclcpp/rclcpp/executor.hpp:37[m[K,
[1.933s]                  from [01m[K/opt/ros/humble/include/rclcpp/rclcpp/executors/multi_threaded_executor.hpp:25[m[K,
[1.933s]                  from [01m[K/opt/ros/humble/include/rclcpp/rclcpp/executors.hpp:21[m[K,
[1.933s]                  from [01m[K/opt/ros/humble/include/rclcpp/rclcpp/rclcpp.hpp:155[m[K,
[1.933s]                  from [01m[K/home/devuser/AOX/ros_ws/cpp_pubsub/src/subscriber_member_function.cpp:3[m[K:
[1.934s] [01m[K/home/devuser/AOX/ros_ws/cpp_pubsub/src/subscriber_member_function.cpp:[m[K In member function â€˜[01m[Kvoid MinimalSubscriber::topic_callback(tutorial_interfaces::msg::Num_<std::allocator<void> >::SharedPtr) const[m[Kâ€™:
[1.934s] [01m[K/home/devuser/AOX/ros_ws/cpp_pubsub/src/subscriber_member_function.cpp:50:37:[m[K [01;35m[Kwarning: [m[Kformat â€˜[01m[K%d[m[Kâ€™ expects argument of type â€˜[01m[Kint[m[Kâ€™, but argument 5 has type â€˜[01m[Ktutorial_interfaces::msg::Num_<std::allocator<void> >::_num_type[m[Kâ€™ {aka â€˜[01m[Klong int[m[Kâ€™} [[01;35m[K]8;;https://gcc.gnu.org/onlinedocs/gcc/Warning-Options.html#index-Wformat=-Wformat=]8;;[m[K]
[1.934s]    50 |     RCLCPP_INFO(this->get_logger(), [01;35m[K"I heard: '%d'"[m[K, [32m[Kmsg->num[m[K);              // CHANGE
[1.934s]       |                                     [01;35m[K^~~~~~~~~~~~~~~[m[K  [32m[K~~~~~~~~[m[K
[1.934s]       |                                                           [32m[K|[m[K
[1.934s]       |                                                           [32m[Ktutorial_interfaces::msg::Num_<std::allocator<void> >::_num_type {aka long int}[m[K
[1.934s] [01m[K/home/devuser/AOX/ros_ws/cpp_pubsub/src/subscriber_member_function.cpp:50:49:[m[K [01;36m[Knote: [m[Kformat string is defined here
[1.934s]    50 |     RCLCPP_INFO(this->get_logger(), "I heard: '[01;36m[K%d[m[K'", msg->num);              // CHANGE
[1.934s]       |                                                [01;36m[K~^[m[K
[1.934s]       |                                                 [01;36m[K|[m[K
[1.934s]       |                                                 [01;36m[Kint[m[K
[1.934s]       |                                                [32m[K%ld[m[K
[1.942s] [01m[K/home/devuser/AOX/ros_ws/cpp_pubsub/src/watchdog.cpp:[m[K In member function â€˜[01m[Kvoid WatchdogNode::checkPublisherStatus()[m[Kâ€™:
[1.942s] [01m[K/home/devuser/AOX/ros_ws/cpp_pubsub/src/watchdog.cpp:43:20:[m[K [01;31m[Kerror: [m[Kâ€˜[01m[Kargc[m[Kâ€™ was not declared in this scope
[1.942s]    43 |       rclcpp::init([01;31m[Kargc[m[K, argv);
[1.942s]       |                    [01;31m[K^~~~[m[K
[1.946s] [01m[K/home/devuser/AOX/ros_ws/cpp_pubsub/src/watchdog.cpp:43:26:[m[K [01;31m[Kerror: [m[Kâ€˜[01m[Kargv[m[Kâ€™ was not declared in this scope
[1.946s]    43 |       rclcpp::init(argc, [01;31m[Kargv[m[K);
[1.946s]       |                          [01;31m[K^~~~[m[K
[1.946s] [01m[K/home/devuser/AOX/ros_ws/cpp_pubsub/src/watchdog.cpp:47:14:[m[K [01;31m[Kerror: [m[Kreturn-statement with a value, in function returning â€˜[01m[Kvoid[m[Kâ€™ [[01;31m[K]8;;https://gcc.gnu.org/onlinedocs/gcc/Warning-Options.html#index-fpermissive-fpermissive]8;;[m[K]
[1.946s]    47 |       return [01;31m[K1[m[K;
[1.946s]       |              [01;31m[K^[m[K
[1.954s] [01m[K/home/devuser/AOX/ros_ws/cpp_pubsub/src/watchdog.cpp:51:18:[m[K [01;31m[Kerror: [m[Kâ€˜[01m[Kexample_interfaces[m[Kâ€™ was not declared in this scope; did you mean â€˜[01m[Krcl_interfaces[m[Kâ€™?
[1.954s]    51 |   rclcpp::Client<[01;31m[Kexample_interfaces[m[K::srv::AddThreeInts>::SharedPtr client =
[1.954s]       |                  [01;31m[K^~~~~~~~~~~~~~~~~~[m[K
[1.954s]       |                  [32m[Krcl_interfaces[m[K
[1.954s] [01m[K/home/devuser/AOX/ros_ws/cpp_pubsub/src/watchdog.cpp:51:55:[m[K [01;31m[Kerror: [m[Ktemplate argument 1 is invalid
[1.955s]    51 |   rclcpp::Client<example_interfaces::srv::AddThreeInts[01;31m[K>[m[K::SharedPtr client =
[1.955s]       |                                                       [01;31m[K^[m[K
[1.955s] [01m[K/home/devuser/AOX/ros_ws/cpp_pubsub/src/watchdog.cpp:51:68:[m[K [01;31m[Kerror: [m[Kqualified-id in declaration before â€˜[01m[Kclient[m[Kâ€™
[1.955s]    51 |   rclcpp::Client<example_interfaces::srv::AddThreeInts>::SharedPtr [01;31m[Kclient[m[K =
[1.955s]       |                                                                    [01;31m[K^~~~~~[m[K
[1.961s] [01m[K/home/devuser/AOX/ros_ws/cpp_pubsub/src/watchdog.cpp:58:11:[m[K [01;31m[Kerror: [m[Kâ€˜[01m[Kclient[m[Kâ€™ was not declared in this scope
[1.961s]    58 |   while (![01;31m[Kclient[m[K->wait_for_service(1s)) {
[1.961s]       |           [01;31m[K^~~~~~[m[K
[1.961s] [01m[K/home/devuser/AOX/ros_ws/cpp_pubsub/src/watchdog.cpp:58:36:[m[K [01;31m[Kerror: [m[Kunable to find numeric literal operator â€˜[01m[Koperator""s[m[Kâ€™
[1.961s]    58 |   while (!client->wait_for_service([01;31m[K1s[m[K)) {
[1.961s]       |                                    [01;31m[K^~[m[K
[1.962s] [01m[K/home/devuser/AOX/ros_ws/cpp_pubsub/src/watchdog.cpp:61:14:[m[K [01;31m[Kerror: [m[Kreturn-statement with a value, in function returning â€˜[01m[Kvoid[m[Kâ€™ [[01;31m[K]8;;https://gcc.gnu.org/onlinedocs/gcc/Warning-Options.html#index-fpermissive-fpermissive]8;;[m[K]
[1.962s]    61 |       return [01;31m[K0[m[K;
[1.962s]       |              [01;31m[K^[m[K
[1.966s] [01m[K/home/devuser/AOX/ros_ws/cpp_pubsub/src/watchdog.cpp:66:17:[m[K [01;31m[Kerror: [m[Kâ€˜[01m[Kclient[m[Kâ€™ was not declared in this scope
[1.966s]    66 |   auto result = [01;31m[Kclient[m[K->async_send_request(request);
[1.966s]       |                 [01;31m[K^~~~~~[m[K
[1.969s] [01m[K/home/devuser/AOX/ros_ws/cpp_pubsub/src/watchdog.cpp:68:42:[m[K [01;31m[Kerror: [m[Kâ€˜[01m[Knode[m[Kâ€™ was not declared in this scope; did you mean â€˜[01m[KNode[m[Kâ€™?
[1.969s]    68 |   if (rclcpp::spin_until_future_complete([01;31m[Knode[m[K, result) ==
[1.969s]       |                                          [01;31m[K^~~~[m[K
[1.969s]       |                                          [32m[KNode[m[K
[3.802s] gmake[2]: *** [CMakeFiles/watchdog.dir/build.make:76: CMakeFiles/watchdog.dir/src/watchdog.cpp.o] Error 1
[3.802s] gmake[1]: *** [CMakeFiles/Makefile2:193: CMakeFiles/watchdog.dir/all] Error 2
[3.802s] gmake[1]: *** Waiting for unfinished jobs....
[6.614s] [ 83%] [32m[1mLinking CXX executable listener[0m
[6.942s] [ 83%] Built target listener
[6.943s] gmake: *** [Makefile:146: all] Error 2
[6.945s] Invoked command in '/home/devuser/AOX/ros_ws/cpp_pubsub/build/cpp_pubsub' returned '2': CMAKE_PREFIX_PATH=${CMAKE_PREFIX_PATH}:/opt/ros/humble /usr/bin/cmake --build /home/devuser/AOX/ros_ws/cpp_pubsub/build/cpp_pubsub -- -j8 -l8
