[0.016s] Invoking command in '/home/devuser/AOX/ros_ws/syncasyn/build/syncasyn': CMAKE_PREFIX_PATH=${CMAKE_PREFIX_PATH}:/opt/ros/humble /usr/bin/cmake --build /home/devuser/AOX/ros_ws/syncasyn/build/syncasyn -- -j8 -l8
[0.044s] [35m[1mConsolidate compiler generated dependencies of target executor[0m
[0.057s] [ 50%] [32mBuilding CXX object CMakeFiles/executor.dir/src/executors.cpp.o[0m
[1.559s] [01m[K/home/devuser/AOX/ros_ws/syncasyn/src/executors.cpp:[m[K In constructor â€˜[01m[KExecutor::Executor()[m[Kâ€™:
[1.559s] [01m[K/home/devuser/AOX/ros_ws/syncasyn/src/executors.cpp:21:7:[m[K [01;31m[Kerror: [m[Kâ€˜[01m[Ktimer_cb_group_[m[Kâ€™ was not declared in this scope
[1.560s]    21 |       [01;31m[Ktimer_cb_group_[m[K = this->create_callback_group(rclcpp::CallbackGroupType::MutuallyExclusive);
[1.560s]       |       [01;31m[K^~~~~~~~~~~~~~~[m[K
[1.565s] [01m[K/home/devuser/AOX/ros_ws/syncasyn/src/executors.cpp:22:7:[m[K [01;31m[Kerror: [m[Kâ€˜[01m[Ktimer1_cb_group_[m[Kâ€™ was not declared in this scope
[1.565s]    22 |       [01;31m[Ktimer1_cb_group_[m[K = this->create_callback_group(rclcpp::CallbackGroupType::MutuallyExclusive);
[1.566s]       |       [01;31m[K^~~~~~~~~~~~~~~~[m[K
[1.575s] [01m[K/home/devuser/AOX/ros_ws/syncasyn/src/executors.cpp:[m[K In member function â€˜[01m[Kvoid Executor::timer_callback()[m[Kâ€™:
[1.576s] [01m[K/home/devuser/AOX/ros_ws/syncasyn/src/executors.cpp:36:55:[m[K [01;31m[Kerror: [m[Kâ€˜[01m[Ktimer1_cb_group_[m[Kâ€™ was not declared in this scope
[1.576s]    36 |       1s, std::bind(&Executor::timer_callback1, this),[01;31m[Ktimer1_cb_group_[m[K);
[1.576s]       |                                                       [01;31m[K^~~~~~~~~~~~~~~~[m[K
[2.098s] gmake[2]: *** [CMakeFiles/executor.dir/build.make:76: CMakeFiles/executor.dir/src/executors.cpp.o] Error 1
[2.098s] gmake[1]: *** [CMakeFiles/Makefile2:137: CMakeFiles/executor.dir/all] Error 2
[2.098s] gmake: *** [Makefile:146: all] Error 2
[2.099s] Invoked command in '/home/devuser/AOX/ros_ws/syncasyn/build/syncasyn' returned '2': CMAKE_PREFIX_PATH=${CMAKE_PREFIX_PATH}:/opt/ros/humble /usr/bin/cmake --build /home/devuser/AOX/ros_ws/syncasyn/build/syncasyn -- -j8 -l8
