[0.016s] Invoking command in '/home/devuser/AOX/ros_ws/cpp_pubsub/build/cpp_pubsub': CMAKE_PREFIX_PATH=${CMAKE_PREFIX_PATH}:/opt/ros/humble /usr/bin/cmake --build /home/devuser/AOX/ros_ws/cpp_pubsub/build/cpp_pubsub -- -j8 -l8
[0.047s] [35m[1mConsolidate compiler generated dependencies of target listener[0m
[0.047s] [35m[1mConsolidate compiler generated dependencies of target watchdog[0m
[0.057s] [ 33%] Built target talker
[0.061s] [ 66%] Built target listener
[0.063s] [ 83%] [32mBuilding CXX object CMakeFiles/watchdog.dir/src/watchdog.cpp.o[0m
[1.728s] [01m[K/home/devuser/AOX/ros_ws/cpp_pubsub/src/watchdog.cpp:[m[K In member function â€˜[01m[Kvoid WatchdogNode::checkPublisherStatus()[m[Kâ€™:
[1.728s] [01m[K/home/devuser/AOX/ros_ws/cpp_pubsub/src/watchdog.cpp:42:7:[m[K [01;31m[Kerror: [m[Kâ€˜[01m[Kargc[m[Kâ€™ was not declared in this scope
[1.729s]    42 |   if ([01;31m[Kargc[m[K != 3) {
[1.729s]       |       [01;31m[K^~~~[m[K
[1.729s] [01m[K/home/devuser/AOX/ros_ws/cpp_pubsub/src/watchdog.cpp:44:14:[m[K [01;31m[Kerror: [m[Kreturn-statement with a value, in function returning â€˜[01m[Kvoid[m[Kâ€™ [[01;31m[K]8;;https://gcc.gnu.org/onlinedocs/gcc/Warning-Options.html#index-fpermissive-fpermissive]8;;[m[K]
[1.729s]    44 |       return [01;31m[K1[m[K;
[1.729s]       |              [01;31m[K^[m[K
[1.736s] [01m[K/home/devuser/AOX/ros_ws/cpp_pubsub/src/watchdog.cpp:48:18:[m[K [01;31m[Kerror: [m[Kâ€˜[01m[Kexample_interfaces[m[Kâ€™ was not declared in this scope; did you mean â€˜[01m[Krcl_interfaces[m[Kâ€™?
[1.736s]    48 |   rclcpp::Client<[01;31m[Kexample_interfaces[m[K::srv::AddThreeInts>::SharedPtr client =
[1.736s]       |                  [01;31m[K^~~~~~~~~~~~~~~~~~[m[K
[1.736s]       |                  [32m[Krcl_interfaces[m[K
[1.736s] [01m[K/home/devuser/AOX/ros_ws/cpp_pubsub/src/watchdog.cpp:48:55:[m[K [01;31m[Kerror: [m[Ktemplate argument 1 is invalid
[1.736s]    48 |   rclcpp::Client<example_interfaces::srv::AddThreeInts[01;31m[K>[m[K::SharedPtr client =
[1.736s]       |                                                       [01;31m[K^[m[K
[1.736s] [01m[K/home/devuser/AOX/ros_ws/cpp_pubsub/src/watchdog.cpp:48:68:[m[K [01;31m[Kerror: [m[Kqualified-id in declaration before â€˜[01m[Kclient[m[Kâ€™
[1.737s]    48 |   rclcpp::Client<example_interfaces::srv::AddThreeInts>::SharedPtr [01;31m[Kclient[m[K =
[1.737s]       |                                                                    [01;31m[K^~~~~~[m[K
[1.742s] [01m[K/home/devuser/AOX/ros_ws/cpp_pubsub/src/watchdog.cpp:52:22:[m[K [01;31m[Kerror: [m[Kâ€˜[01m[Kargv[m[Kâ€™ was not declared in this scope
[1.742s]    52 |   request->a = atoll([01;31m[Kargv[m[K[1]);
[1.742s]       |                      [01;31m[K^~~~[m[K
[1.746s] [01m[K/home/devuser/AOX/ros_ws/cpp_pubsub/src/watchdog.cpp:55:11:[m[K [01;31m[Kerror: [m[Kâ€˜[01m[Kclient[m[Kâ€™ was not declared in this scope
[1.746s]    55 |   while (![01;31m[Kclient[m[K->wait_for_service(1s)) {
[1.746s]       |           [01;31m[K^~~~~~[m[K
[1.746s] [01m[K/home/devuser/AOX/ros_ws/cpp_pubsub/src/watchdog.cpp:55:36:[m[K [01;31m[Kerror: [m[Kunable to find numeric literal operator â€˜[01m[Koperator""s[m[Kâ€™
[1.746s]    55 |   while (!client->wait_for_service([01;31m[K1s[m[K)) {
[1.746s]       |                                    [01;31m[K^~[m[K
[1.746s] [01m[K/home/devuser/AOX/ros_ws/cpp_pubsub/src/watchdog.cpp:58:14:[m[K [01;31m[Kerror: [m[Kreturn-statement with a value, in function returning â€˜[01m[Kvoid[m[Kâ€™ [[01;31m[K]8;;https://gcc.gnu.org/onlinedocs/gcc/Warning-Options.html#index-fpermissive-fpermissive]8;;[m[K]
[1.746s]    58 |       return [01;31m[K0[m[K;
[1.746s]       |              [01;31m[K^[m[K
[1.750s] [01m[K/home/devuser/AOX/ros_ws/cpp_pubsub/src/watchdog.cpp:63:17:[m[K [01;31m[Kerror: [m[Kâ€˜[01m[Kclient[m[Kâ€™ was not declared in this scope
[1.750s]    63 |   auto result = [01;31m[Kclient[m[K->async_send_request(request);
[1.750s]       |                 [01;31m[K^~~~~~[m[K
[1.753s] [01m[K/home/devuser/AOX/ros_ws/cpp_pubsub/src/watchdog.cpp:65:42:[m[K [01;31m[Kerror: [m[Kâ€˜[01m[Knode[m[Kâ€™ was not declared in this scope; did you mean â€˜[01m[KNode[m[Kâ€™?
[1.753s]    65 |   if (rclcpp::spin_until_future_complete([01;31m[Knode[m[K, result) ==
[1.753s]       |                                          [01;31m[K^~~~[m[K
[1.753s]       |                                          [32m[KNode[m[K
[3.432s] gmake[2]: *** [CMakeFiles/watchdog.dir/build.make:76: CMakeFiles/watchdog.dir/src/watchdog.cpp.o] Error 1
[3.432s] gmake[1]: *** [CMakeFiles/Makefile2:193: CMakeFiles/watchdog.dir/all] Error 2
[3.432s] gmake: *** [Makefile:146: all] Error 2
[3.434s] Invoked command in '/home/devuser/AOX/ros_ws/cpp_pubsub/build/cpp_pubsub' returned '2': CMAKE_PREFIX_PATH=${CMAKE_PREFIX_PATH}:/opt/ros/humble /usr/bin/cmake --build /home/devuser/AOX/ros_ws/cpp_pubsub/build/cpp_pubsub -- -j8 -l8
