[0.017s] Invoking command in '/home/devuser/AOX/ros_ws/cpp_pubsub/build/cpp_pubsub': CMAKE_PREFIX_PATH=${CMAKE_PREFIX_PATH}:/opt/ros/humble /usr/bin/cmake --build /home/devuser/AOX/ros_ws/cpp_pubsub/build/cpp_pubsub -- -j8 -l8
[0.037s] -- Found ament_cmake: 1.3.5 (/opt/ros/humble/share/ament_cmake/cmake)
[0.146s] -- Found rclcpp: 16.0.5 (/opt/ros/humble/share/rclcpp/cmake)
[0.167s] -- Found rosidl_generator_c: 3.1.5 (/opt/ros/humble/share/rosidl_generator_c/cmake)
[0.169s] -- Found rosidl_adapter: 3.1.5 (/opt/ros/humble/share/rosidl_adapter/cmake)
[0.174s] -- Found rosidl_generator_cpp: 3.1.5 (/opt/ros/humble/share/rosidl_generator_cpp/cmake)
[0.183s] -- Using all available rosidl_typesupport_c: rosidl_typesupport_fastrtps_c;rosidl_typesupport_introspection_c
[0.195s] -- Using all available rosidl_typesupport_cpp: rosidl_typesupport_fastrtps_cpp;rosidl_typesupport_introspection_cpp
[0.241s] -- Found rmw_implementation_cmake: 6.1.1 (/opt/ros/humble/share/rmw_implementation_cmake/cmake)
[0.242s] -- Found rmw_fastrtps_cpp: 6.2.3 (/opt/ros/humble/share/rmw_fastrtps_cpp/cmake)
[0.332s] -- Using RMW implementation 'rmw_fastrtps_cpp' as default
[0.465s] -- Found tutorial_interfaces: 0.0.0 (/home/devuser/AOX/ros_ws/cpp_pubsub/src/install/tutorial_interfaces/share/tutorial_interfaces/cmake)
[0.604s] -- Configuring done
[0.616s] -- Generating done
[0.617s] -- Build files have been written to: /home/devuser/AOX/ros_ws/cpp_pubsub/build/cpp_pubsub
[0.641s] [35m[1mConsolidate compiler generated dependencies of target listener[0m
[0.641s] [35m[1mConsolidate compiler generated dependencies of target talker[0m
[0.641s] [35m[1mConsolidate compiler generated dependencies of target watchdog[0m
[0.657s] [ 66%] Built target talker
[0.657s] [ 66%] Built target listener
[0.658s] [ 83%] [32mBuilding CXX object CMakeFiles/watchdog.dir/src/watchdog.cpp.o[0m
[2.519s] [01m[K/home/devuser/AOX/ros_ws/cpp_pubsub/src/watchdog.cpp:[m[K In member function â€˜[01m[Kvoid WatchdogNode::checkPublisherStatus()[m[Kâ€™:
[2.519s] [01m[K/home/devuser/AOX/ros_ws/cpp_pubsub/src/watchdog.cpp:41:31:[m[K [01;31m[Kerror: [m[Kâ€˜[01m[Kusing element_type = struct tutorial_interfaces::srv::Empty_Response_<std::allocator<void> >[m[Kâ€™ {aka â€˜[01m[Kstruct tutorial_interfaces::srv::Empty_Response_<std::allocator<void> >[m[Kâ€™} has no member named â€˜[01m[Ksuccess[m[Kâ€™
[2.519s]    41 |             if (future.get()->[01;31m[Ksuccess[m[K) {
[2.519s]       |                               [01;31m[K^~~~~~~[m[K
[4.358s] gmake[2]: *** [CMakeFiles/watchdog.dir/build.make:76: CMakeFiles/watchdog.dir/src/watchdog.cpp.o] Error 1
[4.358s] gmake[1]: *** [CMakeFiles/Makefile2:193: CMakeFiles/watchdog.dir/all] Error 2
[4.358s] gmake: *** [Makefile:146: all] Error 2
[4.360s] Invoked command in '/home/devuser/AOX/ros_ws/cpp_pubsub/build/cpp_pubsub' returned '2': CMAKE_PREFIX_PATH=${CMAKE_PREFIX_PATH}:/opt/ros/humble /usr/bin/cmake --build /home/devuser/AOX/ros_ws/cpp_pubsub/build/cpp_pubsub -- -j8 -l8
