[35m[1mConsolidate compiler generated dependencies of target watchdog[0m
[ 66%] Built target listener
[ 66%] Built target talker
[ 83%] [32mBuilding CXX object CMakeFiles/watchdog.dir/src/watchdog.cpp.o[0m
[01m[K/home/devuser/AOX/ros_ws/cpp_pubsub/src/watchdog.cpp:[m[K In constructor â€˜[01m[KWatchdogNode::WatchdogNode()[m[Kâ€™:
[01m[K/home/devuser/AOX/ros_ws/cpp_pubsub/src/watchdog.cpp:7:13:[m[K [01;31m[Kerror: [m[Kexpected unqualified-id before â€˜[01m[Kthis[m[Kâ€™
    7 |       this->[01;31m[Kthis[m[K->declare_parameter("check_publisher_node.actions");
      |             [01;31m[K^~~~[m[K
In file included from [01m[K/opt/ros/humble/include/rclcpp/rclcpp/node_interfaces/node_parameters_interface.hpp:28[m[K,
                 from [01m[K/opt/ros/humble/include/rclcpp/rclcpp/node.hpp:54[m[K,
                 from [01m[K/opt/ros/humble/include/rclcpp/rclcpp/executors/single_threaded_executor.hpp:28[m[K,
                 from [01m[K/opt/ros/humble/include/rclcpp/rclcpp/executors.hpp:22[m[K,
                 from [01m[K/opt/ros/humble/include/rclcpp/rclcpp/rclcpp.hpp:155[m[K,
                 from [01m[K/home/devuser/AOX/ros_ws/cpp_pubsub/src/watchdog.cpp:1[m[K:
/opt/ros/humble/include/rclcpp/rclcpp/parameter.hpp: In instantiation of â€˜[01m[Kauto rclcpp::detail::get_value_helper(const rclcpp::Parameter*) [with T = std::map<std::__cxx11::basic_string<char>, bool>][m[Kâ€™:
[01m[K/opt/ros/humble/include/rclcpp/rclcpp/parameter.hpp:274:39:[m[K   required from â€˜[01m[Kdecltype(auto) rclcpp::Parameter::get_value() const [with T = std::map<std::__cxx11::basic_string<char>, bool>][m[Kâ€™
[01m[K/opt/ros/humble/include/rclcpp/rclcpp/node_impl.hpp:294:80:[m[K   required from â€˜[01m[Kbool rclcpp::Node::get_parameter(const string&, ParameterT&) const [with ParameterT = std::map<std::__cxx11::basic_string<char>, bool>; std::string = std::__cxx11::basic_string<char>][m[Kâ€™
[01m[K/home/devuser/AOX/ros_ws/cpp_pubsub/src/watchdog.cpp:8:26:[m[K   required from here
[01m[K/opt/ros/humble/include/rclcpp/rclcpp/parameter.hpp:239:49:[m[K [01;31m[Kerror: [m[Kno matching function for call to â€˜[01m[Krclcpp::ParameterValue::get<std::map<std::__cxx11::basic_string<char, std::char_traits<char>, std::allocator<char> >, bool, std::less<std::__cxx11::basic_string<char, std::char_traits<char>, std::allocator<char> > >, std::allocator<std::pair<const std::__cxx11::basic_string<char, std::char_traits<char>, std::allocator<char> >, bool> > > >() const[m[Kâ€™
  239 |   return [01;31m[Kparameter->get_parameter_value().get<T>()[m[K;
      |          [01;31m[K~~~~~~~~~~~~~~~~~~~~~~~~~~~~~~~~~~~~~~~^~[m[K
In file included from [01m[K/opt/ros/humble/include/rclcpp/rclcpp/parameter.hpp:26[m[K,
                 from [01m[K/opt/ros/humble/include/rclcpp/rclcpp/node_interfaces/node_parameters_interface.hpp:28[m[K,
                 from [01m[K/opt/ros/humble/include/rclcpp/rclcpp/node.hpp:54[m[K,
                 from [01m[K/opt/ros/humble/include/rclcpp/rclcpp/executors/single_threaded_executor.hpp:28[m[K,
                 from [01m[K/opt/ros/humble/include/rclcpp/rclcpp/executors.hpp:22[m[K,
                 from [01m[K/opt/ros/humble/include/rclcpp/rclcpp/rclcpp.hpp:155[m[K,
                 from [01m[K/home/devuser/AOX/ros_ws/cpp_pubsub/src/watchdog.cpp:1[m[K:
[01m[K/opt/ros/humble/include/rclcpp/rclcpp/parameter_value.hpp:148:3:[m[K [01;36m[Knote: [m[Kcandidate: â€˜[01m[Ktemplate<rclcpp::ParameterType type> constexpr typename std::enable_if<(type == rclcpp::PARAMETER_BOOL), const bool&>::type rclcpp::ParameterValue::get() const[m[Kâ€™
  148 |   [01;36m[Kget[m[K() const
      |   [01;36m[K^~~[m[K
[01m[K/opt/ros/humble/include/rclcpp/rclcpp/parameter_value.hpp:148:3:[m[K [01;36m[Knote: [m[K  template argument deduction/substitution failed:
In file included from [01m[K/opt/ros/humble/include/rclcpp/rclcpp/node_interfaces/node_parameters_interface.hpp:28[m[K,
                 from [01m[K/opt/ros/humble/include/rclcpp/rclcpp/node.hpp:54[m[K,
                 from [01m[K/opt/ros/humble/include/rclcpp/rclcpp/executors/single_threaded_executor.hpp:28[m[K,
                 from [01m[K/opt/ros/humble/include/rclcpp/rclcpp/executors.hpp:22[m[K,
                 from [01m[K/opt/ros/humble/include/rclcpp/rclcpp/rclcpp.hpp:155[m[K,
                 from [01m[K/home/devuser/AOX/ros_ws/cpp_pubsub/src/watchdog.cpp:1[m[K:
[01m[K/opt/ros/humble/include/rclcpp/rclcpp/parameter.hpp:239:49:[m[K [01;31m[Kerror: [m[Ktype/value mismatch at argument 1 in template parameter list for â€˜[01m[Ktemplate<rclcpp::ParameterType type> constexpr typename std::enable_if<(type == rclcpp::PARAMETER_BOOL), const bool&>::type rclcpp::ParameterValue::get() const[m[Kâ€™
  239 |   return [01;31m[Kparameter->get_parameter_value().get<T>()[m[K;
      |          [01;31m[K~~~~~~~~~~~~~~~~~~~~~~~~~~~~~~~~~~~~~~~^~[m[K
[01m[K/opt/ros/humble/include/rclcpp/rclcpp/parameter.hpp:239:49:[m[K [01;36m[Knote: [m[K  expected a constant of type â€˜[01m[Krclcpp::ParameterType[m[Kâ€™, got â€˜[01m[Kstd::map<std::__cxx11::basic_string<char>, bool>[m[Kâ€™
In file included from [01m[K/opt/ros/humble/include/rclcpp/rclcpp/parameter.hpp:26[m[K,
                 from [01m[K/opt/ros/humble/include/rclcpp/rclcpp/node_interfaces/node_parameters_interface.hpp:28[m[K,
                 from [01m[K/opt/ros/humble/include/rclcpp/rclcpp/node.hpp:54[m[K,
                 from [01m[K/opt/ros/humble/include/rclcpp/rclcpp/executors/single_threaded_executor.hpp:28[m[K,
                 from [01m[K/opt/ros/humble/include/rclcpp/rclcpp/executors.hpp:22[m[K,
                 from [01m[K/opt/ros/humble/include/rclcpp/rclcpp/rclcpp.hpp:155[m[K,
                 from [01m[K/home/devuser/AOX/ros_ws/cpp_pubsub/src/watchdog.cpp:1[m[K:
[01m[K/opt/ros/humble/include/rclcpp/rclcpp/parameter_value.hpp:159:3:[m[K [01;36m[Knote: [m[Kcandidate: â€˜[01m[Ktemplate<rclcpp::ParameterType type> constexpr typename std::enable_if<(type == rclcpp::PARAMETER_INTEGER), const long int&>::type rclcpp::ParameterValue::get() const[m[Kâ€™
  159 |   [01;36m[Kget[m[K() const
      |   [01;36m[K^~~[m[K
[01m[K/opt/ros/humble/include/rclcpp/rclcpp/parameter_value.hpp:159:3:[m[K [01;36m[Knote: [m[K  template argument deduction/substitution failed:
In file included from [01m[K/opt/ros/humble/include/rclcpp/rclcpp/node_interfaces/node_parameters_interface.hpp:28[m[K,
                 from [01m[K/opt/ros/humble/include/rclcpp/rclcpp/node.hpp:54[m[K,
                 from [01m[K/opt/ros/humble/include/rclcpp/rclcpp/executors/single_threaded_executor.hpp:28[m[K,
                 from [01m[K/opt/ros/humble/include/rclcpp/rclcpp/executors.hpp:22[m[K,
                 from [01m[K/opt/ros/humble/include/rclcpp/rclcpp/rclcpp.hpp:155[m[K,
                 from [01m[K/home/devuser/AOX/ros_ws/cpp_pubsub/src/watchdog.cpp:1[m[K:
[01m[K/opt/ros/humble/include/rclcpp/rclcpp/parameter.hpp:239:49:[m[K [01;31m[Kerror: [m[Ktype/value mismatch at argument 1 in template parameter list for â€˜[01m[Ktemplate<rclcpp::ParameterType type> constexpr typename std::enable_if<(type == rclcpp::PARAMETER_INTEGER), const long int&>::type rclcpp::ParameterValue::get() const[m[Kâ€™
  239 |   return [01;31m[Kparameter->get_parameter_value().get<T>()[m[K;
      |          [01;31m[K~~~~~~~~~~~~~~~~~~~~~~~~~~~~~~~~~~~~~~~^~[m[K
[01m[K/opt/ros/humble/include/rclcpp/rclcpp/parameter.hpp:239:49:[m[K [01;36m[Knote: [m[K  expected a constant of type â€˜[01m[Krclcpp::ParameterType[m[Kâ€™, got â€˜[01m[Kstd::map<std::__cxx11::basic_string<char>, bool>[m[Kâ€™
In file included from [01m[K/opt/ros/humble/include/rclcpp/rclcpp/parameter.hpp:26[m[K,
                 from [01m[K/opt/ros/humble/include/rclcpp/rclcpp/node_interfaces/node_parameters_interface.hpp:28[m[K,
                 from [01m[K/opt/ros/humble/include/rclcpp/rclcpp/node.hpp:54[m[K,
                 from [01m[K/opt/ros/humble/include/rclcpp/rclcpp/executors/single_threaded_executor.hpp:28[m[K,
                 from [01m[K/opt/ros/humble/include/rclcpp/rclcpp/executors.hpp:22[m[K,
                 from [01m[K/opt/ros/humble/include/rclcpp/rclcpp/rclcpp.hpp:155[m[K,
                 from [01m[K/home/devuser/AOX/ros_ws/cpp_pubsub/src/watchdog.cpp:1[m[K:
[01m[K/opt/ros/humble/include/rclcpp/rclcpp/parameter_value.hpp:170:3:[m[K [01;36m[Knote: [m[Kcandidate: â€˜[01m[Ktemplate<rclcpp::ParameterType type> constexpr typename std::enable_if<(type == rclcpp::PARAMETER_DOUBLE), const double&>::type rclcpp::ParameterValue::get() const[m[Kâ€™
  170 |   [01;36m[Kget[m[K() const
      |   [01;36m[K^~~[m[K
[01m[K/opt/ros/humble/include/rclcpp/rclcpp/parameter_value.hpp:170:3:[m[K [01;36m[Knote: [m[K  template argument deduction/substitution failed:
In file included from [01m[K/opt/ros/humble/include/rclcpp/rclcpp/node_interfaces/node_parameters_interface.hpp:28[m[K,
                 from [01m[K/opt/ros/humble/include/rclcpp/rclcpp/node.hpp:54[m[K,
                 from [01m[K/opt/ros/humble/include/rclcpp/rclcpp/executors/single_threaded_executor.hpp:28[m[K,
                 from [01m[K/opt/ros/humble/include/rclcpp/rclcpp/executors.hpp:22[m[K,
                 from [01m[K/opt/ros/humble/include/rclcpp/rclcpp/rclcpp.hpp:155[m[K,
                 from [01m[K/home/devuser/AOX/ros_ws/cpp_pubsub/src/watchdog.cpp:1[m[K:
[01m[K/opt/ros/humble/include/rclcpp/rclcpp/parameter.hpp:239:49:[m[K [01;31m[Kerror: [m[Ktype/value mismatch at argument 1 in template parameter list for â€˜[01m[Ktemplate<rclcpp::ParameterType type> constexpr typename std::enable_if<(type == rclcpp::PARAMETER_DOUBLE), const double&>::type rclcpp::ParameterValue::get() const[m[Kâ€™
  239 |   return [01;31m[Kparameter->get_parameter_value().get<T>()[m[K;
      |          [01;31m[K~~~~~~~~~~~~~~~~~~~~~~~~~~~~~~~~~~~~~~~^~[m[K
[01m[K/opt/ros/humble/include/rclcpp/rclcpp/parameter.hpp:239:49:[m[K [01;36m[Knote: [m[K  expected a constant of type â€˜[01m[Krclcpp::ParameterType[m[Kâ€™, got â€˜[01m[Kstd::map<std::__cxx11::basic_string<char>, bool>[m[Kâ€™
In file included from [01m[K/opt/ros/humble/include/rclcpp/rclcpp/parameter.hpp:26[m[K,
                 from [01m[K/opt/ros/humble/include/rclcpp/rclcpp/node_interfaces/node_parameters_interface.hpp:28[m[K,
                 from [01m[K/opt/ros/humble/include/rclcpp/rclcpp/node.hpp:54[m[K,
                 from [01m[K/opt/ros/humble/include/rclcpp/rclcpp/executors/single_threaded_executor.hpp:28[m[K,
                 from [01m[K/opt/ros/humble/include/rclcpp/rclcpp/executors.hpp:22[m[K,
                 from [01m[K/opt/ros/humble/include/rclcpp/rclcpp/rclcpp.hpp:155[m[K,
                 from [01m[K/home/devuser/AOX/ros_ws/cpp_pubsub/src/watchdog.cpp:1[m[K:
[01m[K/opt/ros/humble/include/rclcpp/rclcpp/parameter_value.hpp:181:3:[m[K [01;36m[Knote: [m[Kcandidate: â€˜[01m[Ktemplate<rclcpp::ParameterType type> constexpr typename std::enable_if<(type == rclcpp::PARAMETER_STRING), const std::__cxx11::basic_string<char>&>::type rclcpp::ParameterValue::get() const[m[Kâ€™
  181 |   [01;36m[Kget[m[K() const
      |   [01;36m[K^~~[m[K
[01m[K/opt/ros/humble/include/rclcpp/rclcpp/parameter_value.hpp:181:3:[m[K [01;36m[Knote: [m[K  template argument deduction/substitution failed:
In file included from [01m[K/opt/ros/humble/include/rclcpp/rclcpp/node_interfaces/node_parameters_interface.hpp:28[m[K,
                 from [01m[K/opt/ros/humble/include/rclcpp/rclcpp/node.hpp:54[m[K,
                 from [01m[K/opt/ros/humble/include/rclcpp/rclcpp/executors/single_threaded_executor.hpp:28[m[K,
                 from [01m[K/opt/ros/humble/include/rclcpp/rclcpp/executors.hpp:22[m[K,
                 from [01m[K/opt/ros/humble/include/rclcpp/rclcpp/rclcpp.hpp:155[m[K,
                 from [01m[K/home/devuser/AOX/ros_ws/cpp_pubsub/src/watchdog.cpp:1[m[K:
[01m[K/opt/ros/humble/include/rclcpp/rclcpp/parameter.hpp:239:49:[m[K [01;31m[Kerror: [m[Ktype/value mismatch at argument 1 in template parameter list for â€˜[01m[Ktemplate<rclcpp::ParameterType type> constexpr typename std::enable_if<(type == rclcpp::PARAMETER_STRING), const std::__cxx11::basic_string<char>&>::type rclcpp::ParameterValue::get() const[m[Kâ€™
  239 |   return [01;31m[Kparameter->get_parameter_value().get<T>()[m[K;
      |          [01;31m[K~~~~~~~~~~~~~~~~~~~~~~~~~~~~~~~~~~~~~~~^~[m[K
[01m[K/opt/ros/humble/include/rclcpp/rclcpp/parameter.hpp:239:49:[m[K [01;36m[Knote: [m[K  expected a constant of type â€˜[01m[Krclcpp::ParameterType[m[Kâ€™, got â€˜[01m[Kstd::map<std::__cxx11::basic_string<char>, bool>[m[Kâ€™
In file included from [01m[K/opt/ros/humble/include/rclcpp/rclcpp/parameter.hpp:26[m[K,
                 from [01m[K/opt/ros/humble/include/rclcpp/rclcpp/node_interfaces/node_parameters_interface.hpp:28[m[K,
                 from [01m[K/opt/ros/humble/include/rclcpp/rclcpp/node.hpp:54[m[K,
                 from [01m[K/opt/ros/humble/include/rclcpp/rclcpp/executors/single_threaded_executor.hpp:28[m[K,
                 from [01m[K/opt/ros/humble/include/rclcpp/rclcpp/executors.hpp:22[m[K,
                 from [01m[K/opt/ros/humble/include/rclcpp/rclcpp/rclcpp.hpp:155[m[K,
                 from [01m[K/home/devuser/AOX/ros_ws/cpp_pubsub/src/watchdog.cpp:1[m[K:
[01m[K/opt/ros/humble/include/rclcpp/rclcpp/parameter_value.hpp:193:3:[m[K [01;36m[Knote: [m[Kcandidate: â€˜[01m[Ktemplate<rclcpp::ParameterType type> constexpr typename std::enable_if<(type == rclcpp::PARAMETER_BYTE_ARRAY), const std::vector<unsigned char, std::allocator<unsigned char> >&>::type rclcpp::ParameterValue::get() const[m[Kâ€™
  193 |   [01;36m[Kget[m[K() const
      |   [01;36m[K^~~[m[K
[01m[K/opt/ros/humble/include/rclcpp/rclcpp/parameter_value.hpp:193:3:[m[K [01;36m[Knote: [m[K  template argument deduction/substitution failed:
In file included from [01m[K/opt/ros/humble/include/rclcpp/rclcpp/node_interfaces/node_parameters_interface.hpp:28[m[K,
                 from [01m[K/opt/ros/humble/include/rclcpp/rclcpp/node.hpp:54[m[K,
                 from [01m[K/opt/ros/humble/include/rclcpp/rclcpp/executors/single_threaded_executor.hpp:28[m[K,
                 from [01m[K/opt/ros/humble/include/rclcpp/rclcpp/executors.hpp:22[m[K,
                 from [01m[K/opt/ros/humble/include/rclcpp/rclcpp/rclcpp.hpp:155[m[K,
                 from [01m[K/home/devuser/AOX/ros_ws/cpp_pubsub/src/watchdog.cpp:1[m[K:
[01m[K/opt/ros/humble/include/rclcpp/rclcpp/parameter.hpp:239:49:[m[K [01;31m[Kerror: [m[Ktype/value mismatch at argument 1 in template parameter list for â€˜[01m[Ktemplate<rclcpp::ParameterType type> constexpr typename std::enable_if<(type == rclcpp::PARAMETER_BYTE_ARRAY), const std::vector<unsigned char, std::allocator<unsigned char> >&>::type rclcpp::ParameterValue::get() const[m[Kâ€™
  239 |   return [01;31m[Kparameter->get_parameter_value().get<T>()[m[K;
      |          [01;31m[K~~~~~~~~~~~~~~~~~~~~~~~~~~~~~~~~~~~~~~~^~[m[K
[01m[K/opt/ros/humble/include/rclcpp/rclcpp/parameter.hpp:239:49:[m[K [01;36m[Knote: [m[K  expected a constant of type â€˜[01m[Krclcpp::ParameterType[m[Kâ€™, got â€˜[01m[Kstd::map<std::__cxx11::basic_string<char>, bool>[m[Kâ€™
In file included from [01m[K/opt/ros/humble/include/rclcpp/rclcpp/parameter.hpp:26[m[K,
                 from [01m[K/opt/ros/humble/include/rclcpp/rclcpp/node_interfaces/node_parameters_interface.hpp:28[m[K,
                 from [01m[K/opt/ros/humble/include/rclcpp/rclcpp/node.hpp:54[m[K,
                 from [01m[K/opt/ros/humble/include/rclcpp/rclcpp/executors/single_threaded_executor.hpp:28[m[K,
                 from [01m[K/opt/ros/humble/include/rclcpp/rclcpp/executors.hpp:22[m[K,
                 from [01m[K/opt/ros/humble/include/rclcpp/rclcpp/rclcpp.hpp:155[m[K,
                 from [01m[K/home/devuser/AOX/ros_ws/cpp_pubsub/src/watchdog.cpp:1[m[K:
[01m[K/opt/ros/humble/include/rclcpp/rclcpp/parameter_value.hpp:205:3:[m[K [01;36m[Knote: [m[Kcandidate: â€˜[01m[Ktemplate<rclcpp::ParameterType type> constexpr typename std::enable_if<(type == rclcpp::PARAMETER_BOOL_ARRAY), const std::vector<bool, std::allocator<bool> >&>::type rclcpp::ParameterValue::get() const[m[Kâ€™
  205 |   [01;36m[Kget[m[K() const
      |   [01;36m[K^~~[m[K
[01m[K/opt/ros/humble/include/rclcpp/rclcpp/parameter_value.hpp:205:3:[m[K [01;36m[Knote: [m[K  template argument deduction/substitution failed:
In file included from [01m[K/opt/ros/humble/include/rclcpp/rclcpp/node_interfaces/node_parameters_interface.hpp:28[m[K,
                 from [01m[K/opt/ros/humble/include/rclcpp/rclcpp/node.hpp:54[m[K,
                 from [01m[K/opt/ros/humble/include/rclcpp/rclcpp/executors/single_threaded_executor.hpp:28[m[K,
                 from [01m[K/opt/ros/humble/include/rclcpp/rclcpp/executors.hpp:22[m[K,
                 from [01m[K/opt/ros/humble/include/rclcpp/rclcpp/rclcpp.hpp:155[m[K,
                 from [01m[K/home/devuser/AOX/ros_ws/cpp_pubsub/src/watchdog.cpp:1[m[K:
[01m[K/opt/ros/humble/include/rclcpp/rclcpp/parameter.hpp:239:49:[m[K [01;31m[Kerror: [m[Ktype/value mismatch at argument 1 in template parameter list for â€˜[01m[Ktemplate<rclcpp::ParameterType type> constexpr typename std::enable_if<(type == rclcpp::PARAMETER_BOOL_ARRAY), const std::vector<bool, std::allocator<bool> >&>::type rclcpp::ParameterValue::get() const[m[Kâ€™
  239 |   return [01;31m[Kparameter->get_parameter_value().get<T>()[m[K;
      |          [01;31m[K~~~~~~~~~~~~~~~~~~~~~~~~~~~~~~~~~~~~~~~^~[m[K
[01m[K/opt/ros/humble/include/rclcpp/rclcpp/parameter.hpp:239:49:[m[K [01;36m[Knote: [m[K  expected a constant of type â€˜[01m[Krclcpp::ParameterType[m[Kâ€™, got â€˜[01m[Kstd::map<std::__cxx11::basic_string<char>, bool>[m[Kâ€™
In file included from [01m[K/opt/ros/humble/include/rclcpp/rclcpp/parameter.hpp:26[m[K,
                 from [01m[K/opt/ros/humble/include/rclcpp/rclcpp/node_interfaces/node_parameters_interface.hpp:28[m[K,
                 from [01m[K/opt/ros/humble/include/rclcpp/rclcpp/node.hpp:54[m[K,
                 from [01m[K/opt/ros/humble/include/rclcpp/rclcpp/executors/single_threaded_executor.hpp:28[m[K,
                 from [01m[K/opt/ros/humble/include/rclcpp/rclcpp/executors.hpp:22[m[K,
                 from [01m[K/opt/ros/humble/include/rclcpp/rclcpp/rclcpp.hpp:155[m[K,
                 from [01m[K/home/devuser/AOX/ros_ws/cpp_pubsub/src/watchdog.cpp:1[m[K:
[01m[K/opt/ros/humble/include/rclcpp/rclcpp/parameter_value.hpp:217:3:[m[K [01;36m[Knote: [m[Kcandidate: â€˜[01m[Ktemplate<rclcpp::ParameterType type> constexpr typename std::enable_if<(type == rclcpp::PARAMETER_INTEGER_ARRAY), const std::vector<long int, std::allocator<long int> >&>::type rclcpp::ParameterValue::get() const[m[Kâ€™
  217 |   [01;36m[Kget[m[K() const
      |   [01;36m[K^~~[m[K
[01m[K/opt/ros/humble/include/rclcpp/rclcpp/parameter_value.hpp:217:3:[m[K [01;36m[Knote: [m[K  template argument deduction/substitution failed:
In file included from [01m[K/opt/ros/humble/include/rclcpp/rclcpp/node_interfaces/node_parameters_interface.hpp:28[m[K,
                 from [01m[K/opt/ros/humble/include/rclcpp/rclcpp/node.hpp:54[m[K,
                 from [01m[K/opt/ros/humble/include/rclcpp/rclcpp/executors/single_threaded_executor.hpp:28[m[K,
                 from [01m[K/opt/ros/humble/include/rclcpp/rclcpp/executors.hpp:22[m[K,
                 from [01m[K/opt/ros/humble/include/rclcpp/rclcpp/rclcpp.hpp:155[m[K,
                 from [01m[K/home/devuser/AOX/ros_ws/cpp_pubsub/src/watchdog.cpp:1[m[K:
[01m[K/opt/ros/humble/include/rclcpp/rclcpp/parameter.hpp:239:49:[m[K [01;31m[Kerror: [m[Ktype/value mismatch at argument 1 in template parameter list for â€˜[01m[Ktemplate<rclcpp::ParameterType type> constexpr typename std::enable_if<(type == rclcpp::PARAMETER_INTEGER_ARRAY), const std::vector<long int, std::allocator<long int> >&>::type rclcpp::ParameterValue::get() const[m[Kâ€™
  239 |   return [01;31m[Kparameter->get_parameter_value().get<T>()[m[K;
      |          [01;31m[K~~~~~~~~~~~~~~~~~~~~~~~~~~~~~~~~~~~~~~~^~[m[K
[01m[K/opt/ros/humble/include/rclcpp/rclcpp/parameter.hpp:239:49:[m[K [01;36m[Knote: [m[K  expected a constant of type â€˜[01m[Krclcpp::ParameterType[m[Kâ€™, got â€˜[01m[Kstd::map<std::__cxx11::basic_string<char>, bool>[m[Kâ€™
In file included from [01m[K/opt/ros/humble/include/rclcpp/rclcpp/parameter.hpp:26[m[K,
                 from [01m[K/opt/ros/humble/include/rclcpp/rclcpp/node_interfaces/node_parameters_interface.hpp:28[m[K,
                 from [01m[K/opt/ros/humble/include/rclcpp/rclcpp/node.hpp:54[m[K,
                 from [01m[K/opt/ros/humble/include/rclcpp/rclcpp/executors/single_threaded_executor.hpp:28[m[K,
                 from [01m[K/opt/ros/humble/include/rclcpp/rclcpp/executors.hpp:22[m[K,
                 from [01m[K/opt/ros/humble/include/rclcpp/rclcpp/rclcpp.hpp:155[m[K,
                 from [01m[K/home/devuser/AOX/ros_ws/cpp_pubsub/src/watchdog.cpp:1[m[K:
[01m[K/opt/ros/humble/include/rclcpp/rclcpp/parameter_value.hpp:229:3:[m[K [01;36m[Knote: [m[Kcandidate: â€˜[01m[Ktemplate<rclcpp::ParameterType type> constexpr typename std::enable_if<(type == rclcpp::PARAMETER_DOUBLE_ARRAY), const std::vector<double, std::allocator<double> >&>::type rclcpp::ParameterValue::get() const[m[Kâ€™
  229 |   [01;36m[Kget[m[K() const
      |   [01;36m[K^~~[m[K
[01m[K/opt/ros/humble/include/rclcpp/rclcpp/parameter_value.hpp:229:3:[m[K [01;36m[Knote: [m[K  template argument deduction/substitution failed:
In file included from [01m[K/opt/ros/humble/include/rclcpp/rclcpp/node_interfaces/node_parameters_interface.hpp:28[m[K,
                 from [01m[K/opt/ros/humble/include/rclcpp/rclcpp/node.hpp:54[m[K,
                 from [01m[K/opt/ros/humble/include/rclcpp/rclcpp/executors/single_threaded_executor.hpp:28[m[K,
                 from [01m[K/opt/ros/humble/include/rclcpp/rclcpp/executors.hpp:22[m[K,
                 from [01m[K/opt/ros/humble/include/rclcpp/rclcpp/rclcpp.hpp:155[m[K,
                 from [01m[K/home/devuser/AOX/ros_ws/cpp_pubsub/src/watchdog.cpp:1[m[K:
[01m[K/opt/ros/humble/include/rclcpp/rclcpp/parameter.hpp:239:49:[m[K [01;31m[Kerror: [m[Ktype/value mismatch at argument 1 in template parameter list for â€˜[01m[Ktemplate<rclcpp::ParameterType type> constexpr typename std::enable_if<(type == rclcpp::PARAMETER_DOUBLE_ARRAY), const std::vector<double, std::allocator<double> >&>::type rclcpp::ParameterValue::get() const[m[Kâ€™
  239 |   return [01;31m[Kparameter->get_parameter_value().get<T>()[m[K;
      |          [01;31m[K~~~~~~~~~~~~~~~~~~~~~~~~~~~~~~~~~~~~~~~^~[m[K
[01m[K/opt/ros/humble/include/rclcpp/rclcpp/parameter.hpp:239:49:[m[K [01;36m[Knote: [m[K  expected a constant of type â€˜[01m[Krclcpp::ParameterType[m[Kâ€™, got â€˜[01m[Kstd::map<std::__cxx11::basic_string<char>, bool>[m[Kâ€™
In file included from [01m[K/opt/ros/humble/include/rclcpp/rclcpp/parameter.hpp:26[m[K,
                 from [01m[K/opt/ros/humble/include/rclcpp/rclcpp/node_interfaces/node_parameters_interface.hpp:28[m[K,
                 from [01m[K/opt/ros/humble/include/rclcpp/rclcpp/node.hpp:54[m[K,
                 from [01m[K/opt/ros/humble/include/rclcpp/rclcpp/executors/single_threaded_executor.hpp:28[m[K,
                 from [01m[K/opt/ros/humble/include/rclcpp/rclcpp/executors.hpp:22[m[K,
                 from [01m[K/opt/ros/humble/include/rclcpp/rclcpp/rclcpp.hpp:155[m[K,
                 from [01m[K/home/devuser/AOX/ros_ws/cpp_pubsub/src/watchdog.cpp:1[m[K:
[01m[K/opt/ros/humble/include/rclcpp/rclcpp/parameter_value.hpp:241:3:[m[K [01;36m[Knote: [m[Kcandidate: â€˜[01m[Ktemplate<rclcpp::ParameterType type> constexpr typename std::enable_if<(type == rclcpp::PARAMETER_STRING_ARRAY), const std::vector<std::__cxx11::basic_string<char> >&>::type rclcpp::ParameterValue::get() const[m[Kâ€™
  241 |   [01;36m[Kget[m[K() const
      |   [01;36m[K^~~[m[K
[01m[K/opt/ros/humble/include/rclcpp/rclcpp/parameter_value.hpp:241:3:[m[K [01;36m[Knote: [m[K  template argument deduction/substitution failed:
In file included from [01m[K/opt/ros/humble/include/rclcpp/rclcpp/node_interfaces/node_parameters_interface.hpp:28[m[K,
                 from [01m[K/opt/ros/humble/include/rclcpp/rclcpp/node.hpp:54[m[K,
                 from [01m[K/opt/ros/humble/include/rclcpp/rclcpp/executors/single_threaded_executor.hpp:28[m[K,
                 from [01m[K/opt/ros/humble/include/rclcpp/rclcpp/executors.hpp:22[m[K,
                 from [01m[K/opt/ros/humble/include/rclcpp/rclcpp/rclcpp.hpp:155[m[K,
                 from [01m[K/home/devuser/AOX/ros_ws/cpp_pubsub/src/watchdog.cpp:1[m[K:
[01m[K/opt/ros/humble/include/rclcpp/rclcpp/parameter.hpp:239:49:[m[K [01;31m[Kerror: [m[Ktype/value mismatch at argument 1 in template parameter list for â€˜[01m[Ktemplate<rclcpp::ParameterType type> constexpr typename std::enable_if<(type == rclcpp::PARAMETER_STRING_ARRAY), const std::vector<std::__cxx11::basic_string<char> >&>::type rclcpp::ParameterValue::get() const[m[Kâ€™
  239 |   return [01;31m[Kparameter->get_parameter_value().get<T>()[m[K;
      |          [01;31m[K~~~~~~~~~~~~~~~~~~~~~~~~~~~~~~~~~~~~~~~^~[m[K
[01m[K/opt/ros/humble/include/rclcpp/rclcpp/parameter.hpp:239:49:[m[K [01;36m[Knote: [m[K  expected a constant of type â€˜[01m[Krclcpp::ParameterType[m[Kâ€™, got â€˜[01m[Kstd::map<std::__cxx11::basic_string<char>, bool>[m[Kâ€™
In file included from [01m[K/opt/ros/humble/include/rclcpp/rclcpp/parameter.hpp:26[m[K,
                 from [01m[K/opt/ros/humble/include/rclcpp/rclcpp/node_interfaces/node_parameters_interface.hpp:28[m[K,
                 from [01m[K/opt/ros/humble/include/rclcpp/rclcpp/node.hpp:54[m[K,
                 from [01m[K/opt/ros/humble/include/rclcpp/rclcpp/executors/single_threaded_executor.hpp:28[m[K,
                 from [01m[K/opt/ros/humble/include/rclcpp/rclcpp/executors.hpp:22[m[K,
                 from [01m[K/opt/ros/humble/include/rclcpp/rclcpp/rclcpp.hpp:155[m[K,
                 from [01m[K/home/devuser/AOX/ros_ws/cpp_pubsub/src/watchdog.cpp:1[m[K:
[01m[K/opt/ros/humble/include/rclcpp/rclcpp/parameter_value.hpp:254:3:[m[K [01;36m[Knote: [m[Kcandidate: â€˜[01m[Ktemplate<class type> constexpr typename std::enable_if<std::is_same<T, bool>::value, const bool&>::type rclcpp::ParameterValue::get() const[m[Kâ€™
  254 |   [01;36m[Kget[m[K() const
      |   [01;36m[K^~~[m[K
[01m[K/opt/ros/humble/include/rclcpp/rclcpp/parameter_value.hpp:254:3:[m[K [01;36m[Knote: [m[K  template argument deduction/substitution failed:
/opt/ros/humble/include/rclcpp/rclcpp/parameter_value.hpp: In substitution of â€˜[01m[Ktemplate<class type> constexpr typename std::enable_if<std::is_same<T, bool>::value, const bool&>::type rclcpp::ParameterValue::get() const [with type = std::map<std::__cxx11::basic_string<char>, bool>][m[Kâ€™:
[01m[K/opt/ros/humble/include/rclcpp/rclcpp/parameter.hpp:239:49:[m[K   required from â€˜[01m[Kauto rclcpp::detail::get_value_helper(const rclcpp::Parameter*) [with T = std::map<std::__cxx11::basic_string<char>, bool>][m[Kâ€™
[01m[K/opt/ros/humble/include/rclcpp/rclcpp/parameter.hpp:274:39:[m[K   required from â€˜[01m[Kdecltype(auto) rclcpp::Parameter::get_value() const [with T = std::map<std::__cxx11::basic_string<char>, bool>][m[Kâ€™
[01m[K/opt/ros/humble/include/rclcpp/rclcpp/node_impl.hpp:294:80:[m[K   required from â€˜[01m[Kbool rclcpp::Node::get_parameter(const string&, ParameterT&) const [with ParameterT = std::map<std::__cxx11::basic_string<char>, bool>; std::string = std::__cxx11::basic_string<char>][m[Kâ€™
[01m[K/home/devuser/AOX/ros_ws/cpp_pubsub/src/watchdog.cpp:8:26:[m[K   required from here
[01m[K/opt/ros/humble/include/rclcpp/rclcpp/parameter_value.hpp:254:3:[m[K [01;31m[Kerror: [m[Kno type named â€˜[01m[Ktype[m[Kâ€™ in â€˜[01m[Kstruct std::enable_if<false, const bool&>[m[Kâ€™
/opt/ros/humble/include/rclcpp/rclcpp/parameter.hpp: In instantiation of â€˜[01m[Kauto rclcpp::detail::get_value_helper(const rclcpp::Parameter*) [with T = std::map<std::__cxx11::basic_string<char>, bool>][m[Kâ€™:
[01m[K/opt/ros/humble/include/rclcpp/rclcpp/parameter.hpp:274:39:[m[K   required from â€˜[01m[Kdecltype(auto) rclcpp::Parameter::get_value() const [with T = std::map<std::__cxx11::basic_string<char>, bool>][m[Kâ€™
[01m[K/opt/ros/humble/include/rclcpp/rclcpp/node_impl.hpp:294:80:[m[K   required from â€˜[01m[Kbool rclcpp::Node::get_parameter(const string&, ParameterT&) const [with ParameterT = std::map<std::__cxx11::basic_string<char>, bool>; std::string = std::__cxx11::basic_string<char>][m[Kâ€™
[01m[K/home/devuser/AOX/ros_ws/cpp_pubsub/src/watchdog.cpp:8:26:[m[K   required from here
[01m[K/opt/ros/humble/include/rclcpp/rclcpp/parameter_value.hpp:263:3:[m[K [01;36m[Knote: [m[Kcandidate: â€˜[01m[Ktemplate<class type> constexpr typename std::enable_if<(std::is_integral<_Tp>::value && (! std::is_same<T, bool>::value)), const long int&>::type rclcpp::ParameterValue::get() const[m[Kâ€™
  263 |   [01;36m[Kget[m[K() const
      |   [01;36m[K^~~[m[K
[01m[K/opt/ros/humble/include/rclcpp/rclcpp/parameter_value.hpp:263:3:[m[K [01;36m[Knote: [m[K  template argument deduction/substitution failed:
/opt/ros/humble/include/rclcpp/rclcpp/parameter_value.hpp: In substitution of â€˜[01m[Ktemplate<class type> constexpr typename std::enable_if<(std::is_integral<_Tp>::value && (! std::is_same<T, bool>::value)), const long int&>::type rclcpp::ParameterValue::get() const [with type = std::map<std::__cxx11::basic_string<char>, bool>][m[Kâ€™:
[01m[K/opt/ros/humble/include/rclcpp/rclcpp/parameter.hpp:239:49:[m[K   required from â€˜[01m[Kauto rclcpp::detail::get_value_helper(const rclcpp::Parameter*) [with T = std::map<std::__cxx11::basic_string<char>, bool>][m[Kâ€™
[01m[K/opt/ros/humble/include/rclcpp/rclcpp/parameter.hpp:274:39:[m[K   required from â€˜[01m[Kdecltype(auto) rclcpp::Parameter::get_value() const [with T = std::map<std::__cxx11::basic_string<char>, bool>][m[Kâ€™
[01m[K/opt/ros/humble/include/rclcpp/rclcpp/node_impl.hpp:294:80:[m[K   required from â€˜[01m[Kbool rclcpp::Node::get_parameter(const string&, ParameterT&) const [with ParameterT = std::map<std::__cxx11::basic_string<char>, bool>; std::string = std::__cxx11::basic_string<char>][m[Kâ€™
[01m[K/home/devuser/AOX/ros_ws/cpp_pubsub/src/watchdog.cpp:8:26:[m[K   required from here
[01m[K/opt/ros/humble/include/rclcpp/rclcpp/parameter_value.hpp:263:3:[m[K [01;31m[Kerror: [m[Kno type named â€˜[01m[Ktype[m[Kâ€™ in â€˜[01m[Kstruct std::enable_if<false, const long int&>[m[Kâ€™
/opt/ros/humble/include/rclcpp/rclcpp/parameter.hpp: In instantiation of â€˜[01m[Kauto rclcpp::detail::get_value_helper(const rclcpp::Parameter*) [with T = std::map<std::__cxx11::basic_string<char>, bool>][m[Kâ€™:
[01m[K/opt/ros/humble/include/rclcpp/rclcpp/parameter.hpp:274:39:[m[K   required from â€˜[01m[Kdecltype(auto) rclcpp::Parameter::get_value() const [with T = std::map<std::__cxx11::basic_string<char>, bool>][m[Kâ€™
[01m[K/opt/ros/humble/include/rclcpp/rclcpp/node_impl.hpp:294:80:[m[K   required from â€˜[01m[Kbool rclcpp::Node::get_parameter(const string&, ParameterT&) const [with ParameterT = std::map<std::__cxx11::basic_string<char>, bool>; std::string = std::__cxx11::basic_string<char>][m[Kâ€™
[01m[K/home/devuser/AOX/ros_ws/cpp_pubsub/src/watchdog.cpp:8:26:[m[K   required from here
[01m[K/opt/ros/humble/include/rclcpp/rclcpp/parameter_value.hpp:271:3:[m[K [01;36m[Knote: [m[Kcandidate: â€˜[01m[Ktemplate<class type> constexpr typename std::enable_if<std::is_floating_point<_Tp>::value, const double&>::type rclcpp::ParameterValue::get() const[m[Kâ€™
  271 |   [01;36m[Kget[m[K() const
      |   [01;36m[K^~~[m[K
[01m[K/opt/ros/humble/include/rclcpp/rclcpp/parameter_value.hpp:271:3:[m[K [01;36m[Knote: [m[K  template argument deduction/substitution failed:
/opt/ros/humble/include/rclcpp/rclcpp/parameter_value.hpp: In substitution of â€˜[01m[Ktemplate<class type> constexpr typename std::enable_if<std::is_floating_point<_Tp>::value, const double&>::type rclcpp::ParameterValue::get() const [with type = std::map<std::__cxx11::basic_string<char>, bool>][m[Kâ€™:
[01m[K/opt/ros/humble/include/rclcpp/rclcpp/parameter.hpp:239:49:[m[K   required from â€˜[01m[Kauto rclcpp::detail::get_value_helper(const rclcpp::Parameter*) [with T = std::map<std::__cxx11::basic_string<char>, bool>][m[Kâ€™
[01m[K/opt/ros/humble/include/rclcpp/rclcpp/parameter.hpp:274:39:[m[K   required from â€˜[01m[Kdecltype(auto) rclcpp::Parameter::get_value() const [with T = std::map<std::__cxx11::basic_string<char>, bool>][m[Kâ€™
[01m[K/opt/ros/humble/include/rclcpp/rclcpp/node_impl.hpp:294:80:[m[K   required from â€˜[01m[Kbool rclcpp::Node::get_parameter(const string&, ParameterT&) const [with ParameterT = std::map<std::__cxx11::basic_string<char>, bool>; std::string = std::__cxx11::basic_string<char>][m[Kâ€™
[01m[K/home/devuser/AOX/ros_ws/cpp_pubsub/src/watchdog.cpp:8:26:[m[K   required from here
[01m[K/opt/ros/humble/include/rclcpp/rclcpp/parameter_value.hpp:271:3:[m[K [01;31m[Kerror: [m[Kno type named â€˜[01m[Ktype[m[Kâ€™ in â€˜[01m[Kstruct std::enable_if<false, const double&>[m[Kâ€™
/opt/ros/humble/include/rclcpp/rclcpp/parameter.hpp: In instantiation of â€˜[01m[Kauto rclcpp::detail::get_value_helper(const rclcpp::Parameter*) [with T = std::map<std::__cxx11::basic_string<char>, bool>][m[Kâ€™:
[01m[K/opt/ros/humble/include/rclcpp/rclcpp/parameter.hpp:274:39:[m[K   required from â€˜[01m[Kdecltype(auto) rclcpp::Parameter::get_value() const [with T = std::map<std::__cxx11::basic_string<char>, bool>][m[Kâ€™
[01m[K/opt/ros/humble/include/rclcpp/rclcpp/node_impl.hpp:294:80:[m[K   required from â€˜[01m[Kbool rclcpp::Node::get_parameter(const string&, ParameterT&) const [with ParameterT = std::map<std::__cxx11::basic_string<char>, bool>; std::string = std::__cxx11::basic_string<char>][m[Kâ€™
[01m[K/home/devuser/AOX/ros_ws/cpp_pubsub/src/watchdog.cpp:8:26:[m[K   required from here
[01m[K/opt/ros/humble/include/rclcpp/rclcpp/parameter_value.hpp:279:3:[m[K [01;36m[Knote: [m[Kcandidate: â€˜[01m[Ktemplate<class type> constexpr typename std::enable_if<std::is_convertible<type, std::__cxx11::basic_string<char> >::value, const std::__cxx11::basic_string<char>&>::type rclcpp::ParameterValue::get() const[m[Kâ€™
  279 |   [01;36m[Kget[m[K() const
      |   [01;36m[K^~~[m[K
[01m[K/opt/ros/humble/include/rclcpp/rclcpp/parameter_value.hpp:279:3:[m[K [01;36m[Knote: [m[K  template argument deduction/substitution failed:
/opt/ros/humble/include/rclcpp/rclcpp/parameter_value.hpp: In substitution of â€˜[01m[Ktemplate<class type> constexpr typename std::enable_if<std::is_convertible<type, std::__cxx11::basic_string<char> >::value, const std::__cxx11::basic_string<char>&>::type rclcpp::ParameterValue::get() const [with type = std::map<std::__cxx11::basic_string<char>, bool>][m[Kâ€™:
[01m[K/opt/ros/humble/include/rclcpp/rclcpp/parameter.hpp:239:49:[m[K   required from â€˜[01m[Kauto rclcpp::detail::get_value_helper(const rclcpp::Parameter*) [with T = std::map<std::__cxx11::basic_string<char>, bool>][m[Kâ€™
[01m[K/opt/ros/humble/include/rclcpp/rclcpp/parameter.hpp:274:39:[m[K   required from â€˜[01m[Kdecltype(auto) rclcpp::Parameter::get_value() const [with T = std::map<std::__cxx11::basic_string<char>, bool>][m[Kâ€™
[01m[K/opt/ros/humble/include/rclcpp/rclcpp/node_impl.hpp:294:80:[m[K   required from â€˜[01m[Kbool rclcpp::Node::get_parameter(const string&, ParameterT&) const [with ParameterT = std::map<std::__cxx11::basic_string<char>, bool>; std::string = std::__cxx11::basic_string<char>][m[Kâ€™
[01m[K/home/devuser/AOX/ros_ws/cpp_pubsub/src/watchdog.cpp:8:26:[m[K   required from here
[01m[K/opt/ros/humble/include/rclcpp/rclcpp/parameter_value.hpp:279:3:[m[K [01;31m[Kerror: [m[Kno type named â€˜[01m[Ktype[m[Kâ€™ in â€˜[01m[Kstruct std::enable_if<false, const std::__cxx11::basic_string<char>&>[m[Kâ€™
/opt/ros/humble/include/rclcpp/rclcpp/parameter.hpp: In instantiation of â€˜[01m[Kauto rclcpp::detail::get_value_helper(const rclcpp::Parameter*) [with T = std::map<std::__cxx11::basic_string<char>, bool>][m[Kâ€™:
[01m[K/opt/ros/humble/include/rclcpp/rclcpp/parameter.hpp:274:39:[m[K   required from â€˜[01m[Kdecltype(auto) rclcpp::Parameter::get_value() const [with T = std::map<std::__cxx11::basic_string<char>, bool>][m[Kâ€™
[01m[K/opt/ros/humble/include/rclcpp/rclcpp/node_impl.hpp:294:80:[m[K   required from â€˜[01m[Kbool rclcpp::Node::get_parameter(const string&, ParameterT&) const [with ParameterT = std::map<std::__cxx11::basic_string<char>, bool>; std::string = std::__cxx11::basic_string<char>][m[Kâ€™
[01m[K/home/devuser/AOX/ros_ws/cpp_pubsub/src/watchdog.cpp:8:26:[m[K   required from here
[01m[K/opt/ros/humble/include/rclcpp/rclcpp/parameter_value.hpp:289:3:[m[K [01;36m[Knote: [m[Kcandidate: â€˜[01m[Ktemplate<class type> constexpr typename std::enable_if<std::is_convertible<type, const std::vector<unsigned char, std::allocator<unsigned char> >&>::value, const std::vector<unsigned char, std::allocator<unsigned char> >&>::type rclcpp::ParameterValue::get() const[m[Kâ€™
  289 |   [01;36m[Kget[m[K() const
      |   [01;36m[K^~~[m[K
[01m[K/opt/ros/humble/include/rclcpp/rclcpp/parameter_value.hpp:289:3:[m[K [01;36m[Knote: [m[K  template argument deduction/substitution failed:
/opt/ros/humble/include/rclcpp/rclcpp/parameter_value.hpp: In substitution of â€˜[01m[Ktemplate<class type> constexpr typename std::enable_if<std::is_convertible<type, const std::vector<unsigned char, std::allocator<unsigned char> >&>::value, const std::vector<unsigned char, std::allocator<unsigned char> >&>::type rclcpp::ParameterValue::get() const [with type = std::map<std::__cxx11::basic_string<char>, bool>][m[Kâ€™:
[01m[K/opt/ros/humble/include/rclcpp/rclcpp/parameter.hpp:239:49:[m[K   required from â€˜[01m[Kauto rclcpp::detail::get_value_helper(const rclcpp::Parameter*) [with T = std::map<std::__cxx11::basic_string<char>, bool>][m[Kâ€™
[01m[K/opt/ros/humble/include/rclcpp/rclcpp/parameter.hpp:274:39:[m[K   required from â€˜[01m[Kdecltype(auto) rclcpp::Parameter::get_value() const [with T = std::map<std::__cxx11::basic_string<char>, bool>][m[Kâ€™
[01m[K/opt/ros/humble/include/rclcpp/rclcpp/node_impl.hpp:294:80:[m[K   required from â€˜[01m[Kbool rclcpp::Node::get_parameter(const string&, ParameterT&) const [with ParameterT = std::map<std::__cxx11::basic_string<char>, bool>; std::string = std::__cxx11::basic_string<char>][m[Kâ€™
[01m[K/home/devuser/AOX/ros_ws/cpp_pubsub/src/watchdog.cpp:8:26:[m[K   required from here
[01m[K/opt/ros/humble/include/rclcpp/rclcpp/parameter_value.hpp:289:3:[m[K [01;31m[Kerror: [m[Kno type named â€˜[01m[Ktype[m[Kâ€™ in â€˜[01m[Kstruct std::enable_if<false, const std::vector<unsigned char, std::allocator<unsigned char> >&>[m[Kâ€™
/opt/ros/humble/include/rclcpp/rclcpp/parameter.hpp: In instantiation of â€˜[01m[Kauto rclcpp::detail::get_value_helper(const rclcpp::Parameter*) [with T = std::map<std::__cxx11::basic_string<char>, bool>][m[Kâ€™:
[01m[K/opt/ros/humble/include/rclcpp/rclcpp/parameter.hpp:274:39:[m[K   required from â€˜[01m[Kdecltype(auto) rclcpp::Parameter::get_value() const [with T = std::map<std::__cxx11::basic_string<char>, bool>][m[Kâ€™
[01m[K/opt/ros/humble/include/rclcpp/rclcpp/node_impl.hpp:294:80:[m[K   required from â€˜[01m[Kbool rclcpp::Node::get_parameter(const string&, ParameterT&) const [with ParameterT = std::map<std::__cxx11::basic_string<char>, bool>; std::string = std::__cxx11::basic_string<char>][m[Kâ€™
[01m[K/home/devuser/AOX/ros_ws/cpp_pubsub/src/watchdog.cpp:8:26:[m[K   required from here
[01m[K/opt/ros/humble/include/rclcpp/rclcpp/parameter_value.hpp:299:3:[m[K [01;36m[Knote: [m[Kcandidate: â€˜[01m[Ktemplate<class type> constexpr typename std::enable_if<std::is_convertible<type, const std::vector<bool, std::allocator<bool> >&>::value, const std::vector<bool, std::allocator<bool> >&>::type rclcpp::ParameterValue::get() const[m[Kâ€™
  299 |   [01;36m[Kget[m[K() const
      |   [01;36m[K^~~[m[K
[01m[K/opt/ros/humble/include/rclcpp/rclcpp/parameter_value.hpp:299:3:[m[K [01;36m[Knote: [m[K  template argument deduction/substitution failed:
/opt/ros/humble/include/rclcpp/rclcpp/parameter_value.hpp: In substitution of â€˜[01m[Ktemplate<class type> constexpr typename std::enable_if<std::is_convertible<type, const std::vector<bool, std::allocator<bool> >&>::value, const std::vector<bool, std::allocator<bool> >&>::type rclcpp::ParameterValue::get() const [with type = std::map<std::__cxx11::basic_string<char>, bool>][m[Kâ€™:
[01m[K/opt/ros/humble/include/rclcpp/rclcpp/parameter.hpp:239:49:[m[K   required from â€˜[01m[Kauto rclcpp::detail::get_value_helper(const rclcpp::Parameter*) [with T = std::map<std::__cxx11::basic_string<char>, bool>][m[Kâ€™
[01m[K/opt/ros/humble/include/rclcpp/rclcpp/parameter.hpp:274:39:[m[K   required from â€˜[01m[Kdecltype(auto) rclcpp::Parameter::get_value() const [with T = std::map<std::__cxx11::basic_string<char>, bool>][m[Kâ€™
[01m[K/opt/ros/humble/include/rclcpp/rclcpp/node_impl.hpp:294:80:[m[K   required from â€˜[01m[Kbool rclcpp::Node::get_parameter(const string&, ParameterT&) const [with ParameterT = std::map<std::__cxx11::basic_string<char>, bool>; std::string = std::__cxx11::basic_string<char>][m[Kâ€™
[01m[K/home/devuser/AOX/ros_ws/cpp_pubsub/src/watchdog.cpp:8:26:[m[K   required from here
[01m[K/opt/ros/humble/include/rclcpp/rclcpp/parameter_value.hpp:299:3:[m[K [01;31m[Kerror: [m[Kno type named â€˜[01m[Ktype[m[Kâ€™ in â€˜[01m[Kstruct std::enable_if<false, const std::vector<bool, std::allocator<bool> >&>[m[Kâ€™
/opt/ros/humble/include/rclcpp/rclcpp/parameter.hpp: In instantiation of â€˜[01m[Kauto rclcpp::detail::get_value_helper(const rclcpp::Parameter*) [with T = std::map<std::__cxx11::basic_string<char>, bool>][m[Kâ€™:
[01m[K/opt/ros/humble/include/rclcpp/rclcpp/parameter.hpp:274:39:[m[K   required from â€˜[01m[Kdecltype(auto) rclcpp::Parameter::get_value() const [with T = std::map<std::__cxx11::basic_string<char>, bool>][m[Kâ€™
[01m[K/opt/ros/humble/include/rclcpp/rclcpp/node_impl.hpp:294:80:[m[K   required from â€˜[01m[Kbool rclcpp::Node::get_parameter(const string&, ParameterT&) const [with ParameterT = std::map<std::__cxx11::basic_string<char>, bool>; std::string = std::__cxx11::basic_string<char>][m[Kâ€™
[01m[K/home/devuser/AOX/ros_ws/cpp_pubsub/src/watchdog.cpp:8:26:[m[K   required from here
[01m[K/opt/ros/humble/include/rclcpp/rclcpp/parameter_value.hpp:309:3:[m[K [01;36m[Knote: [m[Kcandidate: â€˜[01m[Ktemplate<class type> constexpr typename std::enable_if<std::is_convertible<type, const std::vector<int>&>::value, const std::vector<long int, std::allocator<long int> >&>::type rclcpp::ParameterValue::get() const[m[Kâ€™
  309 |   [01;36m[Kget[m[K() const
      |   [01;36m[K^~~[m[K
[01m[K/opt/ros/humble/include/rclcpp/rclcpp/parameter_value.hpp:309:3:[m[K [01;36m[Knote: [m[K  template argument deduction/substitution failed:
/opt/ros/humble/include/rclcpp/rclcpp/parameter_value.hpp: In substitution of â€˜[01m[Ktemplate<class type> constexpr typename std::enable_if<std::is_convertible<type, const std::vector<int>&>::value, const std::vector<long int, std::allocator<long int> >&>::type rclcpp::ParameterValue::get() const [with type = std::map<std::__cxx11::basic_string<char>, bool>][m[Kâ€™:
[01m[K/opt/ros/humble/include/rclcpp/rclcpp/parameter.hpp:239:49:[m[K   required from â€˜[01m[Kauto rclcpp::detail::get_value_helper(const rclcpp::Parameter*) [with T = std::map<std::__cxx11::basic_string<char>, bool>][m[Kâ€™
[01m[K/opt/ros/humble/include/rclcpp/rclcpp/parameter.hpp:274:39:[m[K   required from â€˜[01m[Kdecltype(auto) rclcpp::Parameter::get_value() const [with T = std::map<std::__cxx11::basic_string<char>, bool>][m[Kâ€™
[01m[K/opt/ros/humble/include/rclcpp/rclcpp/node_impl.hpp:294:80:[m[K   required from â€˜[01m[Kbool rclcpp::Node::get_parameter(const string&, ParameterT&) const [with ParameterT = std::map<std::__cxx11::basic_string<char>, bool>; std::string = std::__cxx11::basic_string<char>][m[Kâ€™
[01m[K/home/devuser/AOX/ros_ws/cpp_pubsub/src/watchdog.cpp:8:26:[m[K   required from here
[01m[K/opt/ros/humble/include/rclcpp/rclcpp/parameter_value.hpp:309:3:[m[K [01;31m[Kerror: [m[Kno type named â€˜[01m[Ktype[m[Kâ€™ in â€˜[01m[Kstruct std::enable_if<false, const std::vector<long int, std::allocator<long int> >&>[m[Kâ€™
/opt/ros/humble/include/rclcpp/rclcpp/parameter.hpp: In instantiation of â€˜[01m[Kauto rclcpp::detail::get_value_helper(const rclcpp::Parameter*) [with T = std::map<std::__cxx11::basic_string<char>, bool>][m[Kâ€™:
[01m[K/opt/ros/humble/include/rclcpp/rclcpp/parameter.hpp:274:39:[m[K   required from â€˜[01m[Kdecltype(auto) rclcpp::Parameter::get_value() const [with T = std::map<std::__cxx11::basic_string<char>, bool>][m[Kâ€™
[01m[K/opt/ros/humble/include/rclcpp/rclcpp/node_impl.hpp:294:80:[m[K   required from â€˜[01m[Kbool rclcpp::Node::get_parameter(const string&, ParameterT&) const [with ParameterT = std::map<std::__cxx11::basic_string<char>, bool>; std::string = std::__cxx11::basic_string<char>][m[Kâ€™
[01m[K/home/devuser/AOX/ros_ws/cpp_pubsub/src/watchdog.cpp:8:26:[m[K   required from here
[01m[K/opt/ros/humble/include/rclcpp/rclcpp/parameter_value.hpp:319:3:[m[K [01;36m[Knote: [m[Kcandidate: â€˜[01m[Ktemplate<class type> constexpr typename std::enable_if<std::is_convertible<type, const std::vector<long int, std::allocator<long int> >&>::value, const std::vector<long int, std::allocator<long int> >&>::type rclcpp::ParameterValue::get() const[m[Kâ€™
  319 |   [01;36m[Kget[m[K() const
      |   [01;36m[K^~~[m[K
[01m[K/opt/ros/humble/include/rclcpp/rclcpp/parameter_value.hpp:319:3:[m[K [01;36m[Knote: [m[K  template argument deduction/substitution failed:
/opt/ros/humble/include/rclcpp/rclcpp/parameter_value.hpp: In substitution of â€˜[01m[Ktemplate<class type> constexpr typename std::enable_if<std::is_convertible<type, const std::vector<long int, std::allocator<long int> >&>::value, const std::vector<long int, std::allocator<long int> >&>::type rclcpp::ParameterValue::get() const [with type = std::map<std::__cxx11::basic_string<char>, bool>][m[Kâ€™:
[01m[K/opt/ros/humble/include/rclcpp/rclcpp/parameter.hpp:239:49:[m[K   required from â€˜[01m[Kauto rclcpp::detail::get_value_helper(const rclcpp::Parameter*) [with T = std::map<std::__cxx11::basic_string<char>, bool>][m[Kâ€™
[01m[K/opt/ros/humble/include/rclcpp/rclcpp/parameter.hpp:274:39:[m[K   required from â€˜[01m[Kdecltype(auto) rclcpp::Parameter::get_value() const [with T = std::map<std::__cxx11::basic_string<char>, bool>][m[Kâ€™
[01m[K/opt/ros/humble/include/rclcpp/rclcpp/node_impl.hpp:294:80:[m[K   required from â€˜[01m[Kbool rclcpp::Node::get_parameter(const string&, ParameterT&) const [with ParameterT = std::map<std::__cxx11::basic_string<char>, bool>; std::string = std::__cxx11::basic_string<char>][m[Kâ€™
[01m[K/home/devuser/AOX/ros_ws/cpp_pubsub/src/watchdog.cpp:8:26:[m[K   required from here
[01m[K/opt/ros/humble/include/rclcpp/rclcpp/parameter_value.hpp:319:3:[m[K [01;31m[Kerror: [m[Kno type named â€˜[01m[Ktype[m[Kâ€™ in â€˜[01m[Kstruct std::enable_if<false, const std::vector<long int, std::allocator<long int> >&>[m[Kâ€™
/opt/ros/humble/include/rclcpp/rclcpp/parameter.hpp: In instantiation of â€˜[01m[Kauto rclcpp::detail::get_value_helper(const rclcpp::Parameter*) [with T = std::map<std::__cxx11::basic_string<char>, bool>][m[Kâ€™:
[01m[K/opt/ros/humble/include/rclcpp/rclcpp/parameter.hpp:274:39:[m[K   required from â€˜[01m[Kdecltype(auto) rclcpp::Parameter::get_value() const [with T = std::map<std::__cxx11::basic_string<char>, bool>][m[Kâ€™
[01m[K/opt/ros/humble/include/rclcpp/rclcpp/node_impl.hpp:294:80:[m[K   required from â€˜[01m[Kbool rclcpp::Node::get_parameter(const string&, ParameterT&) const [with ParameterT = std::map<std::__cxx11::basic_string<char>, bool>; std::string = std::__cxx11::basic_string<char>][m[Kâ€™
[01m[K/home/devuser/AOX/ros_ws/cpp_pubsub/src/watchdog.cpp:8:26:[m[K   required from here
[01m[K/opt/ros/humble/include/rclcpp/rclcpp/parameter_value.hpp:329:3:[m[K [01;36m[Knote: [m[Kcandidate: â€˜[01m[Ktemplate<class type> constexpr typename std::enable_if<std::is_convertible<type, const std::vector<float>&>::value, const std::vector<double, std::allocator<double> >&>::type rclcpp::ParameterValue::get() const[m[Kâ€™
  329 |   [01;36m[Kget[m[K() const
      |   [01;36m[K^~~[m[K
[01m[K/opt/ros/humble/include/rclcpp/rclcpp/parameter_value.hpp:329:3:[m[K [01;36m[Knote: [m[K  template argument deduction/substitution failed:
/opt/ros/humble/include/rclcpp/rclcpp/parameter_value.hpp: In substitution of â€˜[01m[Ktemplate<class type> constexpr typename std::enable_if<std::is_convertible<type, const std::vector<float>&>::value, const std::vector<double, std::allocator<double> >&>::type rclcpp::ParameterValue::get() const [with type = std::map<std::__cxx11::basic_string<char>, bool>][m[Kâ€™:
[01m[K/opt/ros/humble/include/rclcpp/rclcpp/parameter.hpp:239:49:[m[K   required from â€˜[01m[Kauto rclcpp::detail::get_value_helper(const rclcpp::Parameter*) [with T = std::map<std::__cxx11::basic_string<char>, bool>][m[Kâ€™
[01m[K/opt/ros/humble/include/rclcpp/rclcpp/parameter.hpp:274:39:[m[K   required from â€˜[01m[Kdecltype(auto) rclcpp::Parameter::get_value() const [with T = std::map<std::__cxx11::basic_string<char>, bool>][m[Kâ€™
[01m[K/opt/ros/humble/include/rclcpp/rclcpp/node_impl.hpp:294:80:[m[K   required from â€˜[01m[Kbool rclcpp::Node::get_parameter(const string&, ParameterT&) const [with ParameterT = std::map<std::__cxx11::basic_string<char>, bool>; std::string = std::__cxx11::basic_string<char>][m[Kâ€™
[01m[K/home/devuser/AOX/ros_ws/cpp_pubsub/src/watchdog.cpp:8:26:[m[K   required from here
[01m[K/opt/ros/humble/include/rclcpp/rclcpp/parameter_value.hpp:329:3:[m[K [01;31m[Kerror: [m[Kno type named â€˜[01m[Ktype[m[Kâ€™ in â€˜[01m[Kstruct std::enable_if<false, const std::vector<double, std::allocator<double> >&>[m[Kâ€™
/opt/ros/humble/include/rclcpp/rclcpp/parameter.hpp: In instantiation of â€˜[01m[Kauto rclcpp::detail::get_value_helper(const rclcpp::Parameter*) [with T = std::map<std::__cxx11::basic_string<char>, bool>][m[Kâ€™:
[01m[K/opt/ros/humble/include/rclcpp/rclcpp/parameter.hpp:274:39:[m[K   required from â€˜[01m[Kdecltype(auto) rclcpp::Parameter::get_value() const [with T = std::map<std::__cxx11::basic_string<char>, bool>][m[Kâ€™
[01m[K/opt/ros/humble/include/rclcpp/rclcpp/node_impl.hpp:294:80:[m[K   required from â€˜[01m[Kbool rclcpp::Node::get_parameter(const string&, ParameterT&) const [with ParameterT = std::map<std::__cxx11::basic_string<char>, bool>; std::string = std::__cxx11::basic_string<char>][m[Kâ€™
[01m[K/home/devuser/AOX/ros_ws/cpp_pubsub/src/watchdog.cpp:8:26:[m[K   required from here
[01m[K/opt/ros/humble/include/rclcpp/rclcpp/parameter_value.hpp:339:3:[m[K [01;36m[Knote: [m[Kcandidate: â€˜[01m[Ktemplate<class type> constexpr typename std::enable_if<std::is_convertible<type, const std::vector<double, std::allocator<double> >&>::value, const std::vector<double, std::allocator<double> >&>::type rclcpp::ParameterValue::get() const[m[Kâ€™
  339 |   [01;36m[Kget[m[K() const
      |   [01;36m[K^~~[m[K
[01m[K/opt/ros/humble/include/rclcpp/rclcpp/parameter_value.hpp:339:3:[m[K [01;36m[Knote: [m[K  template argument deduction/substitution failed:
/opt/ros/humble/include/rclcpp/rclcpp/parameter_value.hpp: In substitution of â€˜[01m[Ktemplate<class type> constexpr typename std::enable_if<std::is_convertible<type, const std::vector<double, std::allocator<double> >&>::value, const std::vector<double, std::allocator<double> >&>::type rclcpp::ParameterValue::get() const [with type = std::map<std::__cxx11::basic_string<char>, bool>][m[Kâ€™:
[01m[K/opt/ros/humble/include/rclcpp/rclcpp/parameter.hpp:239:49:[m[K   required from â€˜[01m[Kauto rclcpp::detail::get_value_helper(const rclcpp::Parameter*) [with T = std::map<std::__cxx11::basic_string<char>, bool>][m[Kâ€™
[01m[K/opt/ros/humble/include/rclcpp/rclcpp/parameter.hpp:274:39:[m[K   required from â€˜[01m[Kdecltype(auto) rclcpp::Parameter::get_value() const [with T = std::map<std::__cxx11::basic_string<char>, bool>][m[Kâ€™
[01m[K/opt/ros/humble/include/rclcpp/rclcpp/node_impl.hpp:294:80:[m[K   required from â€˜[01m[Kbool rclcpp::Node::get_parameter(const string&, ParameterT&) const [with ParameterT = std::map<std::__cxx11::basic_string<char>, bool>; std::string = std::__cxx11::basic_string<char>][m[Kâ€™
[01m[K/home/devuser/AOX/ros_ws/cpp_pubsub/src/watchdog.cpp:8:26:[m[K   required from here
[01m[K/opt/ros/humble/include/rclcpp/rclcpp/parameter_value.hpp:339:3:[m[K [01;31m[Kerror: [m[Kno type named â€˜[01m[Ktype[m[Kâ€™ in â€˜[01m[Kstruct std::enable_if<false, const std::vector<double, std::allocator<double> >&>[m[Kâ€™
/opt/ros/humble/include/rclcpp/rclcpp/parameter.hpp: In instantiation of â€˜[01m[Kauto rclcpp::detail::get_value_helper(const rclcpp::Parameter*) [with T = std::map<std::__cxx11::basic_string<char>, bool>][m[Kâ€™:
[01m[K/opt/ros/humble/include/rclcpp/rclcpp/parameter.hpp:274:39:[m[K   required from â€˜[01m[Kdecltype(auto) rclcpp::Parameter::get_value() const [with T = std::map<std::__cxx11::basic_string<char>, bool>][m[Kâ€™
[01m[K/opt/ros/humble/include/rclcpp/rclcpp/node_impl.hpp:294:80:[m[K   required from â€˜[01m[Kbool rclcpp::Node::get_parameter(const string&, ParameterT&) const [with ParameterT = std::map<std::__cxx11::basic_string<char>, bool>; std::string = std::__cxx11::basic_string<char>][m[Kâ€™
[01m[K/home/devuser/AOX/ros_ws/cpp_pubsub/src/watchdog.cpp:8:26:[m[K   required from here
[01m[K/opt/ros/humble/include/rclcpp/rclcpp/parameter_value.hpp:349:3:[m[K [01;36m[Knote: [m[Kcandidate: â€˜[01m[Ktemplate<class type> constexpr typename std::enable_if<std::is_convertible<type, const std::vector<std::__cxx11::basic_string<char> >&>::value, const std::vector<std::__cxx11::basic_string<char> >&>::type rclcpp::ParameterValue::get() const[m[Kâ€™
  349 |   [01;36m[Kget[m[K() const
      |   [01;36m[K^~~[m[K
[01m[K/opt/ros/humble/include/rclcpp/rclcpp/parameter_value.hpp:349:3:[m[K [01;36m[Knote: [m[K  template argument deduction/substitution failed:
/opt/ros/humble/include/rclcpp/rclcpp/parameter_value.hpp: In substitution of â€˜[01m[Ktemplate<class type> constexpr typename std::enable_if<std::is_convertible<type, const std::vector<std::__cxx11::basic_string<char> >&>::value, const std::vector<std::__cxx11::basic_string<char> >&>::type rclcpp::ParameterValue::get() const [with type = std::map<std::__cxx11::basic_string<char>, bool>][m[Kâ€™:
[01m[K/opt/ros/humble/include/rclcpp/rclcpp/parameter.hpp:239:49:[m[K   required from â€˜[01m[Kauto rclcpp::detail::get_value_helper(const rclcpp::Parameter*) [with T = std::map<std::__cxx11::basic_string<char>, bool>][m[Kâ€™
[01m[K/opt/ros/humble/include/rclcpp/rclcpp/parameter.hpp:274:39:[m[K   required from â€˜[01m[Kdecltype(auto) rclcpp::Parameter::get_value() const [with T = std::map<std::__cxx11::basic_string<char>, bool>][m[Kâ€™
[01m[K/opt/ros/humble/include/rclcpp/rclcpp/node_impl.hpp:294:80:[m[K   required from â€˜[01m[Kbool rclcpp::Node::get_parameter(const string&, ParameterT&) const [with ParameterT = std::map<std::__cxx11::basic_string<char>, bool>; std::string = std::__cxx11::basic_string<char>][m[Kâ€™
[01m[K/home/devuser/AOX/ros_ws/cpp_pubsub/src/watchdog.cpp:8:26:[m[K   required from here
[01m[K/opt/ros/humble/include/rclcpp/rclcpp/parameter_value.hpp:349:3:[m[K [01;31m[Kerror: [m[Kno type named â€˜[01m[Ktype[m[Kâ€™ in â€˜[01m[Kstruct std::enable_if<false, const std::vector<std::__cxx11::basic_string<char> >&>[m[Kâ€™
gmake[2]: *** [CMakeFiles/watchdog.dir/build.make:76: CMakeFiles/watchdog.dir/src/watchdog.cpp.o] Error 1
gmake[1]: *** [CMakeFiles/Makefile2:193: CMakeFiles/watchdog.dir/all] Error 2
gmake: *** [Makefile:146: all] Error 2
