[0.093s] Invoking command in '/home/devuser/AOX/ros_ws/cpp_pubsub/build/cpp_pubsub': CMAKE_PREFIX_PATH=/opt/ros/humble /usr/bin/cmake --build /home/devuser/AOX/ros_ws/cpp_pubsub/build/cpp_pubsub -- -j8 -l8
[0.846s] [ 33%] Built target talker
[0.878s] [ 50%] [32mBuilding CXX object CMakeFiles/watchdog.dir/src/watchdog.cpp.o[0m
[0.952s] [ 66%] [32mBuilding CXX object CMakeFiles/listener.dir/src/subscriber_member_function.cpp.o[0m
[3.858s] [01m[K/home/devuser/AOX/ros_ws/cpp_pubsub/src/watchdog.cpp:[m[K In constructor â€˜[01m[KWatchdogNode::WatchdogNode()[m[Kâ€™:
[3.858s] [01m[K/home/devuser/AOX/ros_ws/cpp_pubsub/src/watchdog.cpp:8:5:[m[K [01;31m[Kerror: [m[Kâ€˜[01m[Kclient_[m[Kâ€™ was not declared in this scope
[3.858s]     8 |     [01;31m[Kclient_[m[K = create_client<your_package::srv::ShutdownNode>("minimal_subscriber/shutdown");
[3.859s]       |     [01;31m[K^~~~~~~[m[K
[3.860s] [01m[K/home/devuser/AOX/ros_ws/cpp_pubsub/src/subscriber_member_function.cpp:32:21:[m[K [01;31m[Kerror: [m[Kâ€˜[01m[Kyour_package[m[Kâ€™ was not declared in this scope
[3.860s]    32 |     rclcpp::Service<[01;31m[Kyour_package[m[K::srv::ShutdownNode>::SharedPtr service_;
[3.860s]       |                     [01;31m[K^~~~~~~~~~~~[m[K
[3.860s] [01m[K/home/devuser/AOX/ros_ws/cpp_pubsub/src/subscriber_member_function.cpp:32:52:[m[K [01;31m[Kerror: [m[Ktemplate argument 1 is invalid
[3.860s]    32 |     rclcpp::Service<your_package::srv::ShutdownNode[01;31m[K>[m[K::SharedPtr service_;
[3.861s]       |                                                    [01;31m[K^[m[K
[3.861s] [01m[K/home/devuser/AOX/ros_ws/cpp_pubsub/src/subscriber_member_function.cpp:32:55:[m[K [01;31m[Kerror: [m[Kexpected â€˜[01m[K;[m[Kâ€™ at end of member declaration
[3.861s]    32 |     rclcpp::Service<your_package::srv::ShutdownNode>::[01;31m[KSharedPtr[m[K service_;
[3.861s]       |                                                       [01;31m[K^~~~~~~~~[m[K
[3.861s]       |                                                                [32m[K;[m[K
[3.862s] [01m[K/home/devuser/AOX/ros_ws/cpp_pubsub/src/subscriber_member_function.cpp:32:65:[m[K [01;31m[Kerror: [m[Kâ€˜[01m[Kservice_[m[Kâ€™ does not name a type
[3.862s]    32 |     rclcpp::Service<your_package::srv::ShutdownNode>::SharedPtr [01;31m[Kservice_[m[K;
[3.862s]       |                                                                 [01;31m[K^~~~~~~~[m[K
[3.866s] [01m[K/home/devuser/AOX/ros_ws/cpp_pubsub/src/watchdog.cpp:8:29:[m[K [01;31m[Kerror: [m[Kâ€˜[01m[Kyour_package[m[Kâ€™ was not declared in this scope
[3.866s]     8 |     client_ = create_client<[01;31m[Kyour_package[m[K::srv::ShutdownNode>("minimal_subscriber/shutdown");
[3.866s]       |                             [01;31m[K^~~~~~~~~~~~[m[K
[3.866s] [01m[K/home/devuser/AOX/ros_ws/cpp_pubsub/src/watchdog.cpp:8:15:[m[K [01;31m[Kerror: [m[Kparse error in template argument list
[3.866s]     8 |     client_ = [01;31m[Kcreate_client<your_package::srv::ShutdownNode>[m[K("minimal_subscriber/shutdown");
[3.866s]       |               [01;31m[K^~~~~~~~~~~~~~~~~~~~~~~~~~~~~~~~~~~~~~~~~~~~~~[m[K
[3.866s] [01m[K/home/devuser/AOX/ros_ws/cpp_pubsub/src/watchdog.cpp:8:61:[m[K [01;31m[Kerror: [m[Kno matching function for call to â€˜[01m[KWatchdogNode::create_client<<expression error> >(const char [28])[m[Kâ€™
[3.867s]     8 |     client_ = [01;31m[Kcreate_client<your_package::srv::ShutdownNode>("minimal_subscriber/shutdown")[m[K;
[3.867s]       |               [01;31m[K~~~~~~~~~~~~~~~~~~~~~~~~~~~~~~~~~~~~~~~~~~~~~~^~~~~~~~~~~~~~~~~~~~~~~~~~~~~~~[m[K
[3.867s] In file included from [01m[K/opt/ros/humble/include/rclcpp/rclcpp/executors/single_threaded_executor.hpp:28[m[K,
[3.867s]                  from [01m[K/opt/ros/humble/include/rclcpp/rclcpp/executors.hpp:22[m[K,
[3.867s]                  from [01m[K/opt/ros/humble/include/rclcpp/rclcpp/rclcpp.hpp:155[m[K,
[3.867s]                  from [01m[K/home/devuser/AOX/ros_ws/cpp_pubsub/src/watchdog.cpp:1[m[K:
[3.867s] [01m[K/opt/ros/humble/include/rclcpp/rclcpp/node.hpp:252:3:[m[K [01;36m[Knote: [m[Kcandidate: â€˜[01m[Ktemplate<class ServiceT> typename rclcpp::Client<ServiceT>::SharedPtr rclcpp::Node::create_client(const string&, const rmw_qos_profile_t&, rclcpp::CallbackGroup::SharedPtr)[m[Kâ€™
[3.867s]   252 |   [01;36m[Kcreate_client[m[K(
[3.867s]       |   [01;36m[K^~~~~~~~~~~~~[m[K
[3.867s] [01m[K/opt/ros/humble/include/rclcpp/rclcpp/node.hpp:252:3:[m[K [01;36m[Knote: [m[K  template argument deduction/substitution failed:
[3.867s] [01m[K/home/devuser/AOX/ros_ws/cpp_pubsub/src/watchdog.cpp:8:61:[m[K [01;31m[Kerror: [m[Ktemplate argument 1 is invalid
[3.867s]     8 |     client_ = [01;31m[Kcreate_client<your_package::srv::ShutdownNode>("minimal_subscriber/shutdown")[m[K;
[3.867s]       |               [01;31m[K~~~~~~~~~~~~~~~~~~~~~~~~~~~~~~~~~~~~~~~~~~~~~~^~~~~~~~~~~~~~~~~~~~~~~~~~~~~~~[m[K
[3.873s] [01m[K/home/devuser/AOX/ros_ws/cpp_pubsub/src/subscriber_member_function.cpp:[m[K In constructor â€˜[01m[KMinimalSubscriber::MinimalSubscriber()[m[Kâ€™:
[3.873s] [01m[K/home/devuser/AOX/ros_ws/cpp_pubsub/src/subscriber_member_function.cpp:15:7:[m[K [01;31m[Kerror: [m[Kâ€˜[01m[Kservice_[m[Kâ€™ was not declared in this scope
[3.873s]    15 |       [01;31m[Kservice_[m[K = create_service<cpp_pubsub::srv::ShutdownNode>(
[3.873s]       |       [01;31m[K^~~~~~~~[m[K
[3.877s] [01m[K/home/devuser/AOX/ros_ws/cpp_pubsub/src/subscriber_member_function.cpp:15:33:[m[K [01;31m[Kerror: [m[Kâ€˜[01m[Kcpp_pubsub[m[Kâ€™ was not declared in this scope
[3.877s]    15 |       service_ = create_service<[01;31m[Kcpp_pubsub[m[K::srv::ShutdownNode>(
[3.877s]       |                                 [01;31m[K^~~~~~~~~~[m[K
[3.877s] [01m[K/home/devuser/AOX/ros_ws/cpp_pubsub/src/subscriber_member_function.cpp:15:18:[m[K [01;31m[Kerror: [m[Kparse error in template argument list
[3.877s]    15 |       service_ = [01;31m[Kcreate_service<cpp_pubsub::srv::ShutdownNode>[m[K(
[3.877s]       |                  [01;31m[K^~~~~~~~~~~~~~~~~~~~~~~~~~~~~~~~~~~~~~~~~~~~~[m[K
[3.878s] [01m[K/home/devuser/AOX/ros_ws/cpp_pubsub/src/subscriber_member_function.cpp:[m[K In lambda function:
[3.878s] [01m[K/home/devuser/AOX/ros_ws/cpp_pubsub/src/subscriber_member_function.cpp:21:25:[m[K [01;31m[Kerror: [m[Kbase operand of â€˜[01m[K->[m[Kâ€™ is not a pointer
[3.878s]    21 |                 response[01;31m[K->[m[Ksuccess = true;
[3.878s]       |                         [01;31m[K^~[m[K
[3.878s] [01m[K/home/devuser/AOX/ros_ws/cpp_pubsub/src/subscriber_member_function.cpp:17:82:[m[K [01;35m[Kwarning: [m[Kunused parameter â€˜[01m[Krequest[m[Kâ€™ [[01;35m[K]8;;https://gcc.gnu.org/onlinedocs/gcc/Warning-Options.html#index-Wunused-parameter-Wunused-parameter]8;;[m[K]
[3.878s]    17 |             [this]([01;35m[Kconst std::shared_ptr<cpp_pubsub::srv::ShutdownNode::Request> request[m[K,
[3.878s]       |                    [01;35m[K~~~~~~~~~~~~~~~~~~~~~~~~~~~~~~~~~~~~~~~~~~~~~~~~~~~~~~~~~~~~~~^~~~~~~[m[K
[3.878s] [01m[K/home/devuser/AOX/ros_ws/cpp_pubsub/src/subscriber_member_function.cpp:[m[K In constructor â€˜[01m[KMinimalSubscriber::MinimalSubscriber()[m[Kâ€™:
[3.878s] [01m[K/home/devuser/AOX/ros_ws/cpp_pubsub/src/subscriber_member_function.cpp:15:63:[m[K [01;31m[Kerror: [m[Kno matching function for call to â€˜[01m[KMinimalSubscriber::create_service<<expression error> >(const char [14], MinimalSubscriber::MinimalSubscriber()::<lambda(int, int)>)[m[Kâ€™
[3.878s]    15 |       service_ = [01;31m[Kcreate_service<cpp_pubsub::srv::ShutdownNode>([m[K
[3.878s]       |                  [01;31m[K~~~~~~~~~~~~~~~~~~~~~~~~~~~~~~~~~~~~~~~~~~~~~^[m[K
[3.878s]    16 | [01;31m[K            "shutdown_node",[m[K
[3.878s]       |             [01;31m[K~~~~~~~~~~~~~~~~[m[K                                   
[3.878s]    17 | [01;31m[K            [this](const std::shared_ptr<cpp_pubsub::srv::ShutdownNode::Request> request,[m[K
[3.879s]       |             [01;31m[K~~~~~~~~~~~~~~~~~~~~~~~~~~~~~~~~~~~~~~~~~~~~~~~~~~~~~~~~~~~~~~~~~~~~~~~~~~~~~[m[K
[3.879s]    18 | [01;31m[K                   std::shared_ptr<cpp_pubsub::srv::ShutdownNode::Response> response) {[m[K
[3.879s]       |                    [01;31m[K~~~~~~~~~~~~~~~~~~~~~~~~~~~~~~~~~~~~~~~~~~~~~~~~~~~~~~~~~~~~~~~~~~~~[m[K
[3.879s]    19 | [01;31m[K                RCLCPP_INFO(get_logger(), "Received shutdown request.");[m[K
[3.879s]       |                 [01;31m[K~~~~~~~~~~~~~~~~~~~~~~~~~~~~~~~~~~~~~~~~~~~~~~~~~~~~~~~~[m[K
[3.879s]    20 | [01;31m[K                // Perform any necessary cleanup or shutdown actions here[m[K
[3.879s]       |                 [01;31m[K~~~~~~~~~~~~~~~~~~~~~~~~~~~~~~~~~~~~~~~~~~~~~~~~~~~~~~~~~[m[K
[3.879s]    21 | [01;31m[K                response->success = true;[m[K
[3.879s]       |                 [01;31m[K~~~~~~~~~~~~~~~~~~~~~~~~~[m[K                      
[3.879s]    22 | [01;31m[K                rclcpp::shutdown();[m[K
[3.879s]       |                 [01;31m[K~~~~~~~~~~~~~~~~~~~[m[K                            
[3.879s]    23 | [01;31m[K            })[m[K;
[3.879s]       |             [01;31m[K~~[m[K                                                 
[3.879s] In file included from [01m[K/opt/ros/humble/include/rclcpp/rclcpp/executors/single_threaded_executor.hpp:28[m[K,
[3.879s]                  from [01m[K/opt/ros/humble/include/rclcpp/rclcpp/executors.hpp:22[m[K,
[3.879s]                  from [01m[K/opt/ros/humble/include/rclcpp/rclcpp/rclcpp.hpp:155[m[K,
[3.879s]                  from [01m[K/home/devuser/AOX/ros_ws/cpp_pubsub/src/subscriber_member_function.cpp:3[m[K:
[3.879s] [01m[K/opt/ros/humble/include/rclcpp/rclcpp/node.hpp:267:3:[m[K [01;36m[Knote: [m[Kcandidate: â€˜[01m[Ktemplate<class ServiceT, class CallbackT> typename rclcpp::Service<ServiceT>::SharedPtr rclcpp::Node::create_service(const string&, CallbackT&&, const rmw_qos_profile_t&, rclcpp::CallbackGroup::SharedPtr)[m[Kâ€™
[3.880s]   267 |   [01;36m[Kcreate_service[m[K(
[3.880s]       |   [01;36m[K^~~~~~~~~~~~~~[m[K
[3.880s] [01m[K/opt/ros/humble/include/rclcpp/rclcpp/node.hpp:267:3:[m[K [01;36m[Knote: [m[K  template argument deduction/substitution failed:
[3.880s] [01m[K/home/devuser/AOX/ros_ws/cpp_pubsub/src/subscriber_member_function.cpp:15:63:[m[K [01;31m[Kerror: [m[Ktemplate argument 1 is invalid
[3.880s]    15 |       service_ = [01;31m[Kcreate_service<cpp_pubsub::srv::ShutdownNode>([m[K
[3.880s]       |                  [01;31m[K~~~~~~~~~~~~~~~~~~~~~~~~~~~~~~~~~~~~~~~~~~~~~^[m[K
[3.880s]    16 | [01;31m[K            "shutdown_node",[m[K
[3.880s]       |             [01;31m[K~~~~~~~~~~~~~~~~[m[K                                   
[3.880s]    17 | [01;31m[K            [this](const std::shared_ptr<cpp_pubsub::srv::ShutdownNode::Request> request,[m[K
[3.880s]       |             [01;31m[K~~~~~~~~~~~~~~~~~~~~~~~~~~~~~~~~~~~~~~~~~~~~~~~~~~~~~~~~~~~~~~~~~~~~~~~~~~~~~[m[K
[3.880s]    18 | [01;31m[K                   std::shared_ptr<cpp_pubsub::srv::ShutdownNode::Response> response) {[m[K
[3.880s]       |                    [01;31m[K~~~~~~~~~~~~~~~~~~~~~~~~~~~~~~~~~~~~~~~~~~~~~~~~~~~~~~~~~~~~~~~~~~~~[m[K
[3.880s]    19 | [01;31m[K                RCLCPP_INFO(get_logger(), "Received shutdown request.");[m[K
[3.880s]       |                 [01;31m[K~~~~~~~~~~~~~~~~~~~~~~~~~~~~~~~~~~~~~~~~~~~~~~~~~~~~~~~~[m[K
[3.880s]    20 | [01;31m[K                // Perform any necessary cleanup or shutdown actions here[m[K
[3.880s]       |                 [01;31m[K~~~~~~~~~~~~~~~~~~~~~~~~~~~~~~~~~~~~~~~~~~~~~~~~~~~~~~~~~[m[K
[3.880s]    21 | [01;31m[K                response->success = true;[m[K
[3.880s]       |                 [01;31m[K~~~~~~~~~~~~~~~~~~~~~~~~~[m[K                      
[3.881s]    22 | [01;31m[K                rclcpp::shutdown();[m[K
[3.881s]       |                 [01;31m[K~~~~~~~~~~~~~~~~~~~[m[K                            
[3.881s]    23 | [01;31m[K            })[m[K;
[3.881s]       |             [01;31m[K~~[m[K                                                 
[3.883s] [01m[K/home/devuser/AOX/ros_ws/cpp_pubsub/src/watchdog.cpp:[m[K In member function â€˜[01m[Kvoid WatchdogNode::send_shutdown_request()[m[Kâ€™:
[3.883s] [01m[K/home/devuser/AOX/ros_ws/cpp_pubsub/src/watchdog.cpp:20:41:[m[K [01;31m[Kerror: [m[Kâ€˜[01m[Kyour_package[m[Kâ€™ was not declared in this scope
[3.883s]    20 |         auto request = std::make_shared<[01;31m[Kyour_package[m[K::srv::ShutdownNode::Request>();
[3.883s]       |                                         [01;31m[K^~~~~~~~~~~~[m[K
[3.883s] [01m[K/home/devuser/AOX/ros_ws/cpp_pubsub/src/watchdog.cpp:20:29:[m[K [01;31m[Kerror: [m[Kparse error in template argument list
[3.883s]    20 |         auto request = std::[01;31m[Kmake_shared<your_package::srv::ShutdownNode::Request>[m[K();
[3.883s]       |                             [01;31m[K^~~~~~~~~~~~~~~~~~~~~~~~~~~~~~~~~~~~~~~~~~~~~~~~~~~~~[m[K
[3.883s] [01m[K/home/devuser/AOX/ros_ws/cpp_pubsub/src/watchdog.cpp:20:82:[m[K [01;31m[Kerror: [m[Kno matching function for call to â€˜[01m[Kmake_shared<<expression error> >()[m[Kâ€™
[3.883s]    20 | request = [01;31m[Kstd::make_shared<your_package::srv::ShutdownNode::Request>()[m[K;
[3.883s]       |           [01;31m[K~~~~~~~~~~~~~~~~~~~~~~~~~~~~~~~~~~~~~~~~~~~~~~~~~~~~~~~~~~^~[m[K
[3.883s] 
[3.883s] In file included from [01m[K/usr/include/c++/11/memory:77[m[K,
[3.883s]                  from [01m[K/opt/ros/humble/include/rclcpp/rclcpp/rclcpp.hpp:153[m[K,
[3.883s]                  from [01m[K/home/devuser/AOX/ros_ws/cpp_pubsub/src/watchdog.cpp:1[m[K:
[3.883s] [01m[K/usr/include/c++/11/bits/shared_ptr.h:875:5:[m[K [01;36m[Knote: [m[Kcandidate: â€˜[01m[Ktemplate<class _Tp, class ... _Args> std::shared_ptr<_Tp> std::make_shared(_Args&& ...)[m[Kâ€™
[3.883s]   875 |     [01;36m[Kmake_shared[m[K(_Args&&... __args)
[3.884s]       |     [01;36m[K^~~~~~~~~~~[m[K
[3.884s] [01m[K/usr/include/c++/11/bits/shared_ptr.h:875:5:[m[K [01;36m[Knote: [m[K  template argument deduction/substitution failed:
[3.884s] [01m[K/home/devuser/AOX/ros_ws/cpp_pubsub/src/watchdog.cpp:20:82:[m[K [01;31m[Kerror: [m[Ktemplate argument 1 is invalid
[3.884s]    20 | request = [01;31m[Kstd::make_shared<your_package::srv::ShutdownNode::Request>()[m[K;
[3.884s]       |           [01;31m[K~~~~~~~~~~~~~~~~~~~~~~~~~~~~~~~~~~~~~~~~~~~~~~~~~~~~~~~~~~^~[m[K
[3.884s] 
[3.887s] [01m[K/home/devuser/AOX/ros_ws/cpp_pubsub/src/watchdog.cpp:21:23:[m[K [01;31m[Kerror: [m[Kâ€˜[01m[Kclient_[m[Kâ€™ was not declared in this scope
[3.887s]    21 |         auto future = [01;31m[Kclient_[m[K->async_send_request(request);
[3.887s]       |                       [01;31m[K^~~~~~~[m[K
[3.887s] [01m[K/home/devuser/AOX/ros_ws/cpp_pubsub/src/watchdog.cpp:23:87:[m[K [01;31m[Kerror: [m[Kâ€˜[01m[Krclcpp::executor[m[Kâ€™ has not been declared
[3.887s]    23 | ntil_future_complete(shared_from_this(), future) == rclcpp::[01;31m[Kexecutor[m[K::FutureReturnCode::SUCCESS &&
[3.887s]       |                                                             [01;31m[K^~~~~~~~[m[K
[3.887s] 
[5.643s] gmake[2]: *** [CMakeFiles/listener.dir/build.make:76: CMakeFiles/listener.dir/src/subscriber_member_function.cpp.o] Error 1
[5.643s] gmake[1]: *** [CMakeFiles/Makefile2:167: CMakeFiles/listener.dir/all] Error 2
[5.643s] gmake[1]: *** Waiting for unfinished jobs....
[5.645s] gmake[2]: *** [CMakeFiles/watchdog.dir/build.make:76: CMakeFiles/watchdog.dir/src/watchdog.cpp.o] Error 1
[5.646s] gmake[1]: *** [CMakeFiles/Makefile2:193: CMakeFiles/watchdog.dir/all] Error 2
[5.646s] gmake: *** [Makefile:146: all] Error 2
[5.647s] Invoked command in '/home/devuser/AOX/ros_ws/cpp_pubsub/build/cpp_pubsub' returned '2': CMAKE_PREFIX_PATH=/opt/ros/humble /usr/bin/cmake --build /home/devuser/AOX/ros_ws/cpp_pubsub/build/cpp_pubsub -- -j8 -l8
