[01m[K/home/devuser/ros2_ws/src/cpp_pubsub/src/publisher_member_function.cpp:[m[K In constructor â€˜[01m[KMinimalPublisher::MinimalPublisher()[m[Kâ€™:
[01m[K/home/devuser/ros2_ws/src/cpp_pubsub/src/publisher_member_function.cpp:36:8:[m[K [01;31m[Kerror: [m[Kâ€˜[01m[Kcallback_no[m[Kâ€™ was not declared in this scope
   36 |     if([01;31m[Kcallback_no[m[K==1)
      |        [01;31m[K^~~~~~~~~~~[m[K
[01m[K/home/devuser/ros2_ws/src/cpp_pubsub/src/publisher_member_function.cpp:41:5:[m[K [01;31m[Kerror: [m[Kâ€˜[01m[Kcallback_no[m[Kâ€™ was not declared in this scope
   41 |     [01;31m[Kcallback_no[m[K --;
      |     [01;31m[K^~~~~~~~~~~[m[K
[01m[K/home/devuser/ros2_ws/src/cpp_pubsub/src/publisher_member_function.cpp:[m[K In function â€˜[01m[Kint main(int, char**)[m[Kâ€™:
[01m[K/home/devuser/ros2_ws/src/cpp_pubsub/src/publisher_member_function.cpp:66:7:[m[K [01;35m[Kwarning: [m[Kunused variable â€˜[01m[Kcallback_no[m[Kâ€™ [[01;35m[K]8;;https://gcc.gnu.org/onlinedocs/gcc/Warning-Options.html#index-Wunused-variable-Wunused-variable]8;;[m[K]
   66 |   int [01;35m[Kcallback_no[m[K = 1;
      |       [01;35m[K^~~~~~~~~~~[m[K
gmake[2]: *** [CMakeFiles/talker.dir/build.make:76: CMakeFiles/talker.dir/src/publisher_member_function.cpp.o] Error 1
gmake[1]: *** [CMakeFiles/Makefile2:139: CMakeFiles/talker.dir/all] Error 2
gmake: *** [Makefile:146: all] Error 2
