[0.015s] Invoking command in '/home/devuser/AOX/ros_ws/cpp_pubsub/build/cpp_pubsub': CMAKE_PREFIX_PATH=${CMAKE_PREFIX_PATH}:/opt/ros/humble /usr/bin/cmake --build /home/devuser/AOX/ros_ws/cpp_pubsub/build/cpp_pubsub -- -j8 -l8
[0.047s] [35m[1mConsolidate compiler generated dependencies of target listener[0m
[0.047s] [35m[1mConsolidate compiler generated dependencies of target watchdog[0m
[0.047s] [35m[1mConsolidate compiler generated dependencies of target talker[0m
[0.060s] [ 50%] Built target watchdog
[0.060s] [ 50%] [32mBuilding CXX object CMakeFiles/listener.dir/src/subscriber_member_function.cpp.o[0m
[0.061s] [ 83%] Built target talker
[1.776s] [01m[K/home/devuser/AOX/ros_ws/cpp_pubsub/src/subscriber_member_function.cpp:[m[K In constructor â€˜[01m[KMinimalSubscriber::MinimalSubscriber()[m[Kâ€™:
[1.776s] [01m[K/home/devuser/AOX/ros_ws/cpp_pubsub/src/subscriber_member_function.cpp:18:9:[m[K [01;31m[Kerror: [m[Kâ€˜[01m[Kservice_[m[Kâ€™ was not declared in this scope
[1.776s]    18 |         [01;31m[Kservice_[m[K = create_service<tutorial_interfaces::srv::EmptyService>(
[1.776s]       |         [01;31m[K^~~~~~~~[m[K
[1.776s] [01m[K/home/devuser/AOX/ros_ws/cpp_pubsub/src/subscriber_member_function.cpp:18:56:[m[K [01;31m[Kerror: [m[Kâ€˜[01m[Ksrv[m[Kâ€™ is not a member of â€˜[01m[Ktutorial_interfaces[m[Kâ€™; did you mean â€˜[01m[Krcl_interfaces::srv[m[Kâ€™?
[1.776s]    18 |         service_ = create_service<tutorial_interfaces::[01;31m[Ksrv[m[K::EmptyService>(
[1.776s]       |                                                        [01;31m[K^~~[m[K
[1.776s] In file included from [01m[K/opt/ros/humble/include/rcl_interfaces/rcl_interfaces/srv/describe_parameters.hpp:7[m[K,
[1.776s]                  from [01m[K/opt/ros/humble/include/rclcpp/rclcpp/parameter_client.hpp:28[m[K,
[1.777s]                  from [01m[K/opt/ros/humble/include/rclcpp/rclcpp/rclcpp.hpp:159[m[K,
[1.777s]                  from [01m[K/home/devuser/AOX/ros_ws/cpp_pubsub/src/subscriber_member_function.cpp:3[m[K:
[1.777s] [01m[K/opt/ros/humble/include/rcl_interfaces/rcl_interfaces/srv/detail/describe_parameters__struct.hpp:27:11:[m[K [01;36m[Knote: [m[Kâ€˜[01m[Krcl_interfaces::srv[m[Kâ€™ declared here
[1.777s]    27 | namespace [01;36m[Ksrv[m[K
[1.777s]       |           [01;36m[K^~~[m[K
[1.777s] [01m[K/home/devuser/AOX/ros_ws/cpp_pubsub/src/subscriber_member_function.cpp:18:20:[m[K [01;31m[Kerror: [m[Kparse error in template argument list
[1.777s]    18 |         service_ = [01;31m[Kcreate_service<tutorial_interfaces::srv::EmptyService>[m[K(
[1.777s]       |                    [01;31m[K^~~~~~~~~~~~~~~~~~~~~~~~~~~~~~~~~~~~~~~~~~~~~~~~~~~~~~[m[K
[1.777s] [01m[K/home/devuser/AOX/ros_ws/cpp_pubsub/src/subscriber_member_function.cpp:20:63:[m[K [01;31m[Kerror: [m[Kâ€˜[01m[Ksrv[m[Kâ€™ is not a member of â€˜[01m[Ktutorial_interfaces[m[Kâ€™; did you mean â€˜[01m[Krcl_interfaces::srv[m[Kâ€™?
[1.777s]    20 |             [this](const std::shared_ptr<tutorial_interfaces::[01;31m[Ksrv[m[K::EmptyService::Request> /*request*/,
[1.777s]       |                                                               [01;31m[K^~~[m[K
[1.777s] In file included from [01m[K/opt/ros/humble/include/rcl_interfaces/rcl_interfaces/srv/describe_parameters.hpp:7[m[K,
[1.777s]                  from [01m[K/opt/ros/humble/include/rclcpp/rclcpp/parameter_client.hpp:28[m[K,
[1.777s]                  from [01m[K/opt/ros/humble/include/rclcpp/rclcpp/rclcpp.hpp:159[m[K,
[1.777s]                  from [01m[K/home/devuser/AOX/ros_ws/cpp_pubsub/src/subscriber_member_function.cpp:3[m[K:
[1.777s] [01m[K/opt/ros/humble/include/rcl_interfaces/rcl_interfaces/srv/detail/describe_parameters__struct.hpp:27:11:[m[K [01;36m[Knote: [m[Kâ€˜[01m[Krcl_interfaces::srv[m[Kâ€™ declared here
[1.777s]    27 | namespace [01;36m[Ksrv[m[K
[1.777s]       |           [01;36m[K^~~[m[K
[1.777s] [01m[K/home/devuser/AOX/ros_ws/cpp_pubsub/src/subscriber_member_function.cpp:20:89:[m[K [01;31m[Kerror: [m[Ktemplate argument 1 is invalid
[1.777s]    20 |             [this](const std::shared_ptr<tutorial_interfaces::srv::EmptyService::Request[01;31m[K>[m[K /*request*/,
[1.777s]       |                                                                                         [01;31m[K^[m[K
[1.782s] [01m[K/home/devuser/AOX/ros_ws/cpp_pubsub/src/subscriber_member_function.cpp:21:36:[m[K [01;31m[Kerror: [m[Kâ€˜[01m[Kyour_package[m[Kâ€™ was not declared in this scope
[1.782s]    21 |                    std::shared_ptr<[01;31m[Kyour_package[m[K::srv::EmptyService::Response> response) {
[1.782s]       |                                    [01;31m[K^~~~~~~~~~~~[m[K
[1.782s] [01m[K/home/devuser/AOX/ros_ws/cpp_pubsub/src/subscriber_member_function.cpp:21:77:[m[K [01;31m[Kerror: [m[Ktemplate argument 1 is invalid
[1.782s]    21 |                    std::shared_ptr<your_package::srv::EmptyService::Response[01;31m[K>[m[K response) {
[1.782s]       |                                                                             [01;31m[K^[m[K
[1.782s] [01m[K/home/devuser/AOX/ros_ws/cpp_pubsub/src/subscriber_member_function.cpp:[m[K In lambda function:
[1.782s] [01m[K/home/devuser/AOX/ros_ws/cpp_pubsub/src/subscriber_member_function.cpp:24:25:[m[K [01;31m[Kerror: [m[Kbase operand of â€˜[01m[K->[m[Kâ€™ is not a pointer
[1.782s]    24 |                 response[01;31m[K->[m[Ksuccess = true;  // Set the response as needed
[1.782s]       |                         [01;31m[K^~[m[K
[1.782s] [01m[K/home/devuser/AOX/ros_ws/cpp_pubsub/src/subscriber_member_function.cpp:[m[K In constructor â€˜[01m[KMinimalSubscriber::MinimalSubscriber()[m[Kâ€™:
[1.783s] [01m[K/home/devuser/AOX/ros_ws/cpp_pubsub/src/subscriber_member_function.cpp:18:74:[m[K [01;31m[Kerror: [m[Kno matching function for call to â€˜[01m[KMinimalSubscriber::create_service<<expression error> >(const char [14], MinimalSubscriber::MinimalSubscriber()::<lambda(int, int)>)[m[Kâ€™
[1.783s]    18 |         service_ = [01;31m[Kcreate_service<tutorial_interfaces::srv::EmptyService>([m[K
[1.783s]       |                    [01;31m[K~~~~~~~~~~~~~~~~~~~~~~~~~~~~~~~~~~~~~~~~~~~~~~~~~~~~~~^[m[K
[1.783s]    19 | [01;31m[K            "empty_service",[m[K
[1.783s]       |             [01;31m[K~~~~~~~~~~~~~~~~[m[K                                              
[1.783s]    20 | [01;31m[K            [this](const std::shared_ptr<tutorial_interfaces::srv::EmptyService::Request> /*request*/,[m[K
[1.783s]       |             [01;31m[K~~~~~~~~~~~~~~~~~~~~~~~~~~~~~~~~~~~~~~~~~~~~~~~~~~~~~~~~~~~~~~~~~~~~~~~~~~~~~~~~~~~~~~~~~~[m[K
[1.783s]    21 | [01;31m[K                   std::shared_ptr<your_package::srv::EmptyService::Response> response) {[m[K
[1.783s]       |                    [01;31m[K~~~~~~~~~~~~~~~~~~~~~~~~~~~~~~~~~~~~~~~~~~~~~~~~~~~~~~~~~~~~~~~~~~~~~~[m[K
[1.783s]    22 | [01;31m[K                // Implement the service logic here[m[K
[1.783s]       |                 [01;31m[K~~~~~~~~~~~~~~~~~~~~~~~~~~~~~~~~~~~[m[K                       
[1.783s]    23 | [01;31m[K                RCLCPP_INFO(this->get_logger(), "Publisher has stopped publishing!!");              // CHANGE[m[K
[1.783s]       |                 [01;31m[K~~~~~~~~~~~~~~~~~~~~~~~~~~~~~~~~~~~~~~~~~~~~~~~~~~~~~~~~~~~~~~~~~~~~~~~~~~~~~~~~~~~~~~~~~~~~~[m[K
[1.783s]    24 | [01;31m[K                response->success = true;  // Set the response as needed[m[K
[1.783s]       |                 [01;31m[K~~~~~~~~~~~~~~~~~~~~~~~~~~~~~~~~~~~~~~~~~~~~~~~~~~~~~~~~[m[K  
[1.783s]    25 | [01;31m[K            })[m[K;
[1.783s]       |             [01;31m[K~~[m[K                                                            
[1.783s] In file included from [01m[K/opt/ros/humble/include/rclcpp/rclcpp/executors/single_threaded_executor.hpp:28[m[K,
[1.783s]                  from [01m[K/opt/ros/humble/include/rclcpp/rclcpp/executors.hpp:22[m[K,
[1.783s]                  from [01m[K/opt/ros/humble/include/rclcpp/rclcpp/rclcpp.hpp:155[m[K,
[1.783s]                  from [01m[K/home/devuser/AOX/ros_ws/cpp_pubsub/src/subscriber_member_function.cpp:3[m[K:
[1.783s] [01m[K/opt/ros/humble/include/rclcpp/rclcpp/node.hpp:267:3:[m[K [01;36m[Knote: [m[Kcandidate: â€˜[01m[Ktemplate<class ServiceT, class CallbackT> typename rclcpp::Service<ServiceT>::SharedPtr rclcpp::Node::create_service(const string&, CallbackT&&, const rmw_qos_profile_t&, rclcpp::CallbackGroup::SharedPtr)[m[Kâ€™
[1.783s]   267 |   [01;36m[Kcreate_service[m[K(
[1.784s]       |   [01;36m[K^~~~~~~~~~~~~~[m[K
[1.784s] [01m[K/opt/ros/humble/include/rclcpp/rclcpp/node.hpp:267:3:[m[K [01;36m[Knote: [m[K  template argument deduction/substitution failed:
[1.784s] [01m[K/home/devuser/AOX/ros_ws/cpp_pubsub/src/subscriber_member_function.cpp:18:74:[m[K [01;31m[Kerror: [m[Ktemplate argument 1 is invalid
[1.784s]    18 |         service_ = [01;31m[Kcreate_service<tutorial_interfaces::srv::EmptyService>([m[K
[1.784s]       |                    [01;31m[K~~~~~~~~~~~~~~~~~~~~~~~~~~~~~~~~~~~~~~~~~~~~~~~~~~~~~~^[m[K
[1.784s]    19 | [01;31m[K            "empty_service",[m[K
[1.784s]       |             [01;31m[K~~~~~~~~~~~~~~~~[m[K                                              
[1.784s]    20 | [01;31m[K            [this](const std::shared_ptr<tutorial_interfaces::srv::EmptyService::Request> /*request*/,[m[K
[1.784s]       |             [01;31m[K~~~~~~~~~~~~~~~~~~~~~~~~~~~~~~~~~~~~~~~~~~~~~~~~~~~~~~~~~~~~~~~~~~~~~~~~~~~~~~~~~~~~~~~~~~[m[K
[1.784s]    21 | [01;31m[K                   std::shared_ptr<your_package::srv::EmptyService::Response> response) {[m[K
[1.784s]       |                    [01;31m[K~~~~~~~~~~~~~~~~~~~~~~~~~~~~~~~~~~~~~~~~~~~~~~~~~~~~~~~~~~~~~~~~~~~~~~[m[K
[1.784s]    22 | [01;31m[K                // Implement the service logic here[m[K
[1.784s]       |                 [01;31m[K~~~~~~~~~~~~~~~~~~~~~~~~~~~~~~~~~~~[m[K                       
[1.784s]    23 | [01;31m[K                RCLCPP_INFO(this->get_logger(), "Publisher has stopped publishing!!");              // CHANGE[m[K
[1.784s]       |                 [01;31m[K~~~~~~~~~~~~~~~~~~~~~~~~~~~~~~~~~~~~~~~~~~~~~~~~~~~~~~~~~~~~~~~~~~~~~~~~~~~~~~~~~~~~~~~~~~~~~[m[K
[1.784s]    24 | [01;31m[K                response->success = true;  // Set the response as needed[m[K
[1.784s]       |                 [01;31m[K~~~~~~~~~~~~~~~~~~~~~~~~~~~~~~~~~~~~~~~~~~~~~~~~~~~~~~~~[m[K  
[1.784s]    25 | [01;31m[K            })[m[K;
[1.784s]       |             [01;31m[K~~[m[K                                                            
[1.785s] In file included from [01m[K/opt/ros/humble/include/rclcpp/rclcpp/logging.hpp:24[m[K,
[1.785s]                  from [01m[K/opt/ros/humble/include/rclcpp/rclcpp/client.hpp:40[m[K,
[1.785s]                  from [01m[K/opt/ros/humble/include/rclcpp/rclcpp/callback_group.hpp:24[m[K,
[1.785s]                  from [01m[K/opt/ros/humble/include/rclcpp/rclcpp/any_executable.hpp:20[m[K,
[1.785s]                  from [01m[K/opt/ros/humble/include/rclcpp/rclcpp/memory_strategy.hpp:25[m[K,
[1.785s]                  from [01m[K/opt/ros/humble/include/rclcpp/rclcpp/memory_strategies.hpp:18[m[K,
[1.785s]                  from [01m[K/opt/ros/humble/include/rclcpp/rclcpp/executor_options.hpp:20[m[K,
[1.785s]                  from [01m[K/opt/ros/humble/include/rclcpp/rclcpp/executor.hpp:37[m[K,
[1.785s]                  from [01m[K/opt/ros/humble/include/rclcpp/rclcpp/executors/multi_threaded_executor.hpp:25[m[K,
[1.785s]                  from [01m[K/opt/ros/humble/include/rclcpp/rclcpp/executors.hpp:21[m[K,
[1.785s]                  from [01m[K/opt/ros/humble/include/rclcpp/rclcpp/rclcpp.hpp:155[m[K,
[1.785s]                  from [01m[K/home/devuser/AOX/ros_ws/cpp_pubsub/src/subscriber_member_function.cpp:3[m[K:
[1.785s] [01m[K/home/devuser/AOX/ros_ws/cpp_pubsub/src/subscriber_member_function.cpp:[m[K In member function â€˜[01m[Kvoid MinimalSubscriber::topic_callback(tutorial_interfaces::msg::Num_<std::allocator<void> >::SharedPtr) const[m[Kâ€™:
[1.785s] [01m[K/home/devuser/AOX/ros_ws/cpp_pubsub/src/subscriber_member_function.cpp:31:37:[m[K [01;35m[Kwarning: [m[Kformat â€˜[01m[K%d[m[Kâ€™ expects argument of type â€˜[01m[Kint[m[Kâ€™, but argument 5 has type â€˜[01m[Ktutorial_interfaces::msg::Num_<std::allocator<void> >::_num_type[m[Kâ€™ {aka â€˜[01m[Klong int[m[Kâ€™} [[01;35m[K]8;;https://gcc.gnu.org/onlinedocs/gcc/Warning-Options.html#index-Wformat=-Wformat=]8;;[m[K]
[1.785s]    31 |     RCLCPP_INFO(this->get_logger(), [01;35m[K"I heard: '%d'"[m[K, [32m[Kmsg->num[m[K);              // CHANGE
[1.785s]       |                                     [01;35m[K^~~~~~~~~~~~~~~[m[K  [32m[K~~~~~~~~[m[K
[1.785s]       |                                                           [32m[K|[m[K
[1.785s]       |                                                           [32m[Ktutorial_interfaces::msg::Num_<std::allocator<void> >::_num_type {aka long int}[m[K
[1.785s] [01m[K/home/devuser/AOX/ros_ws/cpp_pubsub/src/subscriber_member_function.cpp:31:49:[m[K [01;36m[Knote: [m[Kformat string is defined here
[1.785s]    31 |     RCLCPP_INFO(this->get_logger(), "I heard: '[01;36m[K%d[m[K'", msg->num);              // CHANGE
[1.785s]       |                                                [01;36m[K~^[m[K
[1.785s]       |                                                 [01;36m[K|[m[K
[1.785s]       |                                                 [01;36m[Kint[m[K
[1.786s]       |                                                [32m[K%ld[m[K
[3.451s] gmake[2]: *** [CMakeFiles/listener.dir/build.make:76: CMakeFiles/listener.dir/src/subscriber_member_function.cpp.o] Error 1
[3.451s] gmake[1]: *** [CMakeFiles/Makefile2:167: CMakeFiles/listener.dir/all] Error 2
[3.451s] gmake: *** [Makefile:146: all] Error 2
[3.453s] Invoked command in '/home/devuser/AOX/ros_ws/cpp_pubsub/build/cpp_pubsub' returned '2': CMAKE_PREFIX_PATH=${CMAKE_PREFIX_PATH}:/opt/ros/humble /usr/bin/cmake --build /home/devuser/AOX/ros_ws/cpp_pubsub/build/cpp_pubsub -- -j8 -l8
