[0.014s] Invoking command in '/home/devuser/ros2_ws/build/cpp_pubsub': CMAKE_PREFIX_PATH=/home/devuser/ros2_ws/install/tutorial_interfaces:/home/devuser/ros2_ws/install/cpp_srvcli:/home/devuser/ros2_ws/install/cpp_pubsub:/home/devuser/ros2_ws/install/my_robot_controller:/home/devuser/ros2_ws/install/more_interfaces:/opt/ros/humble /usr/bin/cmake --build /home/devuser/ros2_ws/build/cpp_pubsub -- -j8 -l8
[0.055s] [35m[1mConsolidate compiler generated dependencies of target talker[0m
[0.070s] [ 50%] Built target listener
[0.073s] [ 75%] [32mBuilding CXX object CMakeFiles/talker.dir/src/publisher_member_function.cpp.o[0m
[2.444s] [01m[K/home/devuser/ros2_ws/src/cpp_pubsub/src/publisher_member_function.cpp:[m[K In member function â€˜[01m[Kvoid Tester::function2()[m[Kâ€™:
[2.444s] [01m[K/home/devuser/ros2_ws/src/cpp_pubsub/src/publisher_member_function.cpp:92:25:[m[K [01;31m[Kerror: [m[Kcannot convert â€˜[01m[Krclcpp::Time[m[Kâ€™ to â€˜[01m[Kint[m[Kâ€™ in initialization
[2.444s]    92 |       int x = [01;31m[Ktimer1.now()[m[K;
[2.445s]       |               [01;31m[K~~~~~~~~~~^~[m[K
[2.445s]       |                         [01;31m[K|[m[K
[2.445s]       |                         [01;31m[Krclcpp::Time[m[K
[3.322s] gmake[2]: *** [CMakeFiles/talker.dir/build.make:76: CMakeFiles/talker.dir/src/publisher_member_function.cpp.o] Error 1
[3.322s] gmake[1]: *** [CMakeFiles/Makefile2:139: CMakeFiles/talker.dir/all] Error 2
[3.323s] gmake: *** [Makefile:146: all] Error 2
[3.325s] Invoked command in '/home/devuser/ros2_ws/build/cpp_pubsub' returned '2': CMAKE_PREFIX_PATH=/home/devuser/ros2_ws/install/tutorial_interfaces:/home/devuser/ros2_ws/install/cpp_srvcli:/home/devuser/ros2_ws/install/cpp_pubsub:/home/devuser/ros2_ws/install/my_robot_controller:/home/devuser/ros2_ws/install/more_interfaces:/opt/ros/humble /usr/bin/cmake --build /home/devuser/ros2_ws/build/cpp_pubsub -- -j8 -l8
