[0.012s] Invoking command in '/home/devuser/AOX/ros_ws/cpp_pubsub/build/cpp_pubsub': CMAKE_PREFIX_PATH=${CMAKE_PREFIX_PATH}:/opt/ros/humble /usr/bin/cmake /home/devuser/AOX/ros_ws/cpp_pubsub -DCMAKE_INSTALL_PREFIX=/home/devuser/AOX/ros_ws/cpp_pubsub/install/cpp_pubsub
[0.050s] -- The C compiler identification is GNU 11.4.0
[0.084s] -- The CXX compiler identification is GNU 11.4.0
[0.088s] -- Detecting C compiler ABI info
[0.129s] -- Detecting C compiler ABI info - done
[0.134s] -- Check for working C compiler: /usr/bin/cc - skipped
[0.134s] -- Detecting C compile features
[0.134s] -- Detecting C compile features - done
[0.136s] -- Detecting CXX compiler ABI info
[0.183s] -- Detecting CXX compiler ABI info - done
[0.190s] -- Check for working CXX compiler: /usr/bin/c++ - skipped
[0.190s] -- Detecting CXX compile features
[0.191s] -- Detecting CXX compile features - done
[0.193s] -- Found ament_cmake: 1.3.5 (/opt/ros/humble/share/ament_cmake/cmake)
[0.301s] -- Found Python3: /usr/bin/python3.10 (found version "3.10.12") found components: Interpreter 
[0.406s] -- Found rclcpp: 16.0.5 (/opt/ros/humble/share/rclcpp/cmake)
[0.458s] -- Found rosidl_generator_c: 3.1.5 (/opt/ros/humble/share/rosidl_generator_c/cmake)
[0.461s] -- Found rosidl_adapter: 3.1.5 (/opt/ros/humble/share/rosidl_adapter/cmake)
[0.467s] -- Found rosidl_generator_cpp: 3.1.5 (/opt/ros/humble/share/rosidl_generator_cpp/cmake)
[0.476s] -- Using all available rosidl_typesupport_c: rosidl_typesupport_fastrtps_c;rosidl_typesupport_introspection_c
[0.488s] -- Using all available rosidl_typesupport_cpp: rosidl_typesupport_fastrtps_cpp;rosidl_typesupport_introspection_cpp
[0.566s] -- Found rmw_implementation_cmake: 6.1.1 (/opt/ros/humble/share/rmw_implementation_cmake/cmake)
[0.569s] -- Found rmw_fastrtps_cpp: 6.2.3 (/opt/ros/humble/share/rmw_fastrtps_cpp/cmake)
[0.643s] -- Found OpenSSL: /usr/lib/x86_64-linux-gnu/libcrypto.so (found version "1.1.0g")  
[0.677s] -- Found FastRTPS: /opt/ros/humble/include  
[0.708s] -- Using RMW implementation 'rmw_fastrtps_cpp' as default
[0.716s] -- Looking for pthread.h
[0.760s] -- Looking for pthread.h - found
[0.760s] -- Performing Test CMAKE_HAVE_LIBC_PTHREAD
[0.801s] -- Performing Test CMAKE_HAVE_LIBC_PTHREAD - Success
[0.802s] -- Found Threads: TRUE  
[0.914s] -- Found tutorial_interfaces: 0.0.0 (/home/devuser/AOX/ros_ws/cpp_pubsub/src/install/tutorial_interfaces/share/tutorial_interfaces/cmake)
[1.047s] -- Configuring done
[1.057s] -- Generating done
[1.059s] -- Build files have been written to: /home/devuser/AOX/ros_ws/cpp_pubsub/build/cpp_pubsub
[1.067s] Invoked command in '/home/devuser/AOX/ros_ws/cpp_pubsub/build/cpp_pubsub' returned '0': CMAKE_PREFIX_PATH=${CMAKE_PREFIX_PATH}:/opt/ros/humble /usr/bin/cmake /home/devuser/AOX/ros_ws/cpp_pubsub -DCMAKE_INSTALL_PREFIX=/home/devuser/AOX/ros_ws/cpp_pubsub/install/cpp_pubsub
[1.068s] Invoking command in '/home/devuser/AOX/ros_ws/cpp_pubsub/build/cpp_pubsub': CMAKE_PREFIX_PATH=${CMAKE_PREFIX_PATH}:/opt/ros/humble /usr/bin/cmake --build /home/devuser/AOX/ros_ws/cpp_pubsub/build/cpp_pubsub -- -j8 -l8
[1.096s] [ 50%] [32mBuilding CXX object CMakeFiles/talker.dir/src/publisher_member_function.cpp.o[0m
[1.096s] [ 50%] [32mBuilding CXX object CMakeFiles/listener.dir/src/subscriber_member_function.cpp.o[0m
[2.784s] [01m[K/home/devuser/AOX/ros_ws/cpp_pubsub/src/publisher_member_function.cpp:46:21:[m[K [01;31m[Kerror: [m[Kâ€˜[01m[Ktutorial_interfaces[m[Kâ€™ was not declared in this scope; did you mean â€˜[01m[Krcl_interfaces[m[Kâ€™?
[2.784s]    46 |   rclcpp::Publisher<[01;31m[Ktutorial_interfaces[m[K::msg::Num>::SharedPtr publisher_;
[2.784s]       |                     [01;31m[K^~~~~~~~~~~~~~~~~~~[m[K
[2.784s]       |                     [32m[Krcl_interfaces[m[K
[2.784s] [01m[K/home/devuser/AOX/ros_ws/cpp_pubsub/src/publisher_member_function.cpp:46:50:[m[K [01;31m[Kerror: [m[Ktemplate argument 1 is invalid
[2.784s]    46 |   rclcpp::Publisher<tutorial_interfaces::msg::Num[01;31m[K>[m[K::SharedPtr publisher_;
[2.784s]       |                                                  [01;31m[K^[m[K
[2.784s] [01m[K/home/devuser/AOX/ros_ws/cpp_pubsub/src/publisher_member_function.cpp:46:53:[m[K [01;31m[Kerror: [m[Kexpected â€˜[01m[K;[m[Kâ€™ at end of member declaration
[2.784s]    46 |   rclcpp::Publisher<tutorial_interfaces::msg::Num>::[01;31m[KSharedPtr[m[K publisher_;
[2.784s]       |                                                     [01;31m[K^~~~~~~~~[m[K
[2.784s]       |                                                              [32m[K;[m[K
[2.785s] [01m[K/home/devuser/AOX/ros_ws/cpp_pubsub/src/publisher_member_function.cpp:46:63:[m[K [01;31m[Kerror: [m[Kâ€˜[01m[Kpublisher_[m[Kâ€™ does not name a type; did you mean â€˜[01m[Krmw_publisher_t[m[Kâ€™?
[2.785s]    46 |   rclcpp::Publisher<tutorial_interfaces::msg::Num>::SharedPtr [01;31m[Kpublisher_[m[K;
[2.785s]       |                                                               [01;31m[K^~~~~~~~~~[m[K
[2.785s]       |                                                               [32m[Krmw_publisher_t[m[K
[2.790s] [01m[K/home/devuser/AOX/ros_ws/cpp_pubsub/src/publisher_member_function.cpp:[m[K In constructor â€˜[01m[KMinimalPublisher::MinimalPublisher()[m[Kâ€™:
[2.791s] [01m[K/home/devuser/AOX/ros_ws/cpp_pubsub/src/publisher_member_function.cpp:32:5:[m[K [01;31m[Kerror: [m[Kâ€˜[01m[Kpublisher_[m[Kâ€™ was not declared in this scope; did you mean â€˜[01m[Krmw_publisher_t[m[Kâ€™?
[2.791s]    32 |     [01;31m[Kpublisher_[m[K = this->create_publisher<tutorial_interfaces::msg::Num>("topic", 10);
[2.791s]       |     [01;31m[K^~~~~~~~~~[m[K
[2.791s]       |     [32m[Krmw_publisher_t[m[K
[2.794s] [01m[K/home/devuser/AOX/ros_ws/cpp_pubsub/src/subscriber_member_function.cpp:32:29:[m[K [01;31m[Kerror: [m[Kâ€˜[01m[Ktutorial_interfaces[m[Kâ€™ does not name a type
[2.794s]    32 |   void topic_callback(const [01;31m[Ktutorial_interfaces[m[K::msg::Num::SharedPtr msg) const
[2.794s]       |                             [01;31m[K^~~~~~~~~~~~~~~~~~~[m[K
[2.794s] [01m[K/home/devuser/AOX/ros_ws/cpp_pubsub/src/subscriber_member_function.cpp:32:53:[m[K [01;31m[Kerror: [m[Kexpected unqualified-id before â€˜[01m[K::[m[Kâ€™ token
[2.794s]    32 |   void topic_callback(const tutorial_interfaces::msg[01;31m[K::[m[KNum::SharedPtr msg) const
[2.794s]       |                                                     [01;31m[K^~[m[K
[2.794s] [01m[K/home/devuser/AOX/ros_ws/cpp_pubsub/src/subscriber_member_function.cpp:32:53:[m[K [01;31m[Kerror: [m[Kexpected â€˜[01m[K)[m[Kâ€™ before â€˜[01m[K::[m[Kâ€™ token
[2.794s]    32 |   void topic_callback[34m[K([m[Kconst tutorial_interfaces::msg[01;31m[K:[m[K[32m[K:[m[KNum::SharedPtr msg) const
[2.794s]       |                      [34m[K~[m[K                              [01;31m[K^[m[K[32m[K~[m[K
[2.794s]       |                                                     [32m[K)[m[K
[2.794s] [01m[K/home/devuser/AOX/ros_ws/cpp_pubsub/src/subscriber_member_function.cpp:32:50:[m[K [01;31m[Kerror: [m[Kexpected â€˜[01m[K;[m[Kâ€™ at end of member declaration
[2.794s]    32 |   void topic_callback(const tutorial_interfaces::[01;31m[Kmsg[m[K::Num::SharedPtr msg) const
[2.794s]       |                                                  [01;31m[K^~~[m[K
[2.794s]       |                                                     [32m[K;[m[K
[2.795s] [01m[K/home/devuser/AOX/ros_ws/cpp_pubsub/src/subscriber_member_function.cpp:32:55:[m[K [01;31m[Kerror: [m[Kâ€˜[01m[KNum[m[Kâ€™ in namespace â€˜[01m[K::[m[Kâ€™ does not name a type
[2.795s]    32 |   void topic_callback(const tutorial_interfaces::msg::[01;31m[KNum[m[K::SharedPtr msg) const
[2.795s]       |                                                       [01;31m[K^~~[m[K
[2.797s] [01m[K/home/devuser/AOX/ros_ws/cpp_pubsub/src/publisher_member_function.cpp:32:41:[m[K [01;31m[Kerror: [m[Kâ€˜[01m[Ktutorial_interfaces[m[Kâ€™ was not declared in this scope; did you mean â€˜[01m[Krcl_interfaces[m[Kâ€™?
[2.797s]    32 |     publisher_ = this->create_publisher<[01;31m[Ktutorial_interfaces[m[K::msg::Num>("topic", 10);
[2.797s]       |                                         [01;31m[K^~~~~~~~~~~~~~~~~~~[m[K
[2.798s]       |                                         [32m[Krcl_interfaces[m[K
[2.798s] [01m[K/home/devuser/AOX/ros_ws/cpp_pubsub/src/publisher_member_function.cpp:32:24:[m[K [01;31m[Kerror: [m[Kparse error in template argument list
[2.798s]    32 |     publisher_ = this->[01;31m[Kcreate_publisher<tutorial_interfaces::msg::Num>[m[K("topic", 10);
[2.798s]       |                        [01;31m[K^~~~~~~~~~~~~~~~~~~~~~~~~~~~~~~~~~~~~~~~~~~~~~~[m[K
[2.798s] [01m[K/home/devuser/AOX/ros_ws/cpp_pubsub/src/publisher_member_function.cpp:32:71:[m[K [01;31m[Kerror: [m[Kno matching function for call to â€˜[01m[KMinimalPublisher::create_publisher<<expression error> >(const char [6], int)[m[Kâ€™
[2.798s]    32 |     publisher_ = [01;31m[Kthis->create_publisher<tutorial_interfaces::msg::Num>("topic", 10)[m[K;
[2.798s]       |                  [01;31m[K~~~~~~~~~~~~~~~~~~~~~~~~~~~~~~~~~~~~~~~~~~~~~~~~~~~~~^~~~~~~~~~~~~[m[K
[2.798s] In file included from [01m[K/opt/ros/humble/include/rclcpp/rclcpp/executors/single_threaded_executor.hpp:28[m[K,
[2.798s]                  from [01m[K/opt/ros/humble/include/rclcpp/rclcpp/executors.hpp:22[m[K,
[2.798s]                  from [01m[K/opt/ros/humble/include/rclcpp/rclcpp/rclcpp.hpp:155[m[K,
[2.798s]                  from [01m[K/home/devuser/AOX/ros_ws/cpp_pubsub/src/publisher_member_function.cpp:18[m[K:
[2.798s] [01m[K/opt/ros/humble/include/rclcpp/rclcpp/node.hpp:195:3:[m[K [01;36m[Knote: [m[Kcandidate: â€˜[01m[Ktemplate<class MessageT, class AllocatorT, class PublisherT> std::shared_ptr<PublisherT> rclcpp::Node::create_publisher(const string&, const rclcpp::QoS&, const rclcpp::PublisherOptionsWithAllocator<AllocatorT>&)[m[Kâ€™
[2.798s]   195 |   [01;36m[Kcreate_publisher[m[K(
[2.798s]       |   [01;36m[K^~~~~~~~~~~~~~~~[m[K
[2.799s] [01m[K/opt/ros/humble/include/rclcpp/rclcpp/node.hpp:195:3:[m[K [01;36m[Knote: [m[K  template argument deduction/substitution failed:
[2.799s] [01m[K/home/devuser/AOX/ros_ws/cpp_pubsub/src/publisher_member_function.cpp:32:71:[m[K [01;31m[Kerror: [m[Ktemplate argument 1 is invalid
[2.799s]    32 |     publisher_ = [01;31m[Kthis->create_publisher<tutorial_interfaces::msg::Num>("topic", 10)[m[K;
[2.799s]       |                  [01;31m[K~~~~~~~~~~~~~~~~~~~~~~~~~~~~~~~~~~~~~~~~~~~~~~~~~~~~~^~~~~~~~~~~~~[m[K
[2.802s] [01m[K/home/devuser/AOX/ros_ws/cpp_pubsub/src/subscriber_member_function.cpp:36:24:[m[K [01;31m[Kerror: [m[Kâ€˜[01m[Ktutorial_interfaces[m[Kâ€™ was not declared in this scope; did you mean â€˜[01m[Krcl_interfaces[m[Kâ€™?
[2.802s]    36 |   rclcpp::Subscription<[01;31m[Ktutorial_interfaces[m[K::msg::Num>::SharedPtr subscription_;
[2.802s]       |                        [01;31m[K^~~~~~~~~~~~~~~~~~~[m[K
[2.802s]       |                        [32m[Krcl_interfaces[m[K
[2.802s] [01m[K/home/devuser/AOX/ros_ws/cpp_pubsub/src/subscriber_member_function.cpp:36:53:[m[K [01;31m[Kerror: [m[Ktemplate argument 1 is invalid
[2.802s]    36 |   rclcpp::Subscription<tutorial_interfaces::msg::Num[01;31m[K>[m[K::SharedPtr subscription_;
[2.802s]       |                                                     [01;31m[K^[m[K
[2.802s] [01m[K/home/devuser/AOX/ros_ws/cpp_pubsub/src/subscriber_member_function.cpp:36:53:[m[K [01;31m[Kerror: [m[Ktemplate argument 3 is invalid
[2.802s] [01m[K/home/devuser/AOX/ros_ws/cpp_pubsub/src/subscriber_member_function.cpp:36:53:[m[K [01;31m[Kerror: [m[Ktemplate argument 4 is invalid
[2.802s] [01m[K/home/devuser/AOX/ros_ws/cpp_pubsub/src/subscriber_member_function.cpp:36:53:[m[K [01;31m[Kerror: [m[Ktemplate argument 5 is invalid
[2.802s] [01m[K/home/devuser/AOX/ros_ws/cpp_pubsub/src/subscriber_member_function.cpp:36:56:[m[K [01;31m[Kerror: [m[Kexpected â€˜[01m[K;[m[Kâ€™ at end of member declaration
[2.802s]    36 |   rclcpp::Subscription<tutorial_interfaces::msg::Num>::[01;31m[KSharedPtr[m[K subscription_;
[2.803s]       |                                                        [01;31m[K^~~~~~~~~[m[K
[2.803s]       |                                                                 [32m[K;[m[K
[2.803s] [01m[K/home/devuser/AOX/ros_ws/cpp_pubsub/src/subscriber_member_function.cpp:36:66:[m[K [01;31m[Kerror: [m[Kâ€˜[01m[Ksubscription_[m[Kâ€™ does not name a type; did you mean â€˜[01m[Krmw_subscription_t[m[Kâ€™?
[2.803s]    36 |   rclcpp::Subscription<tutorial_interfaces::msg::Num>::SharedPtr [01;31m[Ksubscription_[m[K;
[2.803s]       |                                                                  [01;31m[K^~~~~~~~~~~~~[m[K
[2.803s]       |                                                                  [32m[Krmw_subscription_t[m[K
[2.806s] [01m[K/home/devuser/AOX/ros_ws/cpp_pubsub/src/publisher_member_function.cpp:[m[K In member function â€˜[01m[Kvoid MinimalPublisher::timer_callback()[m[Kâ€™:
[2.806s] [01m[K/home/devuser/AOX/ros_ws/cpp_pubsub/src/publisher_member_function.cpp:40:20:[m[K [01;31m[Kerror: [m[Kâ€˜[01m[Ktutorial_interfaces[m[Kâ€™ has not been declared
[2.806s]    40 |     auto message = [01;31m[Ktutorial_interfaces[m[K::msg::Num(); // CHANGE
[2.806s]       |                    [01;31m[K^~~~~~~~~~~~~~~~~~~[m[K
[2.809s] [01m[K/home/devuser/AOX/ros_ws/cpp_pubsub/src/subscriber_member_function.cpp:[m[K In constructor â€˜[01m[KMinimalSubscriber::MinimalSubscriber()[m[Kâ€™:
[2.809s] [01m[K/home/devuser/AOX/ros_ws/cpp_pubsub/src/subscriber_member_function.cpp:27:5:[m[K [01;31m[Kerror: [m[Kâ€˜[01m[Ksubscription_[m[Kâ€™ was not declared in this scope; did you mean â€˜[01m[Krmw_subscription_t[m[Kâ€™?
[2.809s]    27 |     [01;31m[Ksubscription_[m[K = this->create_subscription<tutorial_interfaces::msg::Num>(
[2.809s]       |     [01;31m[K^~~~~~~~~~~~~[m[K
[2.809s]       |     [32m[Krmw_subscription_t[m[K
[2.812s] [01m[K/home/devuser/AOX/ros_ws/cpp_pubsub/src/publisher_member_function.cpp:43:5:[m[K [01;31m[Kerror: [m[Kâ€˜[01m[Kpublisher_[m[Kâ€™ was not declared in this scope; did you mean â€˜[01m[Krmw_publisher_t[m[Kâ€™?
[2.812s]    43 |     [01;31m[Kpublisher_[m[K->publish(message);
[2.812s]       |     [01;31m[K^~~~~~~~~~[m[K
[2.812s]       |     [32m[Krmw_publisher_t[m[K
[2.818s] [01m[K/home/devuser/AOX/ros_ws/cpp_pubsub/src/subscriber_member_function.cpp:27:47:[m[K [01;31m[Kerror: [m[Kâ€˜[01m[Ktutorial_interfaces[m[Kâ€™ was not declared in this scope; did you mean â€˜[01m[Krcl_interfaces[m[Kâ€™?
[2.818s]    27 |     subscription_ = this->create_subscription<[01;31m[Ktutorial_interfaces[m[K::msg::Num>(
[2.818s]       |                                               [01;31m[K^~~~~~~~~~~~~~~~~~~[m[K
[2.818s]       |                                               [32m[Krcl_interfaces[m[K
[2.818s] [01m[K/home/devuser/AOX/ros_ws/cpp_pubsub/src/subscriber_member_function.cpp:27:27:[m[K [01;31m[Kerror: [m[Kparse error in template argument list
[2.818s]    27 |     subscription_ = this->[01;31m[Kcreate_subscription<tutorial_interfaces::msg::Num>[m[K(
[2.818s]       |                           [01;31m[K^~~~~~~~~~~~~~~~~~~~~~~~~~~~~~~~~~~~~~~~~~~~~~~~~~[m[K
[2.823s] [01m[K/home/devuser/AOX/ros_ws/cpp_pubsub/src/subscriber_member_function.cpp:27:77:[m[K [01;31m[Kerror: [m[Kno matching function for call to â€˜[01m[KMinimalSubscriber::create_subscription<<expression error> >(const char [6], int, std::_Bind_helper<false, void (MinimalSubscriber::*)(...), MinimalSubscriber*, const std::_Placeholder<1>&>::type)[m[Kâ€™
[2.823s]    27 |     subscription_ = [01;31m[Kthis->create_subscription<tutorial_interfaces::msg::Num>([m[K
[2.823s]       |                     [01;31m[K~~~~~~~~~~~~~~~~~~~~~~~~~~~~~~~~~~~~~~~~~~~~~~~~~~~~~~~~^[m[K
[2.823s]    28 | [01;31m[K        "topic", 10, std::bind(&MinimalSubscriber::topic_callback, this, _1))[m[K;
[2.823s]       |         [01;31m[K~~~~~~~~~~~~~~~~~~~~~~~~~~~~~~~~~~~~~~~~~~~~~~~~~~~~~~~~~~~~~~~~~~~~~[m[K
[2.823s] In file included from [01m[K/opt/ros/humble/include/rclcpp/rclcpp/executors/single_threaded_executor.hpp:28[m[K,
[2.823s]                  from [01m[K/opt/ros/humble/include/rclcpp/rclcpp/executors.hpp:22[m[K,
[2.823s]                  from [01m[K/opt/ros/humble/include/rclcpp/rclcpp/rclcpp.hpp:155[m[K,
[2.823s]                  from [01m[K/home/devuser/AOX/ros_ws/cpp_pubsub/src/subscriber_member_function.cpp:17[m[K:
[2.823s] [01m[K/opt/ros/humble/include/rclcpp/rclcpp/node.hpp:219:3:[m[K [01;36m[Knote: [m[Kcandidate: â€˜[01m[Ktemplate<class MessageT, class CallbackT, class AllocatorT, class SubscriptionT, class MessageMemoryStrategyT> std::shared_ptr<ROSMessageT> rclcpp::Node::create_subscription(const string&, const rclcpp::QoS&, CallbackT&&, const rclcpp::SubscriptionOptionsWithAllocator<AllocatorT>&, typename MessageMemoryStrategyT::SharedPtr)[m[Kâ€™
[2.823s]   219 |   [01;36m[Kcreate_subscription[m[K(
[2.823s]       |   [01;36m[K^~~~~~~~~~~~~~~~~~~[m[K
[2.824s] [01m[K/opt/ros/humble/include/rclcpp/rclcpp/node.hpp:219:3:[m[K [01;36m[Knote: [m[K  template argument deduction/substitution failed:
[2.824s] [01m[K/home/devuser/AOX/ros_ws/cpp_pubsub/src/subscriber_member_function.cpp:27:77:[m[K [01;31m[Kerror: [m[Ktemplate argument 1 is invalid
[2.824s]    27 |     subscription_ = [01;31m[Kthis->create_subscription<tutorial_interfaces::msg::Num>([m[K
[2.824s]       |                     [01;31m[K~~~~~~~~~~~~~~~~~~~~~~~~~~~~~~~~~~~~~~~~~~~~~~~~~~~~~~~~^[m[K
[2.824s]    28 | [01;31m[K        "topic", 10, std::bind(&MinimalSubscriber::topic_callback, this, _1))[m[K;
[2.824s]       |         [01;31m[K~~~~~~~~~~~~~~~~~~~~~~~~~~~~~~~~~~~~~~~~~~~~~~~~~~~~~~~~~~~~~~~~~~~~~[m[K
[3.165s] gmake[2]: *** [CMakeFiles/listener.dir/build.make:76: CMakeFiles/listener.dir/src/subscriber_member_function.cpp.o] Error 1
[3.165s] gmake[1]: *** [CMakeFiles/Makefile2:165: CMakeFiles/listener.dir/all] Error 2
[3.165s] gmake[1]: *** Waiting for unfinished jobs....
[3.181s] gmake[2]: *** [CMakeFiles/talker.dir/build.make:76: CMakeFiles/talker.dir/src/publisher_member_function.cpp.o] Error 1
[3.181s] gmake[1]: *** [CMakeFiles/Makefile2:139: CMakeFiles/talker.dir/all] Error 2
[3.181s] gmake: *** [Makefile:146: all] Error 2
[3.183s] Invoked command in '/home/devuser/AOX/ros_ws/cpp_pubsub/build/cpp_pubsub' returned '2': CMAKE_PREFIX_PATH=${CMAKE_PREFIX_PATH}:/opt/ros/humble /usr/bin/cmake --build /home/devuser/AOX/ros_ws/cpp_pubsub/build/cpp_pubsub -- -j8 -l8
