[0.015s] Invoking command in '/home/devuser/ros2_ws/build/cpp_pubsub': CMAKE_PREFIX_PATH=/home/devuser/ros2_ws/install/tutorial_interfaces:/home/devuser/ros2_ws/install/cpp_srvcli:/home/devuser/ros2_ws/install/cpp_pubsub:/home/devuser/ros2_ws/install/my_robot_controller:/home/devuser/ros2_ws/install/more_interfaces:/opt/ros/humble /usr/bin/cmake --build /home/devuser/ros2_ws/build/cpp_pubsub -- -j8 -l8
[0.056s] [35m[1mConsolidate compiler generated dependencies of target talker[0m
[0.068s] [ 50%] Built target listener
[0.072s] [ 75%] [32mBuilding CXX object CMakeFiles/talker.dir/src/publisher_member_function.cpp.o[0m
[2.522s] [01m[K/home/devuser/ros2_ws/src/cpp_pubsub/src/publisher_member_function.cpp:[m[K In member function â€˜[01m[Kvoid Tester::function2()[m[Kâ€™:
[2.523s] [01m[K/home/devuser/ros2_ws/src/cpp_pubsub/src/publisher_member_function.cpp:90:34:[m[K [01;31m[Kerror: [m[Kexpected â€˜[01m[K;[m[Kâ€™ before â€˜[01m[K::[m[Kâ€™ token
[2.523s]    90 |       rclcpp::Clock(RCL_ROS_TIME)[01;31m[K::[m[KSharedPtr timer1;
[2.523s]       |                                  [01;31m[K^~[m[K
[2.528s] [01m[K/home/devuser/ros2_ws/src/cpp_pubsub/src/publisher_member_function.cpp:92:7:[m[K [01;31m[Kerror: [m[Kâ€˜[01m[Ktimer1[m[Kâ€™ was not declared in this scope; did you mean â€˜[01m[Ktimex[m[Kâ€™?
[2.528s]    92 |       [01;31m[Ktimer1[m[K.now();
[2.528s]       |       [01;31m[K^~~~~~[m[K
[2.528s]       |       [32m[Ktimex[m[K
[3.435s] gmake[2]: *** [CMakeFiles/talker.dir/build.make:76: CMakeFiles/talker.dir/src/publisher_member_function.cpp.o] Error 1
[3.435s] gmake[1]: *** [CMakeFiles/Makefile2:139: CMakeFiles/talker.dir/all] Error 2
[3.435s] gmake: *** [Makefile:146: all] Error 2
[3.438s] Invoked command in '/home/devuser/ros2_ws/build/cpp_pubsub' returned '2': CMAKE_PREFIX_PATH=/home/devuser/ros2_ws/install/tutorial_interfaces:/home/devuser/ros2_ws/install/cpp_srvcli:/home/devuser/ros2_ws/install/cpp_pubsub:/home/devuser/ros2_ws/install/my_robot_controller:/home/devuser/ros2_ws/install/more_interfaces:/opt/ros/humble /usr/bin/cmake --build /home/devuser/ros2_ws/build/cpp_pubsub -- -j8 -l8
