[0.016s] Invoking command in '/home/devuser/AOX/ros_ws/cpp_pubsub/build/cpp_pubsub': CMAKE_PREFIX_PATH=${CMAKE_PREFIX_PATH}:/opt/ros/humble /usr/bin/cmake --build /home/devuser/AOX/ros_ws/cpp_pubsub/build/cpp_pubsub -- -j8 -l8
[0.047s] [35m[1mConsolidate compiler generated dependencies of target watchdog[0m
[0.057s] [ 66%] Built target listener
[0.057s] [ 66%] Built target talker
[0.066s] [ 83%] [32mBuilding CXX object CMakeFiles/watchdog.dir/src/watchdog.cpp.o[0m
[1.797s] [01m[K/home/devuser/AOX/ros_ws/cpp_pubsub/src/watchdog.cpp:[m[K In member function â€˜[01m[Kvoid WatchdogNode::checkPublisherStatus()[m[Kâ€™:
[1.797s] [01m[K/home/devuser/AOX/ros_ws/cpp_pubsub/src/watchdog.cpp:48:22:[m[K [01;31m[Kerror: [m[Kâ€˜[01m[Kargv[m[Kâ€™ was not declared in this scope
[1.797s]    48 |   request->a = atoll([01;31m[Kargv[m[K[1]);
[1.797s]       |                      [01;31m[K^~~~[m[K
[1.797s] [01m[K/home/devuser/AOX/ros_ws/cpp_pubsub/src/watchdog.cpp:51:36:[m[K [01;31m[Kerror: [m[Kunable to find numeric literal operator â€˜[01m[Koperator""s[m[Kâ€™
[1.797s]    51 |   while (!client->wait_for_service([01;31m[K1s[m[K)) {
[1.797s]       |                                    [01;31m[K^~[m[K
[1.797s] [01m[K/home/devuser/AOX/ros_ws/cpp_pubsub/src/watchdog.cpp:54:14:[m[K [01;31m[Kerror: [m[Kreturn-statement with a value, in function returning â€˜[01m[Kvoid[m[Kâ€™ [[01;31m[K]8;;https://gcc.gnu.org/onlinedocs/gcc/Warning-Options.html#index-fpermissive-fpermissive]8;;[m[K]
[1.797s]    54 |       return [01;31m[K0[m[K;
[1.797s]       |              [01;31m[K^[m[K
[1.802s] [01m[K/home/devuser/AOX/ros_ws/cpp_pubsub/src/watchdog.cpp:61:42:[m[K [01;31m[Kerror: [m[Kâ€˜[01m[Knode[m[Kâ€™ was not declared in this scope; did you mean â€˜[01m[KNode[m[Kâ€™?
[1.802s]    61 |   if (rclcpp::spin_until_future_complete([01;31m[Knode[m[K, result) ==
[1.802s]       |                                          [01;31m[K^~~~[m[K
[1.802s]       |                                          [32m[KNode[m[K
[3.583s] gmake[2]: *** [CMakeFiles/watchdog.dir/build.make:76: CMakeFiles/watchdog.dir/src/watchdog.cpp.o] Error 1
[3.583s] gmake[1]: *** [CMakeFiles/Makefile2:193: CMakeFiles/watchdog.dir/all] Error 2
[3.583s] gmake: *** [Makefile:146: all] Error 2
[3.585s] Invoked command in '/home/devuser/AOX/ros_ws/cpp_pubsub/build/cpp_pubsub' returned '2': CMAKE_PREFIX_PATH=${CMAKE_PREFIX_PATH}:/opt/ros/humble /usr/bin/cmake --build /home/devuser/AOX/ros_ws/cpp_pubsub/build/cpp_pubsub -- -j8 -l8
