[0.011s] Invoking command in '/home/devuser/AOX/ros_ws/cpp_pubsub/build/cpp_pubsub': CMAKE_PREFIX_PATH=/opt/ros/humble /usr/bin/cmake --build /home/devuser/AOX/ros_ws/cpp_pubsub/build/cpp_pubsub -- -j8 -l8
[0.040s] [35m[1mConsolidate compiler generated dependencies of target listener[0m
[0.040s] [35m[1mConsolidate compiler generated dependencies of target watchdog[0m
[0.048s] [ 33%] Built target talker
[0.051s] [ 66%] [32mBuilding CXX object CMakeFiles/listener.dir/src/subscriber_member_function.cpp.o[0m
[0.051s] [ 66%] [32mBuilding CXX object CMakeFiles/watchdog.dir/src/watchdog.cpp.o[0m
[1.660s] [01m[K/home/devuser/AOX/ros_ws/cpp_pubsub/src/watchdog.cpp:[m[K In constructor â€˜[01m[KWatchdogNode::WatchdogNode()[m[Kâ€™:
[1.660s] [01m[K/home/devuser/AOX/ros_ws/cpp_pubsub/src/watchdog.cpp:8:21:[m[K [01;31m[Kerror: [m[Kâ€˜[01m[Kcpp_pubsub[m[Kâ€™ was not declared in this scope
[1.660s]     8 |      rclcpp::Client<[01;31m[Kcpp_pubsub[m[K::srv::minimal_subscriber>::SharedPtr client_ = create_client<cpp_pubsub::srv::minimal_subscriber>("minimal_subscriber/shutdown");
[1.660s]       |                     [01;31m[K^~~~~~~~~~[m[K
[1.660s] [01m[K/home/devuser/AOX/ros_ws/cpp_pubsub/src/watchdog.cpp:8:56:[m[K [01;31m[Kerror: [m[Ktemplate argument 1 is invalid
[1.660s]     8 |      rclcpp::Client<cpp_pubsub::srv::minimal_subscriber[01;31m[K>[m[K::SharedPtr client_ = create_client<cpp_pubsub::srv::minimal_subscriber>("minimal_subscriber/shutdown");
[1.660s]       |                                                        [01;31m[K^[m[K
[1.660s] [01m[K/home/devuser/AOX/ros_ws/cpp_pubsub/src/watchdog.cpp:8:69:[m[K [01;31m[Kerror: [m[Kqualified-id in declaration before â€˜[01m[Kclient_[m[Kâ€™
[1.660s]     8 |      rclcpp::Client<cpp_pubsub::srv::minimal_subscriber>::SharedPtr [01;31m[Kclient_[m[K = create_client<cpp_pubsub::srv::minimal_subscriber>("minimal_subscriber/shutdown");
[1.660s]       |                                                                     [01;31m[K^~~~~~~[m[K
[3.378s] gmake[2]: *** [CMakeFiles/watchdog.dir/build.make:76: CMakeFiles/watchdog.dir/src/watchdog.cpp.o] Error 1
[3.378s] gmake[1]: *** [CMakeFiles/Makefile2:193: CMakeFiles/watchdog.dir/all] Error 2
[3.378s] gmake[1]: *** Waiting for unfinished jobs....
[5.860s] [ 83%] [32m[1mLinking CXX executable listener[0m
[7.275s] [ 83%] Built target listener
[7.276s] gmake: *** [Makefile:146: all] Error 2
[7.277s] Invoked command in '/home/devuser/AOX/ros_ws/cpp_pubsub/build/cpp_pubsub' returned '2': CMAKE_PREFIX_PATH=/opt/ros/humble /usr/bin/cmake --build /home/devuser/AOX/ros_ws/cpp_pubsub/build/cpp_pubsub -- -j8 -l8
